2025-05-30 03:10:32.543 [info] Reading sessions from keychain...
2025-05-30 03:10:32.543 [info] Getting sessions for all scopes...
2025-05-30 03:10:32.543 [info] Getting sessions for all scopes...
2025-05-30 03:10:32.543 [info] Got stored sessions!
2025-05-30 03:10:32.543 [info] Got 1 verified sessions.
2025-05-30 03:10:32.543 [info] Got 1 sessions for ...
2025-05-30 03:10:32.543 [info] Got 1 sessions for ...
2025-05-30 03:10:32.913 [info] Getting sessions for read:user,repo,user:email,workflow...
2025-05-30 03:10:32.914 [info] Got 1 sessions for read:user,repo,user:email,workflow...
2025-05-30 03:10:34.672 [info] Getting sessions for read:user,repo,user:email,workflow...
2025-05-30 03:10:34.672 [info] Got 1 sessions for read:user,repo,user:email,workflow...
2025-05-30 03:12:14.535 [info] Getting sessions for read:user,repo,user:email,workflow...
2025-05-30 03:12:14.535 [info] Got 1 sessions for read:user,repo,user:email,workflow...
2025-05-30 03:12:16.233 [info] Getting sessions for read:user,repo,user:email,workflow...
2025-05-30 03:12:16.233 [info] Got 1 sessions for read:user,repo,user:email,workflow...
2025-05-30 03:12:23.610 [info] Getting sessions for read:user,repo,user:email,workflow...
2025-05-30 03:12:23.611 [info] Got 1 sessions for read:user,repo,user:email,workflow...
2025-05-30 03:13:25.636 [info] Getting sessions for read:user,repo,user:email,workflow...
2025-05-30 03:13:25.636 [info] Got 1 sessions for read:user,repo,user:email,workflow...
2025-05-30 03:14:06.903 [info] Getting sessions for read:user,repo,user:email,workflow...
2025-05-30 03:14:06.903 [info] Got 1 sessions for read:user,repo,user:email,workflow...
