2025-05-30 02:16:03.548 [info] Reading sessions from keychain...
2025-05-30 02:16:03.548 [info] Getting sessions for all scopes...
2025-05-30 02:16:03.548 [info] Getting sessions for all scopes...
2025-05-30 02:16:03.548 [info] Got stored sessions!
2025-05-30 02:16:03.548 [info] Got 1 verified sessions.
2025-05-30 02:16:03.548 [info] Got 1 sessions for ...
2025-05-30 02:16:03.548 [info] Got 1 sessions for ...
2025-05-30 02:16:03.913 [info] Getting sessions for read:user,repo,user:email,workflow...
2025-05-30 02:16:03.914 [info] Got 1 sessions for read:user,repo,user:email,workflow...
2025-05-30 02:16:05.727 [info] Getting sessions for read:user,repo,user:email,workflow...
2025-05-30 02:16:05.727 [info] Got 1 sessions for read:user,repo,user:email,workflow...
2025-05-30 02:54:28.413 [info] Reading sessions from keychain...
2025-05-30 02:54:28.413 [info] Getting sessions for all scopes...
2025-05-30 02:54:28.413 [info] Getting sessions for all scopes...
2025-05-30 02:54:28.413 [info] Got stored sessions!
2025-05-30 02:54:28.413 [info] Got 1 verified sessions.
2025-05-30 02:54:28.413 [info] Got 1 sessions for ...
2025-05-30 02:54:28.413 [info] Got 1 sessions for ...
2025-05-30 02:54:28.791 [info] Getting sessions for read:user,repo,user:email,workflow...
2025-05-30 02:54:28.791 [info] Got 1 sessions for read:user,repo,user:email,workflow...
2025-05-30 02:54:30.560 [info] Getting sessions for read:user,repo,user:email,workflow...
2025-05-30 02:54:30.560 [info] Got 1 sessions for read:user,repo,user:email,workflow...
