2025-05-30 00:24:14.254 [info] [main] Log level: Info
2025-05-30 00:24:14.254 [info] [main] Validating found git in: "git"
2025-05-30 00:24:14.254 [info] [main] Using git "2.34.1" from "git"
2025-05-30 00:24:14.254 [info] [Model][doInitialScan] Initial repository scan started
2025-05-30 00:24:14.254 [info] > git rev-parse --show-toplevel [2ms]
2025-05-30 00:24:14.254 [info] > git rev-parse --git-dir --git-common-dir [1ms]
2025-05-30 00:24:14.254 [info] [Model][openRepository] Opened repository (path): /home/ubuntu
2025-05-30 00:24:14.254 [info] [Model][openRepository] Opened repository (real path): /home/ubuntu
2025-05-30 00:24:14.254 [info] > git config --get commit.template [3ms]
2025-05-30 00:24:14.255 [info] > git rev-parse --show-toplevel [2ms]
2025-05-30 00:24:14.255 [info] > git for-each-ref --format=%(refname)%00%(upstream:short)%00%(objectname)%00%(upstream:track)%00%(upstream:remotename)%00%(upstream:remoteref) refs/heads/main refs/remotes/main [4ms]
2025-05-30 00:24:14.255 [info] > git rev-parse --show-toplevel [1ms]
2025-05-30 00:24:14.255 [info] > git rev-parse --show-toplevel [6ms]
2025-05-30 00:24:14.255 [info] > git for-each-ref --sort -committerdate --format %(refname)%00%(objectname)%00%(*objectname) [7ms]
2025-05-30 00:24:14.255 [info] > git rev-parse --show-toplevel [2ms]
2025-05-30 00:24:14.255 [info] > git rev-parse --show-toplevel [1ms]
2025-05-30 00:24:14.255 [info] > git rev-parse --show-toplevel [1ms]
2025-05-30 00:24:14.255 [info] > git rev-parse --show-toplevel [1ms]
2025-05-30 00:24:14.255 [info] > git rev-parse --show-toplevel [1ms]
2025-05-30 00:24:14.255 [info] > git rev-parse --show-toplevel [1ms]
2025-05-30 00:24:14.255 [info] > git rev-parse --show-toplevel [1ms]
2025-05-30 00:24:14.255 [info] > git rev-parse --show-toplevel [1ms]
2025-05-30 00:24:14.255 [info] > git status -z -uall [41ms]
2025-05-30 00:24:14.255 [info] > git for-each-ref --format=%(refname)%00%(upstream:short)%00%(objectname)%00%(upstream:track)%00%(upstream:remotename)%00%(upstream:remoteref) refs/heads/main refs/remotes/main [5ms]
2025-05-30 00:24:14.255 [info] > git rev-parse --show-toplevel [35ms]
2025-05-30 00:24:14.255 [info] > git config --get commit.template [5ms]
2025-05-30 00:24:14.255 [info] > git rev-parse --show-toplevel [33ms]
2025-05-30 00:24:14.255 [info] > git config --get --local branch.main.vscode-merge-base [35ms]
2025-05-30 00:24:14.255 [warning] [Git][config] git config failed: Failed to execute git
2025-05-30 00:24:14.255 [info] > git rev-parse --show-toplevel [2ms]
2025-05-30 00:24:14.255 [info] > git for-each-ref --format=%(refname)%00%(upstream:short)%00%(objectname)%00%(upstream:track)%00%(upstream:remotename)%00%(upstream:remoteref) refs/heads/main refs/remotes/main [5ms]
2025-05-30 00:24:14.255 [info] > git reflog main --grep-reflog=branch: Created from *. [8ms]
2025-05-30 00:24:14.255 [info] > git rev-parse --show-toplevel [1ms]
2025-05-30 00:24:14.255 [info] > git symbolic-ref --short refs/remotes/origin/HEAD [3ms]
2025-05-30 00:24:14.255 [info] fatal: ref refs/remotes/origin/HEAD is not a symbolic ref
2025-05-30 00:24:14.255 [warning] [Repository][getDefaultBranch] Failed to get default branch details: Failed to execute git.
2025-05-30 00:24:14.255 [info] > git merge-base refs/heads/main refs/remotes/origin/main [8ms]
2025-05-30 00:24:14.255 [info] > git for-each-ref --sort -committerdate --format %(refname)%00%(objectname)%00%(*objectname) [7ms]
2025-05-30 00:24:14.255 [info] > git rev-parse --show-toplevel [11ms]
2025-05-30 00:24:14.255 [info] [Model][doInitialScan] Initial repository scan completed - repositories (1), closed repositories (0), parent repositories (0), unsafe repositories (0)
2025-05-30 00:24:14.255 [info] > git diff --name-status -z --diff-filter=ADMR 0c00ee7206f1a219b9613102d1b3f152799669e0...refs/remotes/origin/main [6ms]
2025-05-30 00:24:14.255 [info] > git status -z -uall [37ms]
2025-05-30 00:24:14.846 [info] > git check-ignore -v -z --stdin [6ms]
2025-05-30 00:24:15.524 [info] > git show --textconv :bank_report_ocr_backend/src/templates/index.html [3ms]
2025-05-30 00:24:15.525 [info] > git ls-files --stage -- bank_report_ocr_backend/src/templates/index.html [2ms]
2025-05-30 00:24:15.529 [info] > git cat-file -s 6f81e6df2fef919f4de2fbacb7828b165fbabb40 [1ms]
2025-05-30 00:24:16.390 [info] > git blame --root --incremental 0c00ee7206f1a219b9613102d1b3f152799669e0 -- bank_report_ocr_backend/src/templates/index.html [3ms]
2025-05-30 00:25:25.034 [info] > git config --get commit.template [4ms]
2025-05-30 00:25:25.034 [info] > git for-each-ref --format=%(refname)%00%(upstream:short)%00%(objectname)%00%(upstream:track)%00%(upstream:remotename)%00%(upstream:remoteref) refs/heads/main refs/remotes/main [2ms]
2025-05-30 00:25:25.041 [info] > git for-each-ref --sort -committerdate --format %(refname)%00%(objectname)%00%(*objectname) [1ms]
2025-05-30 00:25:25.076 [info] > git status -z -uall [39ms]
2025-05-30 00:25:25.146 [info] > git fetch [121ms]
2025-05-30 00:25:25.153 [info] > git config --get commit.template [3ms]
2025-05-30 00:25:25.154 [info] > git for-each-ref --format=%(refname)%00%(upstream:short)%00%(objectname)%00%(upstream:track)%00%(upstream:remotename)%00%(upstream:remoteref) refs/heads/main refs/remotes/main [1ms]
2025-05-30 00:25:25.161 [info] > git for-each-ref --sort -committerdate --format %(refname)%00%(objectname)%00%(*objectname) [2ms]
2025-05-30 00:25:25.195 [info] > git status -z -uall [39ms]
2025-05-30 00:25:27.192 [info] > git ls-files --stage -- bank_report_ocr_backend/src/templates/index.html [3ms]
2025-05-30 00:25:27.196 [info] > git cat-file -s 6f81e6df2fef919f4de2fbacb7828b165fbabb40 [1ms]
2025-05-30 00:25:27.569 [info] > git show --textconv :bank_report_ocr_backend/src/templates/index.html [3ms]
2025-05-30 00:25:30.089 [info] > git config --get commit.template [3ms]
2025-05-30 00:25:30.090 [info] > git for-each-ref --format=%(refname)%00%(upstream:short)%00%(objectname)%00%(upstream:track)%00%(upstream:remotename)%00%(upstream:remoteref) refs/heads/main refs/remotes/main [2ms]
2025-05-30 00:25:30.096 [info] > git for-each-ref --sort -committerdate --format %(refname)%00%(objectname)%00%(*objectname) [1ms]
2025-05-30 00:25:30.129 [info] > git status -z -uall [36ms]
2025-05-30 00:26:13.903 [info] > git ls-files --stage -- bank_report_ocr_backend/src/templates/index.html [3ms]
2025-05-30 00:26:13.907 [info] > git cat-file -s 6f81e6df2fef919f4de2fbacb7828b165fbabb40 [1ms]
2025-05-30 00:26:14.281 [info] > git show --textconv :bank_report_ocr_backend/src/templates/index.html [4ms]
2025-05-30 00:26:46.437 [info] > git config --get commit.template [4ms]
2025-05-30 00:26:46.437 [info] > git for-each-ref --format=%(refname)%00%(upstream:short)%00%(objectname)%00%(upstream:track)%00%(upstream:remotename)%00%(upstream:remoteref) refs/heads/main refs/remotes/main [2ms]
2025-05-30 00:26:46.444 [info] > git for-each-ref --sort -committerdate --format %(refname)%00%(objectname)%00%(*objectname) [1ms]
2025-05-30 00:26:46.477 [info] > git status -z -uall [37ms]
2025-05-30 00:26:51.490 [info] > git config --get commit.template [3ms]
2025-05-30 00:26:51.491 [info] > git for-each-ref --format=%(refname)%00%(upstream:short)%00%(objectname)%00%(upstream:track)%00%(upstream:remotename)%00%(upstream:remoteref) refs/heads/main refs/remotes/main [1ms]
2025-05-30 00:26:51.497 [info] > git for-each-ref --sort -committerdate --format %(refname)%00%(objectname)%00%(*objectname) [1ms]
2025-05-30 00:26:51.531 [info] > git status -z -uall [36ms]
