2025-05-27 04:39:46.392 [info] Extension host with pid 31324 started
2025-05-27 04:39:46.392 [error] Error: EEXIST: file already exists, open '/home/ubuntu/.local/share/code-server/User/workspaceStorage/55104b82/vscode.lock'
2025-05-27 04:39:46.392 [info] Lock '/home/ubuntu/.local/share/code-server/User/workspaceStorage/55104b82/vscode.lock': Could not acquire lock, checking if the file is stale.
2025-05-27 04:39:46.395 [info] Lock '/home/ubuntu/.local/share/code-server/User/workspaceStorage/55104b82/vscode.lock': The lock does not look stale, elapsed: 169 ms, giving up.
2025-05-27 04:39:46.400 [error] Error: EEXIST: file already exists, open '/home/ubuntu/.local/share/code-server/User/workspaceStorage/55104b82-1/vscode.lock'
2025-05-27 04:39:46.400 [info] Lock '/home/ubuntu/.local/share/code-server/User/workspaceStorage/55104b82-1/vscode.lock': Could not acquire lock, checking if the file is stale.
2025-05-27 04:39:46.401 [info] Lock '/home/ubuntu/.local/share/code-server/User/workspaceStorage/55104b82-1/vscode.lock': The lock does not look stale, elapsed: 6 ms, giving up.
2025-05-27 04:39:46.403 [info] Lock '/home/ubuntu/.local/share/code-server/User/workspaceStorage/55104b82-2/vscode.lock': Lock acquired.
2025-05-27 04:39:46.812 [info] ExtensionService#_doActivateExtension vscode.git-base, startup: true, activationEvent: '*', root cause: vscode.git
2025-05-27 04:39:47.112 [info] ExtensionService#_doActivateExtension vscode.git, startup: true, activationEvent: '*'
2025-05-27 04:39:47.112 [info] ExtensionService#_doActivateExtension vscode.github, startup: true, activationEvent: '*'
2025-05-27 04:39:47.550 [info] Eager extensions activated
2025-05-27 04:39:47.551 [info] ExtensionService#_doActivateExtension vscode.debug-auto-launch, startup: false, activationEvent: 'onStartupFinished'
2025-05-27 04:39:47.551 [info] ExtensionService#_doActivateExtension vscode.merge-conflict, startup: false, activationEvent: 'onStartupFinished'
2025-05-27 04:39:47.939 [info] ExtensionService#_doActivateExtension vscode.emmet, startup: false, activationEvent: 'onLanguage'
2025-05-27 04:39:48.198 [info] ExtensionService#_doActivateExtension vscode.github-authentication, startup: false, activationEvent: 'onAuthenticationRequest:github'
2025-05-27 04:40:58.701 [info] ExtensionService#_doActivateExtension vscode.npm, startup: false, activationEvent: 'onTerminalQuickFixRequest:ms-vscode.npm-command'
2025-05-27 04:41:05.867 [info] ExtensionService#_doActivateExtension vscode.configuration-editing, startup: false, activationEvent: 'onLanguage:json'
2025-05-27 04:41:05.868 [info] ExtensionService#_doActivateExtension vscode.extension-editing, startup: false, activationEvent: 'onLanguage:json'
2025-05-27 04:41:05.868 [info] ExtensionService#_doActivateExtension vscode.json-language-features, startup: false, activationEvent: 'onLanguage:json'
2025-05-27 05:08:04.686 [error] Error: read ETIMEDOUT
	at TCP.onStreamRead (node:internal/stream_base_commons:218:20)
2025-05-27 05:16:36.503 [info] Extension host terminating: renderer disconnected for too long (2)
2025-05-27 05:16:36.504 [info] Lock '/home/ubuntu/.local/share/code-server/User/workspaceStorage/55104b82-2/vscode.lock': Marking the lockfile as scheduled to be released in 6000 ms.
2025-05-27 05:16:36.547 [error] ProxyResolver#resolveProxy undefined Canceled: Canceled
	at al (file:///usr/lib/code-server/lib/vscode/out/vs/workbench/api/node/extensionHostProcess.js:7:1218)
	at file:///usr/lib/code-server/lib/vscode/out/vs/workbench/api/node/extensionHostProcess.js:29:117068
	at Array.forEach (<anonymous>)
	at f5.dispose (file:///usr/lib/code-server/lib/vscode/out/vs/workbench/api/node/extensionHostProcess.js:29:117008)
	at TJ.terminate (file:///usr/lib/code-server/lib/vscode/out/vs/workbench/api/node/extensionHostProcess.js:123:10082)
	at v2.terminate (file:///usr/lib/code-server/lib/vscode/out/vs/workbench/api/node/extensionHostProcess.js:124:1434)
	at hs (file:///usr/lib/code-server/lib/vscode/out/vs/workbench/api/node/extensionHostProcess.js:225:5703)
	at mx.a (file:///usr/lib/code-server/lib/vscode/out/vs/workbench/api/node/extensionHostProcess.js:225:2614)
	at mx.h (file:///usr/lib/code-server/lib/vscode/out/vs/workbench/api/node/extensionHostProcess.js:28:75572)
	at listOnTimeout (node:internal/timers:581:17)
	at process.processTimers (node:internal/timers:519:7) 
2025-05-27 05:16:36.624 [info] Extension host with pid 31324 exiting with code 0
