2025-05-27 04:16:38.372 [info] Reading sessions from keychain...
2025-05-27 04:16:38.372 [info] Getting sessions for all scopes...
2025-05-27 04:16:38.372 [info] Getting sessions for all scopes...
2025-05-27 04:16:38.372 [info] Got stored sessions!
2025-05-27 04:16:38.372 [info] Got 1 verified sessions.
2025-05-27 04:16:38.373 [info] Got 1 sessions for ...
2025-05-27 04:16:38.373 [info] Got 1 sessions for ...
2025-05-27 04:16:38.669 [info] Getting sessions for read:user,repo,user:email,workflow...
2025-05-27 04:16:38.669 [info] Got 1 sessions for read:user,repo,user:email,workflow...
2025-05-27 04:16:40.289 [info] Getting sessions for read:user,repo,user:email,workflow...
2025-05-27 04:16:40.290 [info] Got 1 sessions for read:user,repo,user:email,workflow...
2025-05-27 04:25:18.327 [info] Getting sessions for read:user,repo,user:email,workflow...
2025-05-27 04:25:18.327 [info] Got 1 sessions for read:user,repo,user:email,workflow...
2025-05-27 04:25:19.761 [info] Getting sessions for read:user,repo,user:email,workflow...
2025-05-27 04:25:19.761 [info] Got 1 sessions for read:user,repo,user:email,workflow...
2025-05-27 04:29:51.749 [info] Getting sessions for read:user,repo,user:email,workflow...
2025-05-27 04:29:51.749 [info] Got 1 sessions for read:user,repo,user:email,workflow...
2025-05-27 04:30:48.865 [info] Getting sessions for read:user,repo,user:email,workflow...
2025-05-27 04:30:48.865 [info] Got 1 sessions for read:user,repo,user:email,workflow...
2025-05-27 04:30:53.331 [info] Getting sessions for read:user,repo,user:email,workflow...
2025-05-27 04:30:53.331 [info] Got 1 sessions for read:user,repo,user:email,workflow...
2025-05-27 04:30:56.580 [info] Getting sessions for read:user,repo,user:email,workflow...
2025-05-27 04:30:56.580 [info] Got 1 sessions for read:user,repo,user:email,workflow...
