2025-05-27 04:50:51.994 [info] [main] Log level: Info
2025-05-27 04:50:51.994 [info] [main] Validating found git in: "git"
2025-05-27 04:50:51.994 [info] [main] Using git "2.34.1" from "git"
2025-05-27 04:50:51.994 [info] [Model][doInitialScan] Initial repository scan started
2025-05-27 04:50:51.994 [info] > git rev-parse --show-toplevel [3ms]
2025-05-27 04:50:51.994 [info] > git rev-parse --git-dir --git-common-dir [1ms]
2025-05-27 04:50:51.994 [info] [Model][openRepository] Opened repository (path): /home/ubuntu
2025-05-27 04:50:51.994 [info] [Model][openRepository] Opened repository (real path): /home/ubuntu
2025-05-27 04:50:51.994 [info] > git config --get commit.template [3ms]
2025-05-27 04:50:51.994 [info] > git rev-parse --show-toplevel [2ms]
2025-05-27 04:50:51.994 [info] > git rev-parse --show-toplevel [1ms]
2025-05-27 04:50:51.994 [info] > git for-each-ref --format=%(refname)%00%(upstream:short)%00%(objectname)%00%(upstream:track)%00%(upstream:remotename)%00%(upstream:remoteref) refs/heads/main refs/remotes/main [4ms]
2025-05-27 04:50:51.994 [info] > git rev-parse --show-toplevel [6ms]
2025-05-27 04:50:51.994 [info] > git for-each-ref --sort -committerdate --format %(refname)%00%(objectname)%00%(*objectname) [3ms]
2025-05-27 04:50:51.994 [info] > git rev-parse --show-toplevel [2ms]
2025-05-27 04:50:51.994 [info] > git rev-parse --show-toplevel [1ms]
2025-05-27 04:50:51.994 [info] > git rev-parse --show-toplevel [1ms]
2025-05-27 04:50:51.994 [info] > git rev-parse --git-dir --git-common-dir [1ms]
2025-05-27 04:50:51.994 [info] [Model][openRepository] Opened repository (path): /home/ubuntu/.nvm
2025-05-27 04:50:51.994 [info] [Model][openRepository] Opened repository (real path): /home/ubuntu/.nvm
2025-05-27 04:50:51.994 [info] > git config --get commit.template [2ms]
2025-05-27 04:50:51.994 [info] > git rev-parse --show-toplevel [1ms]
2025-05-27 04:50:51.994 [info] > git status -z -uall [31ms]
2025-05-27 04:50:51.994 [info] > git for-each-ref --format %(refname)%00%(objectname)%00%(*objectname) refs/tags [3ms]
2025-05-27 04:50:51.994 [info] > git status -z -uall [26ms]
2025-05-27 04:50:51.994 [info] > git for-each-ref --format=%(refname)%00%(upstream:short)%00%(objectname)%00%(upstream:track)%00%(upstream:remotename)%00%(upstream:remoteref) refs/heads/main refs/remotes/main [4ms]
2025-05-27 04:50:51.994 [info] > git for-each-ref --sort -committerdate --format %(refname)%00%(objectname)%00%(*objectname) [27ms]
2025-05-27 04:50:51.994 [info] > git rev-parse --show-toplevel [36ms]
2025-05-27 04:50:51.994 [info] > git config --get --local branch.main.vscode-merge-base [8ms]
2025-05-27 04:50:51.994 [warning] [Git][config] git config failed: Failed to execute git
2025-05-27 04:50:51.994 [info] > git config --get commit.template [14ms]
2025-05-27 04:50:51.994 [info] > git reflog main --grep-reflog=branch: Created from *. [10ms]
2025-05-27 04:50:51.994 [info] > git rev-parse --show-toplevel [14ms]
2025-05-27 04:50:51.994 [info] > git config --get commit.template [16ms]
2025-05-27 04:50:51.994 [info] > git for-each-ref --format=%(refname)%00%(upstream:short)%00%(objectname)%00%(upstream:track)%00%(upstream:remotename)%00%(upstream:remoteref) refs/heads/main refs/remotes/main [5ms]
2025-05-27 04:50:51.994 [info] > git symbolic-ref --short refs/remotes/origin/HEAD [7ms]
2025-05-27 04:50:51.994 [info] fatal: ref refs/remotes/origin/HEAD is not a symbolic ref
2025-05-27 04:50:51.994 [warning] [Repository][getDefaultBranch] Failed to get default branch details: Failed to execute git.
2025-05-27 04:50:51.994 [info] > git for-each-ref --format %(refname)%00%(objectname)%00%(*objectname) refs/tags [4ms]
2025-05-27 04:50:51.994 [info] > git rev-parse --show-toplevel [10ms]
2025-05-27 04:50:51.994 [info] > git status -z -uall [4ms]
2025-05-27 04:50:51.994 [info] > git merge-base refs/heads/main refs/remotes/origin/main [8ms]
2025-05-27 04:50:51.994 [info] > git rev-parse --show-toplevel [4ms]
2025-05-27 04:50:51.994 [info] > git for-each-ref --sort -committerdate --format %(refname)%00%(objectname)%00%(*objectname) [6ms]
2025-05-27 04:50:51.994 [info] > git diff --name-status -z --diff-filter=ADMR ddef3aac0944912602c114f5f99c032ececcb10e...refs/remotes/origin/main [9ms]
2025-05-27 04:50:51.994 [info] > git rev-parse --show-toplevel [1ms]
2025-05-27 04:50:51.994 [info] > git for-each-ref --sort -committerdate --format %(refname)%00%(objectname)%00%(*objectname) [3ms]
2025-05-27 04:50:51.994 [info] > git rev-parse --git-dir --git-common-dir [1ms]
2025-05-27 04:50:51.994 [info] [Model][openRepository] Opened repository (path): /home/ubuntu/bank_report_web_app
2025-05-27 04:50:51.994 [info] [Model][openRepository] Opened repository (real path): /home/ubuntu/bank_report_web_app
2025-05-27 04:50:51.994 [info] > git config --get commit.template [2ms]
2025-05-27 04:50:51.994 [info] > git rev-parse --show-toplevel [3ms]
2025-05-27 04:50:51.994 [info] > git for-each-ref --format=%(refname)%00%(upstream:short)%00%(objectname)%00%(upstream:track)%00%(upstream:remotename)%00%(upstream:remoteref) refs/heads/master refs/remotes/master [2ms]
2025-05-27 04:50:51.994 [info] > git rev-parse --show-toplevel [1ms]
2025-05-27 04:50:51.994 [info] [Model][doInitialScan] Initial repository scan completed - repositories (3), closed repositories (0), parent repositories (0), unsafe repositories (0)
2025-05-27 04:50:51.994 [info] > git status -z -uall [31ms]
2025-05-27 04:50:51.994 [info] > git for-each-ref --sort -committerdate --format %(refname)%00%(objectname)%00%(*objectname) [3ms]
2025-05-27 04:50:51.994 [info] > git status -z -uall [8ms]
2025-05-27 04:50:51.994 [info] > git for-each-ref --format=%(refname)%00%(upstream:short)%00%(objectname)%00%(upstream:track)%00%(upstream:remotename)%00%(upstream:remoteref) refs/heads/master refs/remotes/master [3ms]
2025-05-27 04:50:51.994 [info] > git config --get commit.template [3ms]
2025-05-27 04:50:51.994 [info] > git config --get --local branch.master.vscode-merge-base [3ms]
2025-05-27 04:50:51.994 [warning] [Git][config] git config failed: Failed to execute git
2025-05-27 04:50:51.994 [info] > git for-each-ref --format=%(refname)%00%(upstream:short)%00%(objectname)%00%(upstream:track)%00%(upstream:remotename)%00%(upstream:remoteref) refs/heads/master refs/remotes/master [3ms]
2025-05-27 04:50:51.994 [info] > git reflog master --grep-reflog=branch: Created from *. [5ms]
2025-05-27 04:50:51.994 [info] > git for-each-ref --sort -committerdate --format %(refname)%00%(objectname)%00%(*objectname) [2ms]
2025-05-27 04:50:51.994 [info] > git symbolic-ref --short refs/remotes/origin/HEAD [1ms]
2025-05-27 04:50:51.994 [info] fatal: ref refs/remotes/origin/HEAD is not a symbolic ref
2025-05-27 04:50:51.994 [warning] [Repository][getDefaultBranch] Failed to get default branch details: Failed to execute git.
2025-05-27 04:50:51.994 [info] > git status -z -uall [7ms]
2025-05-27 04:50:51.994 [info] > git merge-base refs/heads/master refs/remotes/origin/master [5ms]
2025-05-27 04:50:51.994 [info] > git merge-base refs/heads/master refs/remotes/origin/master [3ms]
2025-05-27 04:50:51.994 [info] > git diff --name-status -z --diff-filter=ADMR 1bd37a3740f6509dcb27daf4292456a4c0dd6f20...refs/remotes/origin/master [3ms]
2025-05-27 04:50:51.994 [info] > git diff --name-status -z --diff-filter=ADMR 1bd37a3740f6509dcb27daf4292456a4c0dd6f20...refs/remotes/origin/master [1ms]
2025-05-27 04:50:52.326 [info] > git rev-parse --show-toplevel [1ms]
2025-05-27 04:50:52.545 [info] > git check-ignore -v -z --stdin [5ms]
2025-05-27 04:50:52.546 [info] > git check-ignore -v -z --stdin [4ms]
2025-05-27 04:50:52.546 [info] > git check-ignore -v -z --stdin [2ms]
2025-05-27 04:50:53.897 [info] > git show --textconv :.gitconfig [3ms]
2025-05-27 04:50:53.898 [info] > git ls-files --stage -- .gitconfig [1ms]
2025-05-27 04:50:53.901 [info] > git cat-file -s 75f8bbd981c98400c23ed1d74702794e8b696ee8 [1ms]
2025-05-27 04:51:37.168 [info] > git config --get commit.template [4ms]
2025-05-27 04:51:37.168 [info] > git for-each-ref --format=%(refname)%00%(upstream:short)%00%(objectname)%00%(upstream:track)%00%(upstream:remotename)%00%(upstream:remoteref) refs/heads/main refs/remotes/main [1ms]
2025-05-27 04:51:37.176 [info] > git for-each-ref --sort -committerdate --format %(refname)%00%(objectname)%00%(*objectname) [1ms]
2025-05-27 04:51:37.200 [info] > git status -z -uall [29ms]
2025-05-27 04:51:37.335 [info] > git log --format=%H%n%aN%n%aE%n%at%n%ct%n%P%n%D%n%B -z --shortstat --diff-merges=first-parent -n50 --skip=0 --topo-order --decorate=full --stdin [186ms]
2025-05-27 04:51:37.690 [info] > git check-ignore -v -z --stdin [1ms]
2025-05-27 04:51:42.214 [info] > git config --get commit.template [3ms]
2025-05-27 04:51:42.214 [info] > git for-each-ref --format=%(refname)%00%(upstream:short)%00%(objectname)%00%(upstream:track)%00%(upstream:remotename)%00%(upstream:remoteref) refs/heads/main refs/remotes/main [1ms]
2025-05-27 04:51:42.221 [info] > git for-each-ref --sort -committerdate --format %(refname)%00%(objectname)%00%(*objectname) [1ms]
2025-05-27 04:51:42.246 [info] > git status -z -uall [28ms]
2025-05-27 04:52:07.754 [info] > git check-ignore -v -z --stdin [1ms]
2025-05-27 04:55:08.571 [info] > git show --textconv :.env [3ms]
2025-05-27 04:55:08.572 [info] > git ls-files --stage -- .env [1ms]
2025-05-27 04:55:08.576 [info] > git cat-file -s 52a391e7d96efe3882891361acf9c0727a10a2bc [1ms]
2025-05-27 04:55:40.157 [info] > git blame --root --incremental ddef3aac0944912602c114f5f99c032ececcb10e -- .env [1ms]
2025-05-27 04:55:42.734 [info] > git log --format=%H%n%aN%n%aE%n%at%n%ct%n%P%n%D%n%B -z --shortstat --diff-merges=first-parent -n50 --skip=0 --topo-order --decorate=full --stdin [177ms]
2025-05-27 04:57:28.928 [info] > git log --format=%H%n%aN%n%aE%n%at%n%ct%n%P%n%D%n%B -z --shortstat --diff-merges=first-parent -n50 --skip=0 --topo-order --decorate=full --stdin [474ms]
2025-05-27 05:01:41.287 [warning] [Git][getHEAD] Failed to parse HEAD file: ENOENT: no such file or directory, open '/home/ubuntu/bank_report_web_app/.git/HEAD'
2025-05-27 05:01:41.290 [warning] [Git][getRemotes] Error: ENOENT: no such file or directory, open '/home/ubuntu/bank_report_web_app/.git/config'
2025-05-27 05:01:41.293 [info] > git remote --verbose [3ms]
2025-05-27 05:01:41.293 [info] > git symbolic-ref --short HEAD [6ms]
2025-05-27 05:01:41.296 [info] > git config --get commit.template [4ms]
2025-05-27 05:01:41.297 [info] > git for-each-ref --format=%(refname)%00%(upstream:short)%00%(objectname)%00%(upstream:track)%00%(upstream:remotename)%00%(upstream:remoteref) refs/heads/main refs/remotes/main [2ms]
2025-05-27 05:01:41.299 [warning] [Git][revParse] Unable to read file: ENOENT: no such file or directory, open '/home/ubuntu/bank_report_web_app/.git/refs/remotes/origin/main'
2025-05-27 05:01:41.300 [info] > git rev-parse refs/remotes/origin/main [1ms]
2025-05-27 05:01:41.306 [info] > git for-each-ref --sort -committerdate --format %(refname)%00%(objectname)%00%(*objectname) [1ms]
2025-05-27 05:01:41.323 [info] > git status -z -uall [21ms]
2025-05-27 05:01:41.332 [info] > git for-each-ref --format=%(refname)%00%(upstream:short)%00%(objectname)%00%(upstream:track)%00%(upstream:remotename)%00%(upstream:remoteref) refs/heads/main refs/remotes/main [1ms]
2025-05-27 05:01:41.336 [info] > git config --get --local branch.main.vscode-merge-base [1ms]
2025-05-27 05:01:41.336 [warning] [Git][config] git config failed: Failed to execute git
2025-05-27 05:01:41.339 [info] > git reflog main --grep-reflog=branch: Created from *. [1ms]
2025-05-27 05:01:41.343 [info] > git symbolic-ref --short refs/remotes/origin/HEAD [0ms]
2025-05-27 05:01:41.343 [info] fatal: ref refs/remotes/origin/HEAD is not a symbolic ref
2025-05-27 05:01:41.343 [warning] [Repository][getDefaultBranch] Failed to get default branch details: Failed to execute git.
2025-05-27 05:01:41.346 [info] > git merge-base refs/heads/main refs/remotes/origin/main [1ms]
2025-05-27 05:01:41.350 [info] > git diff --name-status -z --diff-filter=ADMR ddef3aac0944912602c114f5f99c032ececcb10e...refs/remotes/origin/main [1ms]
2025-05-27 05:01:41.850 [info] > git log --format=%H%n%aN%n%aE%n%at%n%ct%n%P%n%D%n%B -z --shortstat --diff-merges=first-parent -n50 --skip=0 --topo-order --decorate=full --stdin [173ms]
2025-05-27 05:01:49.027 [warning] [Git][getHEAD] Failed to parse HEAD file: ENOENT: no such file or directory, open '/home/ubuntu/bank_report_web_app/.git/HEAD'
2025-05-27 05:01:49.030 [warning] [Git][getRemotes] Error: ENOENT: no such file or directory, open '/home/ubuntu/bank_report_web_app/.git/config'
2025-05-27 05:01:49.033 [info] > git remote --verbose [3ms]
2025-05-27 05:01:49.034 [info] > git symbolic-ref --short HEAD [7ms]
2025-05-27 05:01:49.037 [info] > git config --get commit.template [4ms]
2025-05-27 05:01:49.038 [info] > git for-each-ref --format=%(refname)%00%(upstream:short)%00%(objectname)%00%(upstream:track)%00%(upstream:remotename)%00%(upstream:remoteref) refs/heads/main refs/remotes/main [1ms]
2025-05-27 05:01:49.042 [warning] [Git][revParse] Unable to read file: ENOENT: no such file or directory, open '/home/ubuntu/bank_report_web_app/.git/refs/remotes/origin/main'
2025-05-27 05:01:49.044 [info] > git rev-parse refs/remotes/origin/main [2ms]
2025-05-27 05:01:49.063 [info] > git for-each-ref --sort -committerdate --format %(refname)%00%(objectname)%00%(*objectname) [12ms]
2025-05-27 05:01:49.072 [info] > git status -z -uall [24ms]
2025-05-27 05:01:51.371 [info] > git config --get commit.template [4ms]
2025-05-27 05:01:51.371 [info] > git for-each-ref --format %(refname)%00%(objectname)%00%(*objectname) refs/tags [1ms]
2025-05-27 05:01:51.377 [info] > git status -z -uall [3ms]
2025-05-27 05:01:51.377 [info] > git for-each-ref --sort -committerdate --format %(refname)%00%(objectname)%00%(*objectname) [1ms]
2025-05-27 05:01:51.886 [info] > git config --get commit.template [3ms]
2025-05-27 05:01:51.889 [info] > git rev-parse --show-toplevel [3ms]
2025-05-27 05:01:51.890 [info] > git for-each-ref --format=%(refname)%00%(upstream:short)%00%(objectname)%00%(upstream:track)%00%(upstream:remotename)%00%(upstream:remoteref) refs/heads/main refs/remotes/main [1ms]
2025-05-27 05:01:51.896 [info] > git for-each-ref --sort -committerdate --format %(refname)%00%(objectname)%00%(*objectname) [1ms]
2025-05-27 05:01:51.913 [info] > git status -z -uall [20ms]
2025-05-27 05:01:57.115 [info] > git log --format=%H%n%aN%n%aE%n%at%n%ct%n%P%n%D%n%B -z --shortstat --diff-merges=first-parent -n50 --skip=0 --topo-order --decorate=full --stdin [171ms]
2025-05-27 05:02:00.869 [info] > git check-ignore -v -z --stdin [1ms]
2025-05-27 05:02:44.321 [warning] [Git][getHEAD] Failed to parse HEAD file: ENOENT: no such file or directory, open '/home/ubuntu/.nvm/.git/HEAD'
2025-05-27 05:02:44.324 [warning] [Git][getRemotes] Error: ENOENT: no such file or directory, open '/home/ubuntu/.nvm/.git/config'
2025-05-27 05:02:44.328 [info] > git remote --verbose [4ms]
2025-05-27 05:02:44.328 [info] > git symbolic-ref --short HEAD [7ms]
2025-05-27 05:02:44.331 [info] > git config --get commit.template [4ms]
2025-05-27 05:02:44.331 [info] > git for-each-ref --format=%(refname)%00%(upstream:short)%00%(objectname)%00%(upstream:track)%00%(upstream:remotename)%00%(upstream:remoteref) refs/heads/main refs/remotes/main [1ms]
2025-05-27 05:02:44.334 [warning] [Git][revParse] Unable to read file: ENOENT: no such file or directory, open '/home/ubuntu/.nvm/.git/refs/remotes/origin/main'
2025-05-27 05:02:44.335 [info] > git rev-parse refs/remotes/origin/main [1ms]
2025-05-27 05:02:44.342 [info] > git for-each-ref --sort -committerdate --format %(refname)%00%(objectname)%00%(*objectname) [1ms]
2025-05-27 05:02:44.355 [info] > git status -z -uall [17ms]
2025-05-27 05:02:44.364 [info] > git for-each-ref --format=%(refname)%00%(upstream:short)%00%(objectname)%00%(upstream:track)%00%(upstream:remotename)%00%(upstream:remoteref) refs/heads/main refs/remotes/main [1ms]
2025-05-27 05:02:44.368 [info] > git config --get --local branch.main.vscode-merge-base [0ms]
2025-05-27 05:02:44.368 [warning] [Git][config] git config failed: Failed to execute git
2025-05-27 05:02:44.371 [info] > git reflog main --grep-reflog=branch: Created from *. [1ms]
2025-05-27 05:02:44.374 [info] > git symbolic-ref --short refs/remotes/origin/HEAD [1ms]
2025-05-27 05:02:44.374 [info] fatal: ref refs/remotes/origin/HEAD is not a symbolic ref
2025-05-27 05:02:44.374 [warning] [Repository][getDefaultBranch] Failed to get default branch details: Failed to execute git.
2025-05-27 05:02:44.378 [info] > git merge-base refs/heads/main refs/remotes/origin/main [1ms]
2025-05-27 05:02:44.382 [info] > git diff --name-status -z --diff-filter=ADMR ddef3aac0944912602c114f5f99c032ececcb10e...refs/remotes/origin/main [1ms]
2025-05-27 05:02:44.865 [info] > git rev-parse --show-toplevel [2ms]
2025-05-27 05:02:45.062 [info] > git log --format=%H%n%aN%n%aE%n%at%n%ct%n%P%n%D%n%B -z --shortstat --diff-merges=first-parent -n50 --skip=0 --topo-order --decorate=full --stdin [175ms]
2025-05-27 05:02:47.007 [info] > git check-ignore -v -z --stdin [2ms]
