2025-05-30 02:16:02.542 [info] [main] Log level: Info
2025-05-30 02:16:02.542 [info] [main] Validating found git in: "git"
2025-05-30 02:16:02.542 [info] [main] Using git "2.34.1" from "git"
2025-05-30 02:16:02.542 [info] [Model][doInitialScan] Initial repository scan started
2025-05-30 02:16:02.542 [info] > git rev-parse --show-toplevel [2ms]
2025-05-30 02:16:02.542 [info] > git rev-parse --git-dir --git-common-dir [1ms]
2025-05-30 02:16:02.542 [info] [Model][openRepository] Opened repository (path): /home/ubuntu
2025-05-30 02:16:02.542 [info] [Model][openRepository] Opened repository (real path): /home/ubuntu
2025-05-30 02:16:02.542 [info] > git rev-parse --show-toplevel [5ms]
2025-05-30 02:16:02.542 [info] > git for-each-ref --format=%(refname)%00%(upstream:short)%00%(objectname)%00%(upstream:track)%00%(upstream:remotename)%00%(upstream:remoteref) refs/heads/main refs/remotes/main [2ms]
2025-05-30 02:16:02.542 [info] > git config --get commit.template [8ms]
2025-05-30 02:16:02.542 [info] > git rev-parse --show-toplevel [10ms]
2025-05-30 02:16:02.542 [info] > git for-each-ref --sort -committerdate --format %(refname)%00%(objectname)%00%(*objectname) [3ms]
2025-05-30 02:16:02.542 [info] > git rev-parse --show-toplevel [3ms]
2025-05-30 02:16:02.542 [info] > git rev-parse --show-toplevel [1ms]
2025-05-30 02:16:02.542 [info] > git rev-parse --show-toplevel [1ms]
2025-05-30 02:16:02.542 [info] > git rev-parse --show-toplevel [1ms]
2025-05-30 02:16:02.542 [info] > git rev-parse --show-toplevel [2ms]
2025-05-30 02:16:02.542 [info] > git rev-parse --show-toplevel [2ms]
2025-05-30 02:16:02.542 [info] > git rev-parse --show-toplevel [0ms]
2025-05-30 02:16:02.542 [info] > git rev-parse --show-toplevel [1ms]
2025-05-30 02:16:02.542 [info] > git rev-parse --show-toplevel [1ms]
2025-05-30 02:16:02.542 [info] > git rev-parse --show-toplevel [1ms]
2025-05-30 02:16:02.542 [info] > git status -z -uall [45ms]
2025-05-30 02:16:02.542 [info] > git for-each-ref --format=%(refname)%00%(upstream:short)%00%(objectname)%00%(upstream:track)%00%(upstream:remotename)%00%(upstream:remoteref) refs/heads/main refs/remotes/main [11ms]
2025-05-30 02:16:02.542 [info] > git rev-parse --show-toplevel [38ms]
2025-05-30 02:16:02.542 [info] > git config --get --local branch.main.vscode-merge-base [40ms]
2025-05-30 02:16:02.542 [warning] [Git][config] git config failed: Failed to execute git
2025-05-30 02:16:02.542 [info] > git config --get commit.template [51ms]
2025-05-30 02:16:02.542 [info] > git rev-parse --show-toplevel [5ms]
2025-05-30 02:16:02.542 [info] > git reflog main --grep-reflog=branch: Created from *. [9ms]
2025-05-30 02:16:02.542 [info] > git rev-parse --show-toplevel [8ms]
2025-05-30 02:16:02.542 [info] > git for-each-ref --format=%(refname)%00%(upstream:short)%00%(objectname)%00%(upstream:track)%00%(upstream:remotename)%00%(upstream:remoteref) refs/heads/main refs/remotes/main [12ms]
2025-05-30 02:16:02.542 [info] > git symbolic-ref --short refs/remotes/origin/HEAD [5ms]
2025-05-30 02:16:02.542 [info] fatal: ref refs/remotes/origin/HEAD is not a symbolic ref
2025-05-30 02:16:02.542 [warning] [Repository][getDefaultBranch] Failed to get default branch details: Failed to execute git.
2025-05-30 02:16:02.542 [info] > git rev-parse --show-toplevel [5ms]
2025-05-30 02:16:02.542 [info] [Model][doInitialScan] Initial repository scan completed - repositories (1), closed repositories (0), parent repositories (0), unsafe repositories (0)
2025-05-30 02:16:02.542 [info] > git merge-base refs/heads/main refs/remotes/origin/main [4ms]
2025-05-30 02:16:02.542 [info] > git diff --name-status -z --diff-filter=ADMR 0c00ee7206f1a219b9613102d1b3f152799669e0...refs/remotes/origin/main [5ms]
2025-05-30 02:16:02.542 [info] > git for-each-ref --sort -committerdate --format %(refname)%00%(objectname)%00%(*objectname) [1ms]
2025-05-30 02:16:02.542 [info] > git status -z -uall [38ms]
2025-05-30 02:16:03.098 [info] > git check-ignore -v -z --stdin [5ms]
2025-05-30 02:16:03.244 [info] > git show --textconv :bank_report_ocr_backend/src/templates/index.html [4ms]
2025-05-30 02:16:03.246 [info] > git ls-files --stage -- bank_report_ocr_backend/src/templates/index.html [3ms]
2025-05-30 02:16:03.249 [info] > git cat-file -s 6f81e6df2fef919f4de2fbacb7828b165fbabb40 [1ms]
2025-05-30 02:16:04.042 [info] > git blame --root --incremental 0c00ee7206f1a219b9613102d1b3f152799669e0 -- bank_report_ocr_backend/src/templates/index.html [3ms]
2025-05-30 02:16:52.931 [info] > git check-ignore -v -z --stdin [3ms]
2025-05-30 02:16:53.677 [info] > git check-ignore -v -z --stdin [2ms]
2025-05-30 02:16:55.571 [info] > git show --textconv :bank_report_ocr_backend/1.txt [3ms]
2025-05-30 02:16:55.575 [info] > git ls-files --stage -- bank_report_ocr_backend/1.txt [3ms]
2025-05-30 02:16:55.577 [info] > git hash-object -t tree /dev/null [3ms]
2025-05-30 02:16:55.578 [warning] [GitFileSystemProvider][readFile] File not found - git:/home/ubuntu/bank_report_ocr_backend/1.txt.git?%7B%22path%22%3A%22%2Fhome%2Fubuntu%2Fbank_report_ocr_backend%2F1.txt%22%2C%22ref%22%3A%22%22%7D
2025-05-30 02:16:55.580 [info] > git hash-object -t tree /dev/null [3ms]
2025-05-30 02:16:55.580 [warning] [GitFileSystemProvider][stat] File not found - git:/home/ubuntu/bank_report_ocr_backend/1.txt.git?%7B%22path%22%3A%22%2Fhome%2Fubuntu%2Fbank_report_ocr_backend%2F1.txt%22%2C%22ref%22%3A%22%22%7D
2025-05-30 02:17:06.996 [info] > git show --textconv :bank_report_ocr_backend/src/templates/index.html [4ms]
2025-05-30 02:17:06.998 [info] > git ls-files --stage -- bank_report_ocr_backend/src/templates/index.html [3ms]
2025-05-30 02:17:07.001 [info] > git cat-file -s 6f81e6df2fef919f4de2fbacb7828b165fbabb40 [1ms]
2025-05-30 02:17:12.342 [info] > git show --textconv :bank_report_ocr_backend/.flaskenv [3ms]
2025-05-30 02:17:12.344 [info] > git ls-files --stage -- bank_report_ocr_backend/.flaskenv [2ms]
2025-05-30 02:17:12.348 [info] > git cat-file -s 9de64625326fe9404c49566a74576f4cdca8518c [1ms]
2025-05-30 02:17:12.933 [info] > git show --textconv :bank_report_ocr_backend/1.txt [4ms]
2025-05-30 02:17:12.934 [warning] [GitFileSystemProvider][readFile] File not found - git:/home/ubuntu/bank_report_ocr_backend/1.txt.git?%7B%22path%22%3A%22%2Fhome%2Fubuntu%2Fbank_report_ocr_backend%2F1.txt%22%2C%22ref%22%3A%22%22%7D
2025-05-30 02:17:12.935 [info] > git ls-files --stage -- bank_report_ocr_backend/1.txt [3ms]
2025-05-30 02:17:12.935 [warning] [GitFileSystemProvider][stat] File not found - git:/home/ubuntu/bank_report_ocr_backend/1.txt.git?%7B%22path%22%3A%22%2Fhome%2Fubuntu%2Fbank_report_ocr_backend%2F1.txt%22%2C%22ref%22%3A%22%22%7D
2025-05-30 02:17:18.886 [info] > git show --textconv :bank_report_ocr_backend/src/templates/index.html [4ms]
2025-05-30 02:17:18.888 [info] > git ls-files --stage -- bank_report_ocr_backend/src/templates/index.html [3ms]
2025-05-30 02:17:18.892 [info] > git cat-file -s 6f81e6df2fef919f4de2fbacb7828b165fbabb40 [2ms]
2025-05-30 02:17:18.933 [info] > git check-ignore -v -z --stdin [3ms]
2025-05-30 02:18:22.619 [info] > git fetch [141ms]
2025-05-30 02:18:22.628 [info] > git config --get commit.template [3ms]
2025-05-30 02:18:22.628 [info] > git for-each-ref --format=%(refname)%00%(upstream:short)%00%(objectname)%00%(upstream:track)%00%(upstream:remotename)%00%(upstream:remoteref) refs/heads/main refs/remotes/main [1ms]
2025-05-30 02:18:22.636 [info] > git for-each-ref --sort -committerdate --format %(refname)%00%(objectname)%00%(*objectname) [2ms]
2025-05-30 02:18:22.670 [info] > git status -z -uall [39ms]
2025-05-30 02:18:22.884 [info] > git ls-files --stage -- bank_report_ocr_backend/src/templates/index.html [2ms]
2025-05-30 02:18:22.888 [info] > git cat-file -s 6f81e6df2fef919f4de2fbacb7828b165fbabb40 [1ms]
2025-05-30 02:18:23.278 [info] > git show --textconv :bank_report_ocr_backend/src/templates/index.html [3ms]
2025-05-30 02:22:54.903 [info] > git check-ignore -v -z --stdin [4ms]
2025-05-30 02:22:55.486 [info] > git fetch [145ms]
2025-05-30 02:22:55.495 [info] > git config --get commit.template [4ms]
2025-05-30 02:22:55.495 [info] > git for-each-ref --format=%(refname)%00%(upstream:short)%00%(objectname)%00%(upstream:track)%00%(upstream:remotename)%00%(upstream:remoteref) refs/heads/main refs/remotes/main [1ms]
2025-05-30 02:22:55.503 [info] > git for-each-ref --sort -committerdate --format %(refname)%00%(objectname)%00%(*objectname) [1ms]
2025-05-30 02:22:55.538 [info] > git status -z -uall [39ms]
2025-05-30 02:22:55.751 [info] > git ls-files --stage -- bank_report_ocr_backend/src/templates/index.html [3ms]
2025-05-30 02:22:55.755 [info] > git cat-file -s 6f81e6df2fef919f4de2fbacb7828b165fbabb40 [1ms]
2025-05-30 02:22:55.994 [info] > git config --get commit.template [1ms]
2025-05-30 02:22:55.998 [info] > git for-each-ref --format=%(refname)%00%(upstream:short)%00%(objectname)%00%(upstream:track)%00%(upstream:remotename)%00%(upstream:remoteref) refs/heads/main refs/remotes/main [1ms]
2025-05-30 02:22:56.004 [info] > git for-each-ref --sort -committerdate --format %(refname)%00%(objectname)%00%(*objectname) [1ms]
2025-05-30 02:22:56.038 [info] > git status -z -uall [37ms]
2025-05-30 02:22:56.202 [info] > git show --textconv :bank_report_ocr_backend/src/templates/index.html [4ms]
2025-05-30 02:22:56.820 [info] > git show --textconv :bank_report_automation/README.md [3ms]
2025-05-30 02:22:56.823 [info] > git ls-files --stage -- bank_report_automation/README.md [2ms]
2025-05-30 02:22:56.826 [info] > git cat-file -s 8ad41107e08b1c7a9e0dbf8fae8a18a243fa67a6 [1ms]
2025-05-30 02:22:57.215 [info] > git blame --root --incremental 0c00ee7206f1a219b9613102d1b3f152799669e0 -- bank_report_automation/README.md [1ms]
2025-05-30 02:25:26.747 [info] > git ls-files --stage -- bank_report_automation/README.md [2ms]
2025-05-30 02:25:26.750 [info] > git cat-file -s 8ad41107e08b1c7a9e0dbf8fae8a18a243fa67a6 [1ms]
2025-05-30 02:25:27.125 [info] > git show --textconv :bank_report_automation/README.md [3ms]
2025-05-30 02:26:00.120 [info] > git config --get commit.template [4ms]
2025-05-30 02:26:00.120 [info] > git for-each-ref --format=%(refname)%00%(upstream:short)%00%(objectname)%00%(upstream:track)%00%(upstream:remotename)%00%(upstream:remoteref) refs/heads/main refs/remotes/main [2ms]
2025-05-30 02:26:00.128 [info] > git for-each-ref --sort -committerdate --format %(refname)%00%(objectname)%00%(*objectname) [2ms]
2025-05-30 02:26:00.164 [info] > git status -z -uall [40ms]
2025-05-30 02:26:00.239 [info] > git fetch [128ms]
2025-05-30 02:26:00.246 [info] > git config --get commit.template [3ms]
2025-05-30 02:26:00.247 [info] > git for-each-ref --format=%(refname)%00%(upstream:short)%00%(objectname)%00%(upstream:track)%00%(upstream:remotename)%00%(upstream:remoteref) refs/heads/main refs/remotes/main [1ms]
2025-05-30 02:26:00.253 [info] > git for-each-ref --sort -committerdate --format %(refname)%00%(objectname)%00%(*objectname) [2ms]
2025-05-30 02:26:00.289 [info] > git status -z -uall [40ms]
2025-05-30 02:28:22.734 [info] > git config --get commit.template [5ms]
2025-05-30 02:28:22.735 [info] > git for-each-ref --format=%(refname)%00%(upstream:short)%00%(objectname)%00%(upstream:track)%00%(upstream:remotename)%00%(upstream:remoteref) refs/heads/main refs/remotes/main [2ms]
2025-05-30 02:28:22.761 [info] > git for-each-ref --sort -committerdate --format %(refname)%00%(objectname)%00%(*objectname) [1ms]
2025-05-30 02:28:22.796 [info] > git status -z -uall [42ms]
2025-05-30 02:28:23.147 [info] > git ls-files --stage -- bank_report_automation/README.md [2ms]
2025-05-30 02:28:23.151 [info] > git cat-file -s 8ad41107e08b1c7a9e0dbf8fae8a18a243fa67a6 [1ms]
2025-05-30 02:28:23.527 [info] > git show --textconv :bank_report_automation/README.md [3ms]
2025-05-30 02:54:27.427 [info] [main] Log level: Info
2025-05-30 02:54:27.427 [info] [main] Validating found git in: "git"
2025-05-30 02:54:27.427 [info] [main] Using git "2.34.1" from "git"
2025-05-30 02:54:27.427 [info] [Model][doInitialScan] Initial repository scan started
2025-05-30 02:54:27.427 [info] > git rev-parse --show-toplevel [3ms]
2025-05-30 02:54:27.427 [info] > git rev-parse --git-dir --git-common-dir [2ms]
2025-05-30 02:54:27.427 [info] [Model][openRepository] Opened repository (path): /home/ubuntu
2025-05-30 02:54:27.427 [info] [Model][openRepository] Opened repository (real path): /home/ubuntu
2025-05-30 02:54:27.427 [info] > git config --get commit.template [5ms]
2025-05-30 02:54:27.427 [info] > git rev-parse --show-toplevel [2ms]
2025-05-30 02:54:27.427 [info] > git for-each-ref --format=%(refname)%00%(upstream:short)%00%(objectname)%00%(upstream:track)%00%(upstream:remotename)%00%(upstream:remoteref) refs/heads/main refs/remotes/main [2ms]
2025-05-30 02:54:27.427 [info] > git rev-parse --show-toplevel [8ms]
2025-05-30 02:54:27.427 [info] > git for-each-ref --sort -committerdate --format %(refname)%00%(objectname)%00%(*objectname) [5ms]
2025-05-30 02:54:27.427 [info] > git rev-parse --show-toplevel [2ms]
2025-05-30 02:54:27.427 [info] > git rev-parse --show-toplevel [1ms]
2025-05-30 02:54:27.427 [info] > git rev-parse --show-toplevel [1ms]
2025-05-30 02:54:27.427 [info] > git rev-parse --show-toplevel [2ms]
2025-05-30 02:54:27.427 [info] > git rev-parse --show-toplevel [3ms]
2025-05-30 02:54:27.427 [info] > git rev-parse --show-toplevel [0ms]
2025-05-30 02:54:27.427 [info] > git rev-parse --show-toplevel [2ms]
2025-05-30 02:54:27.427 [info] > git status -z -uall [44ms]
2025-05-30 02:54:27.427 [info] > git rev-parse --show-toplevel [2ms]
2025-05-30 02:54:27.427 [info] > git for-each-ref --format=%(refname)%00%(upstream:short)%00%(objectname)%00%(upstream:track)%00%(upstream:remotename)%00%(upstream:remoteref) refs/heads/main refs/remotes/main [43ms]
2025-05-30 02:54:27.427 [info] > git fetch [136ms]
2025-05-30 02:54:27.427 [info] > git config --get --local branch.main.vscode-merge-base [4ms]
2025-05-30 02:54:27.427 [warning] [Git][config] git config failed: Failed to execute git
2025-05-30 02:54:27.427 [info] > git config --get commit.template [10ms]
2025-05-30 02:54:27.427 [info] > git rev-parse --show-toplevel [13ms]
2025-05-30 02:54:27.427 [info] > git config --get commit.template [4ms]
2025-05-30 02:54:27.427 [info] > git reflog main --grep-reflog=branch: Created from *. [9ms]
2025-05-30 02:54:27.427 [info] > git for-each-ref --format=%(refname)%00%(upstream:short)%00%(objectname)%00%(upstream:track)%00%(upstream:remotename)%00%(upstream:remoteref) refs/heads/main refs/remotes/main [10ms]
2025-05-30 02:54:27.427 [info] > git rev-parse --show-toplevel [13ms]
2025-05-30 02:54:27.427 [info] > git for-each-ref --format=%(refname)%00%(upstream:short)%00%(objectname)%00%(upstream:track)%00%(upstream:remotename)%00%(upstream:remoteref) refs/heads/main refs/remotes/main [1ms]
2025-05-30 02:54:27.427 [info] > git symbolic-ref --short refs/remotes/origin/HEAD [5ms]
2025-05-30 02:54:27.427 [info] fatal: ref refs/remotes/origin/HEAD is not a symbolic ref
2025-05-30 02:54:27.427 [warning] [Repository][getDefaultBranch] Failed to get default branch details: Failed to execute git.
2025-05-30 02:54:27.427 [info] > git rev-parse --show-toplevel [1ms]
2025-05-30 02:54:27.427 [info] > git merge-base refs/heads/main refs/remotes/origin/main [5ms]
2025-05-30 02:54:27.427 [info] > git merge-base refs/heads/main refs/remotes/origin/main [13ms]
2025-05-30 02:54:27.427 [info] > git diff --name-status -z --diff-filter=ADMR 0c00ee7206f1a219b9613102d1b3f152799669e0...refs/remotes/origin/main [21ms]
2025-05-30 02:54:27.427 [info] > git diff --name-status -z --diff-filter=ADMR 0c00ee7206f1a219b9613102d1b3f152799669e0...refs/remotes/origin/main [2ms]
2025-05-30 02:54:27.427 [info] > git for-each-ref --sort -committerdate --format %(refname)%00%(objectname)%00%(*objectname) [7ms]
2025-05-30 02:54:27.427 [info] > git rev-parse --show-toplevel [14ms]
2025-05-30 02:54:27.427 [info] > git rev-parse --show-toplevel [1ms]
2025-05-30 02:54:27.427 [info] > git rev-parse --show-toplevel [1ms]
2025-05-30 02:54:27.427 [info] [Model][doInitialScan] Initial repository scan completed - repositories (1), closed repositories (0), parent repositories (0), unsafe repositories (0)
2025-05-30 02:54:27.427 [info] > git status -z -uall [42ms]
2025-05-30 02:54:28.049 [info] > git check-ignore -v -z --stdin [5ms]
2025-05-30 02:54:28.430 [info] > git show --textconv :bank_report_ocr_backend/src/main.py [5ms]
2025-05-30 02:54:28.432 [info] > git ls-files --stage -- bank_report_ocr_backend/src/main.py [3ms]
2025-05-30 02:54:28.436 [info] > git cat-file -s 6fc181635da2ac22cd6058481eaf4a24b28f9218 [1ms]
2025-05-30 02:54:29.219 [info] > git ls-files --stage -- bank_report_ocr_backend/src/main.py [3ms]
2025-05-30 02:54:29.223 [info] > git cat-file -s 6fc181635da2ac22cd6058481eaf4a24b28f9218 [1ms]
2025-05-30 02:54:29.249 [info] > git blame --root --incremental 0c00ee7206f1a219b9613102d1b3f152799669e0 -- bank_report_ocr_backend/src/main.py [2ms]
2025-05-30 02:54:29.638 [info] > git show --textconv :bank_report_ocr_backend/src/main.py [3ms]
2025-05-30 02:54:58.541 [info] > git config --get commit.template [6ms]
2025-05-30 02:54:58.541 [info] > git for-each-ref --format=%(refname)%00%(upstream:short)%00%(objectname)%00%(upstream:track)%00%(upstream:remotename)%00%(upstream:remoteref) refs/heads/main refs/remotes/main [1ms]
2025-05-30 02:54:58.554 [info] > git for-each-ref --sort -committerdate --format %(refname)%00%(objectname)%00%(*objectname) [2ms]
2025-05-30 02:54:58.585 [info] > git status -z -uall [38ms]
2025-05-30 02:56:41.930 [info] > git show --textconv :bank_report_ocr_backend/src/main.py [5ms]
2025-05-30 02:56:41.931 [info] > git ls-files --stage -- bank_report_ocr_backend/src/main.py [3ms]
2025-05-30 02:56:41.935 [info] > git cat-file -s 6fc181635da2ac22cd6058481eaf4a24b28f9218 [1ms]
2025-05-30 02:56:59.268 [info] > git config --get commit.template [1ms]
2025-05-30 02:56:59.273 [info] > git for-each-ref --format=%(refname)%00%(upstream:short)%00%(objectname)%00%(upstream:track)%00%(upstream:remotename)%00%(upstream:remoteref) refs/heads/main refs/remotes/main [1ms]
2025-05-30 02:56:59.289 [info] > git for-each-ref --sort -committerdate --format %(refname)%00%(objectname)%00%(*objectname) [1ms]
2025-05-30 02:56:59.321 [info] > git status -z -uall [43ms]
2025-05-30 02:57:04.336 [info] > git config --get commit.template [3ms]
2025-05-30 02:57:04.337 [info] > git for-each-ref --format=%(refname)%00%(upstream:short)%00%(objectname)%00%(upstream:track)%00%(upstream:remotename)%00%(upstream:remoteref) refs/heads/main refs/remotes/main [1ms]
2025-05-30 02:57:04.347 [info] > git for-each-ref --sort -committerdate --format %(refname)%00%(objectname)%00%(*objectname) [2ms]
2025-05-30 02:57:04.379 [info] > git status -z -uall [38ms]
2025-05-30 02:57:16.280 [info] > git config --get commit.template [4ms]
2025-05-30 02:57:16.280 [info] > git for-each-ref --format=%(refname)%00%(upstream:short)%00%(objectname)%00%(upstream:track)%00%(upstream:remotename)%00%(upstream:remoteref) refs/heads/main refs/remotes/main [1ms]
2025-05-30 02:57:16.291 [info] > git for-each-ref --sort -committerdate --format %(refname)%00%(objectname)%00%(*objectname) [2ms]
2025-05-30 02:57:16.326 [info] > git status -z -uall [41ms]
2025-05-30 02:57:34.172 [info] > git config --get commit.template [5ms]
2025-05-30 02:57:34.174 [info] > git for-each-ref --format=%(refname)%00%(upstream:short)%00%(objectname)%00%(upstream:track)%00%(upstream:remotename)%00%(upstream:remoteref) refs/heads/main refs/remotes/main [3ms]
2025-05-30 02:57:34.202 [info] > git for-each-ref --sort -committerdate --format %(refname)%00%(objectname)%00%(*objectname) [5ms]
2025-05-30 02:57:34.233 [info] > git status -z -uall [50ms]
2025-05-30 02:57:34.318 [info] > git fetch [155ms]
2025-05-30 02:57:34.327 [info] > git config --get commit.template [4ms]
2025-05-30 02:57:34.328 [info] > git for-each-ref --format=%(refname)%00%(upstream:short)%00%(objectname)%00%(upstream:track)%00%(upstream:remotename)%00%(upstream:remoteref) refs/heads/main refs/remotes/main [2ms]
2025-05-30 02:57:34.360 [info] > git for-each-ref --sort -committerdate --format %(refname)%00%(objectname)%00%(*objectname) [22ms]
2025-05-30 02:57:34.380 [info] > git status -z -uall [48ms]
2025-05-30 02:57:36.363 [info] > git ls-files --stage -- bank_report_ocr_backend/src/main.py [2ms]
2025-05-30 02:57:36.369 [info] > git cat-file -s 6fc181635da2ac22cd6058481eaf4a24b28f9218 [2ms]
2025-05-30 02:57:36.750 [info] > git show --textconv :bank_report_ocr_backend/src/main.py [3ms]
2025-05-30 02:57:39.246 [info] > git config --get commit.template [5ms]
2025-05-30 02:57:39.247 [info] > git for-each-ref --format=%(refname)%00%(upstream:short)%00%(objectname)%00%(upstream:track)%00%(upstream:remotename)%00%(upstream:remoteref) refs/heads/main refs/remotes/main [1ms]
2025-05-30 02:57:39.257 [info] > git for-each-ref --sort -committerdate --format %(refname)%00%(objectname)%00%(*objectname) [2ms]
2025-05-30 02:57:39.298 [info] > git status -z -uall [46ms]
2025-05-30 02:57:46.117 [info] > git config --get commit.template [6ms]
2025-05-30 02:57:46.118 [info] > git for-each-ref --format=%(refname)%00%(upstream:short)%00%(objectname)%00%(upstream:track)%00%(upstream:remotename)%00%(upstream:remoteref) refs/heads/main refs/remotes/main [2ms]
2025-05-30 02:57:46.129 [info] > git for-each-ref --sort -committerdate --format %(refname)%00%(objectname)%00%(*objectname) [2ms]
2025-05-30 02:57:46.161 [info] > git status -z -uall [39ms]
2025-05-30 02:58:28.554 [info] > git config --get commit.template [4ms]
2025-05-30 02:58:28.555 [info] > git for-each-ref --format=%(refname)%00%(upstream:short)%00%(objectname)%00%(upstream:track)%00%(upstream:remotename)%00%(upstream:remoteref) refs/heads/main refs/remotes/main [2ms]
2025-05-30 02:58:28.563 [info] > git for-each-ref --sort -committerdate --format %(refname)%00%(objectname)%00%(*objectname) [1ms]
2025-05-30 02:58:28.597 [info] > git status -z -uall [39ms]
2025-05-30 02:59:26.145 [info] > git config --get commit.template [4ms]
2025-05-30 02:59:26.146 [info] > git for-each-ref --format=%(refname)%00%(upstream:short)%00%(objectname)%00%(upstream:track)%00%(upstream:remotename)%00%(upstream:remoteref) refs/heads/main refs/remotes/main [2ms]
2025-05-30 02:59:26.152 [info] > git for-each-ref --sort -committerdate --format %(refname)%00%(objectname)%00%(*objectname) [1ms]
2025-05-30 02:59:26.186 [info] > git status -z -uall [38ms]
2025-05-30 02:59:31.200 [info] > git config --get commit.template [4ms]
2025-05-30 02:59:31.201 [info] > git for-each-ref --format=%(refname)%00%(upstream:short)%00%(objectname)%00%(upstream:track)%00%(upstream:remotename)%00%(upstream:remoteref) refs/heads/main refs/remotes/main [2ms]
2025-05-30 02:59:31.207 [info] > git for-each-ref --sort -committerdate --format %(refname)%00%(objectname)%00%(*objectname) [1ms]
2025-05-30 02:59:31.240 [info] > git status -z -uall [37ms]
2025-05-30 03:00:22.305 [info] > git config --get commit.template [5ms]
2025-05-30 03:00:22.305 [info] > git for-each-ref --format=%(refname)%00%(upstream:short)%00%(objectname)%00%(upstream:track)%00%(upstream:remotename)%00%(upstream:remoteref) refs/heads/main refs/remotes/main [2ms]
2025-05-30 03:00:22.314 [info] > git for-each-ref --sort -committerdate --format %(refname)%00%(objectname)%00%(*objectname) [1ms]
2025-05-30 03:00:22.349 [info] > git status -z -uall [40ms]
2025-05-30 03:00:27.367 [info] > git config --get commit.template [5ms]
2025-05-30 03:00:27.367 [info] > git for-each-ref --format=%(refname)%00%(upstream:short)%00%(objectname)%00%(upstream:track)%00%(upstream:remotename)%00%(upstream:remoteref) refs/heads/main refs/remotes/main [1ms]
2025-05-30 03:00:27.376 [info] > git for-each-ref --sort -committerdate --format %(refname)%00%(objectname)%00%(*objectname) [2ms]
2025-05-30 03:00:27.410 [info] > git status -z -uall [39ms]
2025-05-30 03:00:34.536 [info] > git fetch [144ms]
2025-05-30 03:00:34.544 [info] > git config --get commit.template [3ms]
2025-05-30 03:00:34.544 [info] > git for-each-ref --format=%(refname)%00%(upstream:short)%00%(objectname)%00%(upstream:track)%00%(upstream:remotename)%00%(upstream:remoteref) refs/heads/main refs/remotes/main [1ms]
2025-05-30 03:00:34.551 [info] > git for-each-ref --sort -committerdate --format %(refname)%00%(objectname)%00%(*objectname) [1ms]
2025-05-30 03:00:34.585 [info] > git status -z -uall [37ms]
2025-05-30 03:00:36.596 [info] > git ls-files --stage -- bank_report_ocr_backend/src/main.py [3ms]
2025-05-30 03:00:36.599 [info] > git cat-file -s 6fc181635da2ac22cd6058481eaf4a24b28f9218 [1ms]
2025-05-30 03:00:36.984 [info] > git show --textconv :bank_report_ocr_backend/src/main.py [3ms]
2025-05-30 03:00:57.424 [info] > git config --get commit.template [4ms]
2025-05-30 03:00:57.425 [info] > git for-each-ref --format=%(refname)%00%(upstream:short)%00%(objectname)%00%(upstream:track)%00%(upstream:remotename)%00%(upstream:remoteref) refs/heads/main refs/remotes/main [2ms]
2025-05-30 03:00:57.463 [info] > git for-each-ref --sort -committerdate --format %(refname)%00%(objectname)%00%(*objectname) [14ms]
2025-05-30 03:00:57.479 [info] > git status -z -uall [39ms]
2025-05-30 03:01:02.490 [info] > git config --get commit.template [3ms]
2025-05-30 03:01:02.490 [info] > git for-each-ref --format=%(refname)%00%(upstream:short)%00%(objectname)%00%(upstream:track)%00%(upstream:remotename)%00%(upstream:remoteref) refs/heads/main refs/remotes/main [1ms]
2025-05-30 03:01:02.496 [info] > git for-each-ref --sort -committerdate --format %(refname)%00%(objectname)%00%(*objectname) [1ms]
2025-05-30 03:01:02.530 [info] > git status -z -uall [37ms]
2025-05-30 03:01:28.578 [info] > git config --get commit.template [1ms]
2025-05-30 03:01:28.583 [info] > git for-each-ref --format=%(refname)%00%(upstream:short)%00%(objectname)%00%(upstream:track)%00%(upstream:remotename)%00%(upstream:remoteref) refs/heads/main refs/remotes/main [2ms]
2025-05-30 03:01:28.600 [info] > git for-each-ref --sort -committerdate --format %(refname)%00%(objectname)%00%(*objectname) [11ms]
2025-05-30 03:01:28.628 [info] > git status -z -uall [41ms]
2025-05-30 03:01:33.210 [info] > git check-ignore -v -z --stdin [3ms]
2025-05-30 03:01:33.639 [info] > git config --get commit.template [3ms]
2025-05-30 03:01:33.640 [info] > git for-each-ref --format=%(refname)%00%(upstream:short)%00%(objectname)%00%(upstream:track)%00%(upstream:remotename)%00%(upstream:remoteref) refs/heads/main refs/remotes/main [1ms]
2025-05-30 03:01:33.647 [info] > git for-each-ref --sort -committerdate --format %(refname)%00%(objectname)%00%(*objectname) [2ms]
2025-05-30 03:01:33.680 [info] > git status -z -uall [37ms]
2025-05-30 03:01:37.120 [info] > git check-ignore -v -z --stdin [3ms]
2025-05-30 03:01:38.281 [info] > git show --textconv :bank_report_ocr_backend/data/corrections.json [3ms]
2025-05-30 03:01:38.283 [info] > git ls-files --stage -- bank_report_ocr_backend/data/corrections.json [3ms]
2025-05-30 03:01:38.286 [info] > git cat-file -s bf9119e5d4411835f99c1735e3000ab4da2bebd6 [1ms]
2025-05-30 03:01:45.099 [info] > git blame --root --incremental 0c00ee7206f1a219b9613102d1b3f152799669e0 -- bank_report_ocr_backend/data/corrections.json [2ms]
2025-05-30 03:02:24.954 [info] > git config --get commit.template [3ms]
2025-05-30 03:02:24.956 [info] > git for-each-ref --format=%(refname)%00%(upstream:short)%00%(objectname)%00%(upstream:track)%00%(upstream:remotename)%00%(upstream:remoteref) refs/heads/main refs/remotes/main [3ms]
2025-05-30 03:02:24.985 [info] > git for-each-ref --sort -committerdate --format %(refname)%00%(objectname)%00%(*objectname) [1ms]
2025-05-30 03:02:25.012 [info] > git status -z -uall [39ms]
2025-05-30 03:02:34.130 [info] > git config --get commit.template [4ms]
2025-05-30 03:02:34.130 [info] > git for-each-ref --format=%(refname)%00%(upstream:short)%00%(objectname)%00%(upstream:track)%00%(upstream:remotename)%00%(upstream:remoteref) refs/heads/main refs/remotes/main [1ms]
2025-05-30 03:02:34.137 [info] > git for-each-ref --sort -committerdate --format %(refname)%00%(objectname)%00%(*objectname) [1ms]
2025-05-30 03:02:34.172 [info] > git status -z -uall [39ms]
2025-05-30 03:08:23.378 [info] > git config --get commit.template [3ms]
2025-05-30 03:08:23.378 [info] > git for-each-ref --format=%(refname)%00%(upstream:short)%00%(objectname)%00%(upstream:track)%00%(upstream:remotename)%00%(upstream:remoteref) refs/heads/main refs/remotes/main [2ms]
2025-05-30 03:08:23.385 [info] > git for-each-ref --sort -committerdate --format %(refname)%00%(objectname)%00%(*objectname) [2ms]
2025-05-30 03:08:23.420 [info] > git status -z -uall [39ms]
2025-05-30 03:08:23.496 [info] > git fetch [126ms]
2025-05-30 03:08:23.504 [info] > git config --get commit.template [3ms]
2025-05-30 03:08:23.504 [info] > git for-each-ref --format=%(refname)%00%(upstream:short)%00%(objectname)%00%(upstream:track)%00%(upstream:remotename)%00%(upstream:remoteref) refs/heads/main refs/remotes/main [1ms]
2025-05-30 03:08:23.511 [info] > git for-each-ref --sort -committerdate --format %(refname)%00%(objectname)%00%(*objectname) [1ms]
2025-05-30 03:08:23.545 [info] > git status -z -uall [38ms]
2025-05-30 03:08:25.656 [info] > git ls-files --stage -- bank_report_ocr_backend/data/corrections.json [3ms]
2025-05-30 03:08:25.660 [info] > git cat-file -s bf9119e5d4411835f99c1735e3000ab4da2bebd6 [1ms]
2025-05-30 03:08:26.049 [info] > git show --textconv :bank_report_ocr_backend/data/corrections.json [3ms]
2025-05-30 03:08:26.850 [info] > git show --textconv :bank_report_ocr_backend/src/main.py [4ms]
2025-05-30 03:08:26.852 [info] > git ls-files --stage -- bank_report_ocr_backend/src/main.py [3ms]
2025-05-30 03:08:26.855 [info] > git cat-file -s 6fc181635da2ac22cd6058481eaf4a24b28f9218 [1ms]
2025-05-30 03:08:28.434 [info] > git config --get commit.template [3ms]
2025-05-30 03:08:28.434 [info] > git for-each-ref --format=%(refname)%00%(upstream:short)%00%(objectname)%00%(upstream:track)%00%(upstream:remotename)%00%(upstream:remoteref) refs/heads/main refs/remotes/main [1ms]
2025-05-30 03:08:28.441 [info] > git for-each-ref --sort -committerdate --format %(refname)%00%(objectname)%00%(*objectname) [1ms]
2025-05-30 03:08:28.474 [info] > git status -z -uall [37ms]
2025-05-30 03:08:49.833 [info] > git config --get commit.template [1ms]
2025-05-30 03:08:49.838 [info] > git for-each-ref --format=%(refname)%00%(upstream:short)%00%(objectname)%00%(upstream:track)%00%(upstream:remotename)%00%(upstream:remoteref) refs/heads/main refs/remotes/main [1ms]
2025-05-30 03:08:49.848 [info] > git for-each-ref --sort -committerdate --format %(refname)%00%(objectname)%00%(*objectname) [1ms]
2025-05-30 03:08:49.882 [info] > git status -z -uall [40ms]
2025-05-30 03:08:54.893 [info] > git config --get commit.template [3ms]
2025-05-30 03:08:54.894 [info] > git for-each-ref --format=%(refname)%00%(upstream:short)%00%(objectname)%00%(upstream:track)%00%(upstream:remotename)%00%(upstream:remoteref) refs/heads/main refs/remotes/main [2ms]
2025-05-30 03:08:54.900 [info] > git for-each-ref --sort -committerdate --format %(refname)%00%(objectname)%00%(*objectname) [1ms]
2025-05-30 03:08:54.935 [info] > git status -z -uall [39ms]
2025-05-30 03:10:15.505 [info] > git config --get commit.template [5ms]
2025-05-30 03:10:15.505 [info] > git for-each-ref --format=%(refname)%00%(upstream:short)%00%(objectname)%00%(upstream:track)%00%(upstream:remotename)%00%(upstream:remoteref) refs/heads/main refs/remotes/main [2ms]
2025-05-30 03:10:15.515 [info] > git for-each-ref --sort -committerdate --format %(refname)%00%(objectname)%00%(*objectname) [2ms]
2025-05-30 03:10:15.551 [info] > git status -z -uall [42ms]
2025-05-30 03:12:39.236 [info] > git fetch [129ms]
2025-05-30 03:12:39.244 [info] > git config --get commit.template [3ms]
2025-05-30 03:12:39.244 [info] > git for-each-ref --format=%(refname)%00%(upstream:short)%00%(objectname)%00%(upstream:track)%00%(upstream:remotename)%00%(upstream:remoteref) refs/heads/main refs/remotes/main [1ms]
2025-05-30 03:12:39.251 [info] > git for-each-ref --sort -committerdate --format %(refname)%00%(objectname)%00%(*objectname) [1ms]
2025-05-30 03:12:39.285 [info] > git status -z -uall [38ms]
