2025-05-29 13:24:42.772 [info] [main] Log level: Info
2025-05-29 13:24:42.772 [info] [main] Validating found git in: "git"
2025-05-29 13:24:42.772 [info] [main] Using git "2.34.1" from "git"
2025-05-29 13:24:42.773 [info] [Model][doInitialScan] Initial repository scan started
2025-05-29 13:24:42.773 [info] > git rev-parse --show-toplevel [41ms]
2025-05-29 13:24:42.773 [info] > git rev-parse --git-dir --git-common-dir [3ms]
2025-05-29 13:24:42.773 [info] [Model][openRepository] Opened repository (path): /home/ubuntu
2025-05-29 13:24:42.773 [info] [Model][openRepository] Opened repository (real path): /home/ubuntu
2025-05-29 13:24:42.773 [info] > git rev-parse --show-toplevel [3ms]
2025-05-29 13:24:42.773 [info] > git config --get commit.template [6ms]
2025-05-29 13:24:42.773 [info] > git for-each-ref --format=%(refname)%00%(upstream:short)%00%(objectname)%00%(upstream:track)%00%(upstream:remotename)%00%(upstream:remoteref) refs/heads/main refs/remotes/main [2ms]
2025-05-29 13:24:42.773 [info] > git rev-parse --show-toplevel [8ms]
2025-05-29 13:24:42.773 [info] > git for-each-ref --sort -committerdate --format %(refname)%00%(objectname)%00%(*objectname) [7ms]
2025-05-29 13:24:42.773 [info] > git rev-parse --show-toplevel [2ms]
2025-05-29 13:24:42.774 [info] > git rev-parse --show-toplevel [1ms]
2025-05-29 13:24:42.774 [info] > git rev-parse --show-toplevel [2ms]
2025-05-29 13:24:42.774 [info] > git rev-parse --show-toplevel [1ms]
2025-05-29 13:24:42.774 [info] > git rev-parse --show-toplevel [1ms]
2025-05-29 13:24:42.774 [info] > git rev-parse --show-toplevel [0ms]
2025-05-29 13:24:42.774 [info] > git rev-parse --show-toplevel [1ms]
2025-05-29 13:24:42.774 [info] > git rev-parse --show-toplevel [2ms]
2025-05-29 13:24:42.774 [info] > git status -z -uall [44ms]
2025-05-29 13:24:42.774 [info] > git for-each-ref --format=%(refname)%00%(upstream:short)%00%(objectname)%00%(upstream:track)%00%(upstream:remotename)%00%(upstream:remoteref) refs/heads/main refs/remotes/main [22ms]
2025-05-29 13:24:42.774 [info] > git rev-parse --show-toplevel [47ms]
2025-05-29 13:24:42.774 [info] > git config --get commit.template [7ms]
2025-05-29 13:24:42.774 [info] > git fetch [118ms]
2025-05-29 13:24:42.775 [info] > git config --get --local branch.main.vscode-merge-base [5ms]
2025-05-29 13:24:42.775 [warning] [Git][config] git config failed: Failed to execute git
2025-05-29 13:24:42.775 [info] > git rev-parse --show-toplevel [11ms]
2025-05-29 13:24:42.775 [info] > git for-each-ref --format=%(refname)%00%(upstream:short)%00%(objectname)%00%(upstream:track)%00%(upstream:remotename)%00%(upstream:remoteref) refs/heads/main refs/remotes/main [3ms]
2025-05-29 13:24:42.775 [info] > git reflog main --grep-reflog=branch: Created from *. [7ms]
2025-05-29 13:24:42.776 [info] > git config --get commit.template [5ms]
2025-05-29 13:24:42.776 [info] > git symbolic-ref --short refs/remotes/origin/HEAD [6ms]
2025-05-29 13:24:42.776 [info] fatal: ref refs/remotes/origin/HEAD is not a symbolic ref
2025-05-29 13:24:42.776 [warning] [Repository][getDefaultBranch] Failed to get default branch details: Failed to execute git.
2025-05-29 13:24:42.776 [info] > git for-each-ref --format=%(refname)%00%(upstream:short)%00%(objectname)%00%(upstream:track)%00%(upstream:remotename)%00%(upstream:remoteref) refs/heads/main refs/remotes/main [5ms]
2025-05-29 13:24:42.776 [info] > git rev-parse --show-toplevel [8ms]
2025-05-29 13:24:42.776 [info] > git merge-base refs/heads/main refs/remotes/origin/main [6ms]
2025-05-29 13:24:42.776 [info] > git merge-base refs/heads/main refs/remotes/origin/main [8ms]
2025-05-29 13:24:42.777 [info] > git rev-parse --show-toplevel [10ms]
2025-05-29 13:24:42.777 [info] > git diff --name-status -z --diff-filter=ADMR 0c00ee7206f1a219b9613102d1b3f152799669e0...refs/remotes/origin/main [12ms]
2025-05-29 13:24:42.777 [info] > git diff --name-status -z --diff-filter=ADMR 0c00ee7206f1a219b9613102d1b3f152799669e0...refs/remotes/origin/main [15ms]
2025-05-29 13:24:42.777 [info] > git for-each-ref --sort -committerdate --format %(refname)%00%(objectname)%00%(*objectname) [4ms]
2025-05-29 13:24:42.777 [info] > git rev-parse --show-toplevel [7ms]
2025-05-29 13:24:42.778 [info] > git rev-parse --show-toplevel [7ms]
2025-05-29 13:24:42.782 [info] [Model][doInitialScan] Initial repository scan completed - repositories (1), closed repositories (0), parent repositories (0), unsafe repositories (0)
2025-05-29 13:24:42.798 [info] > git status -z -uall [44ms]
2025-05-29 13:24:43.444 [info] > git check-ignore -v -z --stdin [7ms]
2025-05-29 13:24:43.897 [info] > git show --textconv :bank_report_automation/README.md [4ms]
2025-05-29 13:24:43.900 [info] > git ls-files --stage -- bank_report_automation/README.md [3ms]
2025-05-29 13:24:43.904 [info] > git cat-file -s 8ad41107e08b1c7a9e0dbf8fae8a18a243fa67a6 [1ms]
2025-05-29 13:24:44.687 [info] > git ls-files --stage -- bank_report_automation/README.md [3ms]
2025-05-29 13:24:44.691 [info] > git cat-file -s 8ad41107e08b1c7a9e0dbf8fae8a18a243fa67a6 [2ms]
2025-05-29 13:24:45.210 [info] > git show --textconv :bank_report_automation/README.md [38ms]
2025-05-29 13:26:30.443 [info] > git config --get commit.template [4ms]
2025-05-29 13:26:30.444 [info] > git for-each-ref --format=%(refname)%00%(upstream:short)%00%(objectname)%00%(upstream:track)%00%(upstream:remotename)%00%(upstream:remoteref) refs/heads/main refs/remotes/main [2ms]
2025-05-29 13:26:30.451 [info] > git for-each-ref --sort -committerdate --format %(refname)%00%(objectname)%00%(*objectname) [2ms]
2025-05-29 13:26:30.484 [info] > git status -z -uall [37ms]
2025-05-29 13:26:35.498 [info] > git config --get commit.template [4ms]
2025-05-29 13:26:35.499 [info] > git for-each-ref --format=%(refname)%00%(upstream:short)%00%(objectname)%00%(upstream:track)%00%(upstream:remotename)%00%(upstream:remoteref) refs/heads/main refs/remotes/main [2ms]
2025-05-29 13:26:35.506 [info] > git for-each-ref --sort -committerdate --format %(refname)%00%(objectname)%00%(*objectname) [2ms]
2025-05-29 13:26:35.539 [info] > git status -z -uall [37ms]
2025-05-29 13:26:40.549 [info] > git config --get commit.template [3ms]
2025-05-29 13:26:40.550 [info] > git for-each-ref --format=%(refname)%00%(upstream:short)%00%(objectname)%00%(upstream:track)%00%(upstream:remotename)%00%(upstream:remoteref) refs/heads/main refs/remotes/main [1ms]
2025-05-29 13:26:40.557 [info] > git for-each-ref --sort -committerdate --format %(refname)%00%(objectname)%00%(*objectname) [1ms]
2025-05-29 13:26:40.590 [info] > git status -z -uall [37ms]
2025-05-29 13:26:58.451 [info] > git ls-files --stage -- bank_report_automation/README.md [3ms]
2025-05-29 13:26:58.456 [info] > git cat-file -s 8ad41107e08b1c7a9e0dbf8fae8a18a243fa67a6 [1ms]
2025-05-29 13:26:58.753 [info] > git show --textconv :bank_report_automation/README.md [3ms]
2025-05-29 13:27:02.937 [info] > git config --get commit.template [4ms]
2025-05-29 13:27:02.938 [info] > git for-each-ref --format=%(refname)%00%(upstream:short)%00%(objectname)%00%(upstream:track)%00%(upstream:remotename)%00%(upstream:remoteref) refs/heads/main refs/remotes/main [2ms]
2025-05-29 13:27:02.946 [info] > git for-each-ref --sort -committerdate --format %(refname)%00%(objectname)%00%(*objectname) [3ms]
2025-05-29 13:27:02.981 [info] > git status -z -uall [40ms]
2025-05-29 13:27:07.993 [info] > git config --get commit.template [4ms]
2025-05-29 13:27:07.994 [info] > git for-each-ref --format=%(refname)%00%(upstream:short)%00%(objectname)%00%(upstream:track)%00%(upstream:remotename)%00%(upstream:remoteref) refs/heads/main refs/remotes/main [2ms]
2025-05-29 13:27:08.000 [info] > git for-each-ref --sort -committerdate --format %(refname)%00%(objectname)%00%(*objectname) [1ms]
2025-05-29 13:27:08.035 [info] > git status -z -uall [39ms]
2025-05-29 13:27:32.452 [info] > git config --get commit.template [4ms]
2025-05-29 13:27:32.453 [info] > git for-each-ref --format=%(refname)%00%(upstream:short)%00%(objectname)%00%(upstream:track)%00%(upstream:remotename)%00%(upstream:remoteref) refs/heads/main refs/remotes/main [2ms]
2025-05-29 13:27:32.463 [info] > git for-each-ref --sort -committerdate --format %(refname)%00%(objectname)%00%(*objectname) [3ms]
2025-05-29 13:27:32.502 [info] > git status -z -uall [45ms]
2025-05-29 13:27:38.383 [info] > git config --get commit.template [5ms]
2025-05-29 13:27:38.383 [info] > git for-each-ref --format=%(refname)%00%(upstream:short)%00%(objectname)%00%(upstream:track)%00%(upstream:remotename)%00%(upstream:remoteref) refs/heads/main refs/remotes/main [1ms]
2025-05-29 13:27:38.392 [info] > git for-each-ref --sort -committerdate --format %(refname)%00%(objectname)%00%(*objectname) [2ms]
2025-05-29 13:27:38.429 [info] > git status -z -uall [42ms]
2025-05-29 13:27:42.974 [info] > git fetch [168ms]
2025-05-29 13:27:42.991 [info] > git config --get commit.template [13ms]
2025-05-29 13:27:42.992 [info] > git for-each-ref --format=%(refname)%00%(upstream:short)%00%(objectname)%00%(upstream:track)%00%(upstream:remotename)%00%(upstream:remoteref) refs/heads/main refs/remotes/main [2ms]
2025-05-29 13:27:43.005 [info] > git for-each-ref --sort -committerdate --format %(refname)%00%(objectname)%00%(*objectname) [6ms]
2025-05-29 13:27:43.044 [info] > git status -z -uall [48ms]
2025-05-29 13:27:45.104 [info] > git ls-files --stage -- bank_report_automation/README.md [2ms]
2025-05-29 13:27:45.109 [info] > git cat-file -s 8ad41107e08b1c7a9e0dbf8fae8a18a243fa67a6 [1ms]
2025-05-29 13:27:45.418 [info] > git show --textconv :bank_report_automation/README.md [3ms]
2025-05-29 13:27:47.355 [info] > git config --get commit.template [4ms]
2025-05-29 13:27:47.355 [info] > git for-each-ref --format=%(refname)%00%(upstream:short)%00%(objectname)%00%(upstream:track)%00%(upstream:remotename)%00%(upstream:remoteref) refs/heads/main refs/remotes/main [1ms]
2025-05-29 13:27:47.365 [info] > git for-each-ref --sort -committerdate --format %(refname)%00%(objectname)%00%(*objectname) [2ms]
2025-05-29 13:27:47.399 [info] > git status -z -uall [40ms]
2025-05-29 13:28:00.476 [info] > git config --get commit.template [4ms]
2025-05-29 13:28:00.476 [info] > git for-each-ref --format=%(refname)%00%(upstream:short)%00%(objectname)%00%(upstream:track)%00%(upstream:remotename)%00%(upstream:remoteref) refs/heads/main refs/remotes/main [1ms]
2025-05-29 13:28:00.483 [info] > git for-each-ref --sort -committerdate --format %(refname)%00%(objectname)%00%(*objectname) [2ms]
2025-05-29 13:28:00.518 [info] > git status -z -uall [39ms]
2025-05-29 13:28:10.884 [info] > git show --textconv :bank_report_automation/README.md [4ms]
2025-05-29 13:28:10.886 [info] > git ls-files --stage -- bank_report_automation/README.md [3ms]
2025-05-29 13:28:10.890 [info] > git cat-file -s 8ad41107e08b1c7a9e0dbf8fae8a18a243fa67a6 [1ms]
2025-05-29 13:28:11.589 [info] > git blame --root --incremental 0c00ee7206f1a219b9613102d1b3f152799669e0 -- bank_report_automation/README.md [2ms]
2025-05-29 13:28:14.896 [info] > git config --get commit.template [5ms]
2025-05-29 13:28:14.897 [info] > git for-each-ref --format=%(refname)%00%(upstream:short)%00%(objectname)%00%(upstream:track)%00%(upstream:remotename)%00%(upstream:remoteref) refs/heads/main refs/remotes/main [2ms]
2025-05-29 13:28:14.906 [info] > git for-each-ref --sort -committerdate --format %(refname)%00%(objectname)%00%(*objectname) [1ms]
2025-05-29 13:28:14.967 [info] > git status -z -uall [66ms]
2025-05-29 13:28:19.983 [info] > git for-each-ref --format=%(refname)%00%(upstream:short)%00%(objectname)%00%(upstream:track)%00%(upstream:remotename)%00%(upstream:remoteref) refs/heads/main refs/remotes/main [2ms]
2025-05-29 13:28:19.983 [info] > git config --get commit.template [7ms]
2025-05-29 13:28:20.002 [info] > git for-each-ref --sort -committerdate --format %(refname)%00%(objectname)%00%(*objectname) [1ms]
2025-05-29 13:28:20.060 [info] > git status -z -uall [68ms]
2025-05-29 13:28:25.073 [info] > git config --get commit.template [4ms]
2025-05-29 13:28:25.074 [info] > git for-each-ref --format=%(refname)%00%(upstream:short)%00%(objectname)%00%(upstream:track)%00%(upstream:remotename)%00%(upstream:remoteref) refs/heads/main refs/remotes/main [1ms]
2025-05-29 13:28:25.083 [info] > git for-each-ref --sort -committerdate --format %(refname)%00%(objectname)%00%(*objectname) [2ms]
2025-05-29 13:28:25.118 [info] > git status -z -uall [40ms]
2025-05-29 13:29:26.442 [info] > git for-each-ref --format=%(refname)%00%(upstream:short)%00%(objectname)%00%(upstream:track)%00%(upstream:remotename)%00%(upstream:remoteref) refs/heads/main refs/remotes/main [2ms]
2025-05-29 13:29:26.443 [info] > git config --get commit.template [6ms]
2025-05-29 13:29:26.476 [info] > git for-each-ref --sort -committerdate --format %(refname)%00%(objectname)%00%(*objectname) [8ms]
2025-05-29 13:29:26.505 [info] > git status -z -uall [49ms]
2025-05-29 13:29:29.440 [info] > git show --textconv :bank_report_ocr_backend/src/main.py [5ms]
2025-05-29 13:29:29.441 [info] > git ls-files --stage -- bank_report_ocr_backend/src/main.py [3ms]
2025-05-29 13:29:29.446 [info] > git cat-file -s 6fc181635da2ac22cd6058481eaf4a24b28f9218 [2ms]
2025-05-29 13:29:29.771 [info] > git blame --root --incremental 0c00ee7206f1a219b9613102d1b3f152799669e0 -- bank_report_ocr_backend/src/main.py [2ms]
2025-05-29 13:29:31.516 [info] > git config --get commit.template [3ms]
2025-05-29 13:29:31.517 [info] > git for-each-ref --format=%(refname)%00%(upstream:short)%00%(objectname)%00%(upstream:track)%00%(upstream:remotename)%00%(upstream:remoteref) refs/heads/main refs/remotes/main [1ms]
2025-05-29 13:29:31.524 [info] > git for-each-ref --sort -committerdate --format %(refname)%00%(objectname)%00%(*objectname) [1ms]
2025-05-29 13:29:31.559 [info] > git status -z -uall [39ms]
2025-05-29 13:29:45.965 [info] > git config --get commit.template [2ms]
2025-05-29 13:29:45.973 [info] > git for-each-ref --format=%(refname)%00%(upstream:short)%00%(objectname)%00%(upstream:track)%00%(upstream:remotename)%00%(upstream:remoteref) refs/heads/main refs/remotes/main [1ms]
2025-05-29 13:29:45.990 [info] > git for-each-ref --sort -committerdate --format %(refname)%00%(objectname)%00%(*objectname) [1ms]
2025-05-29 13:29:46.033 [info] > git status -z -uall [54ms]
2025-05-29 13:29:58.685 [info] > git ls-files --stage -- bank_report_ocr_backend/src/main.py [3ms]
2025-05-29 13:29:58.689 [info] > git cat-file -s 6fc181635da2ac22cd6058481eaf4a24b28f9218 [1ms]
2025-05-29 13:29:59.010 [info] > git show --textconv :bank_report_ocr_backend/src/main.py [3ms]
2025-05-29 13:30:00.322 [info] > git show --textconv :bank_report_ocr_backend/src/templates/index.html [4ms]
2025-05-29 13:30:00.325 [info] > git ls-files --stage -- bank_report_ocr_backend/src/templates/index.html [3ms]
2025-05-29 13:30:00.329 [info] > git cat-file -s 6f81e6df2fef919f4de2fbacb7828b165fbabb40 [1ms]
2025-05-29 13:30:00.715 [info] > git blame --root --incremental 0c00ee7206f1a219b9613102d1b3f152799669e0 -- bank_report_ocr_backend/src/templates/index.html [14ms]
2025-05-29 13:30:32.016 [info] > git config --get commit.template [4ms]
2025-05-29 13:30:32.017 [info] > git for-each-ref --format=%(refname)%00%(upstream:short)%00%(objectname)%00%(upstream:track)%00%(upstream:remotename)%00%(upstream:remoteref) refs/heads/main refs/remotes/main [1ms]
2025-05-29 13:30:32.027 [info] > git for-each-ref --sort -committerdate --format %(refname)%00%(objectname)%00%(*objectname) [2ms]
2025-05-29 13:30:32.062 [info] > git status -z -uall [41ms]
2025-05-29 13:30:43.169 [info] > git fetch [113ms]
2025-05-29 13:30:43.179 [info] > git config --get commit.template [5ms]
2025-05-29 13:30:43.180 [info] > git for-each-ref --format=%(refname)%00%(upstream:short)%00%(objectname)%00%(upstream:track)%00%(upstream:remotename)%00%(upstream:remoteref) refs/heads/main refs/remotes/main [1ms]
2025-05-29 13:30:43.193 [info] > git for-each-ref --sort -committerdate --format %(refname)%00%(objectname)%00%(*objectname) [1ms]
2025-05-29 13:30:43.224 [info] > git status -z -uall [39ms]
2025-05-29 13:30:50.265 [info] > git ls-files --stage -- bank_report_ocr_backend/src/templates/index.html [3ms]
2025-05-29 13:30:50.268 [info] > git cat-file -s 6f81e6df2fef919f4de2fbacb7828b165fbabb40 [1ms]
2025-05-29 13:30:50.577 [info] > git show --textconv :bank_report_ocr_backend/src/templates/index.html [4ms]
2025-05-29 13:31:32.994 [info] > git config --get commit.template [4ms]
2025-05-29 13:31:32.994 [info] > git for-each-ref --format=%(refname)%00%(upstream:short)%00%(objectname)%00%(upstream:track)%00%(upstream:remotename)%00%(upstream:remoteref) refs/heads/main refs/remotes/main [1ms]
2025-05-29 13:31:33.001 [info] > git for-each-ref --sort -committerdate --format %(refname)%00%(objectname)%00%(*objectname) [1ms]
2025-05-29 13:31:33.034 [info] > git status -z -uall [37ms]
2025-05-29 13:33:21.397 [info] > git config --get commit.template [4ms]
2025-05-29 13:33:21.397 [info] > git for-each-ref --format=%(refname)%00%(upstream:short)%00%(objectname)%00%(upstream:track)%00%(upstream:remotename)%00%(upstream:remoteref) refs/heads/main refs/remotes/main [1ms]
2025-05-29 13:33:21.404 [info] > git for-each-ref --sort -committerdate --format %(refname)%00%(objectname)%00%(*objectname) [1ms]
2025-05-29 13:33:21.441 [info] > git status -z -uall [40ms]
2025-05-29 13:33:22.764 [info] > git ls-files --stage -- bank_report_ocr_backend/src/templates/index.html [3ms]
2025-05-29 13:33:22.770 [info] > git cat-file -s 6f81e6df2fef919f4de2fbacb7828b165fbabb40 [1ms]
2025-05-29 13:33:23.025 [info] > git show --textconv :bank_report_ocr_backend/src/templates/index.html [4ms]
2025-05-29 13:33:26.452 [info] > git config --get commit.template [3ms]
2025-05-29 13:33:26.453 [info] > git for-each-ref --format=%(refname)%00%(upstream:short)%00%(objectname)%00%(upstream:track)%00%(upstream:remotename)%00%(upstream:remoteref) refs/heads/main refs/remotes/main [1ms]
2025-05-29 13:33:26.459 [info] > git for-each-ref --sort -committerdate --format %(refname)%00%(objectname)%00%(*objectname) [1ms]
2025-05-29 13:33:26.495 [info] > git status -z -uall [39ms]
2025-05-29 13:33:43.383 [info] > git fetch [151ms]
2025-05-29 13:33:43.389 [info] > git config --get commit.template [3ms]
2025-05-29 13:33:43.390 [info] > git for-each-ref --format=%(refname)%00%(upstream:short)%00%(objectname)%00%(upstream:track)%00%(upstream:remotename)%00%(upstream:remoteref) refs/heads/main refs/remotes/main [1ms]
2025-05-29 13:33:43.397 [info] > git for-each-ref --sort -committerdate --format %(refname)%00%(objectname)%00%(*objectname) [1ms]
2025-05-29 13:33:43.430 [info] > git status -z -uall [37ms]
2025-05-29 13:33:45.115 [info] > git ls-files --stage -- bank_report_ocr_backend/src/templates/index.html [3ms]
2025-05-29 13:33:45.118 [info] > git cat-file -s 6f81e6df2fef919f4de2fbacb7828b165fbabb40 [1ms]
2025-05-29 13:33:45.386 [info] > git show --textconv :bank_report_ocr_backend/src/templates/index.html [4ms]
2025-05-29 13:35:36.164 [info] > git config --get commit.template [4ms]
2025-05-29 13:35:36.164 [info] > git for-each-ref --format=%(refname)%00%(upstream:short)%00%(objectname)%00%(upstream:track)%00%(upstream:remotename)%00%(upstream:remoteref) refs/heads/main refs/remotes/main [1ms]
2025-05-29 13:35:36.178 [info] > git for-each-ref --sort -committerdate --format %(refname)%00%(objectname)%00%(*objectname) [5ms]
2025-05-29 13:35:36.208 [info] > git status -z -uall [39ms]
2025-05-29 13:35:41.220 [info] > git config --get commit.template [3ms]
2025-05-29 13:35:41.220 [info] > git for-each-ref --format=%(refname)%00%(upstream:short)%00%(objectname)%00%(upstream:track)%00%(upstream:remotename)%00%(upstream:remoteref) refs/heads/main refs/remotes/main [1ms]
2025-05-29 13:35:41.227 [info] > git for-each-ref --sort -committerdate --format %(refname)%00%(objectname)%00%(*objectname) [1ms]
2025-05-29 13:35:41.260 [info] > git status -z -uall [37ms]
2025-05-29 13:35:58.991 [info] > git ls-files --stage -- bank_report_ocr_backend/src/templates/index.html [3ms]
2025-05-29 13:35:58.994 [info] > git cat-file -s 6f81e6df2fef919f4de2fbacb7828b165fbabb40 [1ms]
2025-05-29 13:35:59.252 [info] > git show --textconv :bank_report_ocr_backend/src/templates/index.html [3ms]
2025-05-29 13:36:43.568 [info] > git fetch [130ms]
2025-05-29 13:36:43.575 [info] > git config --get commit.template [2ms]
2025-05-29 13:36:43.575 [info] > git for-each-ref --format=%(refname)%00%(upstream:short)%00%(objectname)%00%(upstream:track)%00%(upstream:remotename)%00%(upstream:remoteref) refs/heads/main refs/remotes/main [1ms]
2025-05-29 13:36:43.582 [info] > git for-each-ref --sort -committerdate --format %(refname)%00%(objectname)%00%(*objectname) [1ms]
2025-05-29 13:36:43.615 [info] > git status -z -uall [37ms]
2025-05-29 13:36:45.295 [info] > git ls-files --stage -- bank_report_ocr_backend/src/templates/index.html [3ms]
2025-05-29 13:36:45.298 [info] > git cat-file -s 6f81e6df2fef919f4de2fbacb7828b165fbabb40 [1ms]
2025-05-29 13:36:45.571 [info] > git show --textconv :bank_report_ocr_backend/src/templates/index.html [3ms]
2025-05-29 13:37:30.351 [info] > git config --get commit.template [6ms]
2025-05-29 13:37:30.351 [info] > git for-each-ref --format=%(refname)%00%(upstream:short)%00%(objectname)%00%(upstream:track)%00%(upstream:remotename)%00%(upstream:remoteref) refs/heads/main refs/remotes/main [1ms]
2025-05-29 13:37:30.359 [info] > git for-each-ref --sort -committerdate --format %(refname)%00%(objectname)%00%(*objectname) [1ms]
2025-05-29 13:37:30.397 [info] > git status -z -uall [42ms]
