2025-05-27 04:50:50.011 [info] Extension host with pid 36442 started
2025-05-27 04:50:50.014 [info] Lock '/home/ubuntu/.local/share/code-server/User/workspaceStorage/55104b82/vscode.lock': Lock acquired.
2025-05-27 04:50:50.434 [info] ExtensionService#_doActivateExtension vscode.emmet, startup: false, activationEvent: 'onLanguage'
2025-05-27 04:50:50.812 [info] ExtensionService#_doActivateExtension vscode.git-base, startup: true, activationEvent: '*', root cause: vscode.git
2025-05-27 04:50:51.127 [info] ExtensionService#_doActivateExtension vscode.git, startup: true, activationEvent: '*'
2025-05-27 04:50:51.127 [info] ExtensionService#_doActivateExtension vscode.github, startup: true, activationEvent: '*'
2025-05-27 04:50:51.632 [info] Eager extensions activated
2025-05-27 04:50:51.633 [info] ExtensionService#_doActivateExtension vscode.debug-auto-launch, startup: false, activationEvent: 'onStartupFinished'
2025-05-27 04:50:51.633 [info] ExtensionService#_doActivateExtension vscode.merge-conflict, startup: false, activationEvent: 'onStartupFinished'
2025-05-27 04:50:52.237 [info] ExtensionService#_doActivateExtension vscode.github-authentication, startup: false, activationEvent: 'onAuthenticationRequest:github'
2025-05-27 04:52:15.620 [info] ExtensionService#_doActivateExtension vscode.npm, startup: false, activationEvent: 'onTerminalQuickFixRequest:ms-vscode.npm-command'
2025-05-27 04:52:22.948 [info] ExtensionService#_doActivateExtension vscode.configuration-editing, startup: false, activationEvent: 'onLanguage:json'
2025-05-27 04:52:22.949 [info] ExtensionService#_doActivateExtension vscode.extension-editing, startup: false, activationEvent: 'onLanguage:json'
2025-05-27 04:52:22.949 [info] ExtensionService#_doActivateExtension vscode.json-language-features, startup: false, activationEvent: 'onLanguage:json'
2025-05-27 05:02:00.871 [error] Error: Git error
	at ChildProcess.<anonymous> (/usr/lib/code-server/lib/vscode/extensions/git/dist/main.js:2:601075)
	at ChildProcess.emit (node:events:536:35)
	at ChildProcess._handle.onexit (node:internal/child_process:293:12)
2025-05-27 05:02:00.871 [error] Error: Git error
	at ChildProcess.<anonymous> (/usr/lib/code-server/lib/vscode/extensions/git/dist/main.js:2:601075)
	at ChildProcess.emit (node:events:536:35)
	at ChildProcess._handle.onexit (node:internal/child_process:293:12)
2025-05-27 05:02:01.873 [error] Error: Git error
	at ChildProcess.<anonymous> (/usr/lib/code-server/lib/vscode/extensions/git/dist/main.js:2:601075)
	at ChildProcess.emit (node:events:536:35)
	at ChildProcess._handle.onexit (node:internal/child_process:293:12)
2025-05-27 05:02:01.875 [error] Error: Git error
	at ChildProcess.<anonymous> (/usr/lib/code-server/lib/vscode/extensions/git/dist/main.js:2:601075)
	at ChildProcess.emit (node:events:536:35)
	at ChildProcess._handle.onexit (node:internal/child_process:293:12)
2025-05-27 05:02:47.008 [error] Error: Git error
	at ChildProcess.<anonymous> (/usr/lib/code-server/lib/vscode/extensions/git/dist/main.js:2:601075)
	at ChildProcess.emit (node:events:536:35)
	at ChildProcess._handle.onexit (node:internal/child_process:293:12)
2025-05-27 05:02:47.008 [error] Error: Git error
	at ChildProcess.<anonymous> (/usr/lib/code-server/lib/vscode/extensions/git/dist/main.js:2:601075)
	at ChildProcess.emit (node:events:536:35)
	at ChildProcess._handle.onexit (node:internal/child_process:293:12)
2025-05-27 05:02:47.008 [error] Error: Git error
	at ChildProcess.<anonymous> (/usr/lib/code-server/lib/vscode/extensions/git/dist/main.js:2:601075)
	at ChildProcess.emit (node:events:536:35)
	at ChildProcess._handle.onexit (node:internal/child_process:293:12)
2025-05-27 05:02:47.008 [error] Error: Git error
	at ChildProcess.<anonymous> (/usr/lib/code-server/lib/vscode/extensions/git/dist/main.js:2:601075)
	at ChildProcess.emit (node:events:536:35)
	at ChildProcess._handle.onexit (node:internal/child_process:293:12)
2025-05-27 05:02:47.008 [error] Error: Git error
	at ChildProcess.<anonymous> (/usr/lib/code-server/lib/vscode/extensions/git/dist/main.js:2:601075)
	at ChildProcess.emit (node:events:536:35)
	at ChildProcess._handle.onexit (node:internal/child_process:293:12)
2025-05-27 05:02:47.008 [error] Error: Git error
	at ChildProcess.<anonymous> (/usr/lib/code-server/lib/vscode/extensions/git/dist/main.js:2:601075)
	at ChildProcess.emit (node:events:536:35)
	at ChildProcess._handle.onexit (node:internal/child_process:293:12)
2025-05-27 05:02:48.009 [error] Error: Git error
	at ChildProcess.<anonymous> (/usr/lib/code-server/lib/vscode/extensions/git/dist/main.js:2:601075)
	at ChildProcess.emit (node:events:536:35)
	at ChildProcess._handle.onexit (node:internal/child_process:293:12)
2025-05-27 05:02:48.011 [error] Error: Git error
	at ChildProcess.<anonymous> (/usr/lib/code-server/lib/vscode/extensions/git/dist/main.js:2:601075)
	at ChildProcess.emit (node:events:536:35)
	at ChildProcess._handle.onexit (node:internal/child_process:293:12)
2025-05-27 05:02:48.011 [error] Error: Git error
	at ChildProcess.<anonymous> (/usr/lib/code-server/lib/vscode/extensions/git/dist/main.js:2:601075)
	at ChildProcess.emit (node:events:536:35)
	at ChildProcess._handle.onexit (node:internal/child_process:293:12)
2025-05-27 05:02:48.012 [error] Error: Git error
	at ChildProcess.<anonymous> (/usr/lib/code-server/lib/vscode/extensions/git/dist/main.js:2:601075)
	at ChildProcess.emit (node:events:536:35)
	at ChildProcess._handle.onexit (node:internal/child_process:293:12)
2025-05-27 05:02:48.012 [error] Error: Git error
	at ChildProcess.<anonymous> (/usr/lib/code-server/lib/vscode/extensions/git/dist/main.js:2:601075)
	at ChildProcess.emit (node:events:536:35)
	at ChildProcess._handle.onexit (node:internal/child_process:293:12)
2025-05-27 05:02:48.013 [error] Error: Git error
	at ChildProcess.<anonymous> (/usr/lib/code-server/lib/vscode/extensions/git/dist/main.js:2:601075)
	at ChildProcess.emit (node:events:536:35)
	at ChildProcess._handle.onexit (node:internal/child_process:293:12)
2025-05-27 05:03:06.707 [info] Extension host terminating: received terminate message from renderer
2025-05-27 05:03:06.708 [info] Lock '/home/ubuntu/.local/share/code-server/User/workspaceStorage/55104b82/vscode.lock': Marking the lockfile as scheduled to be released in 6000 ms.
2025-05-27 05:03:06.750 [info] Extension host with pid 36442 exiting with code 0
