2025-05-30 03:10:31.522 [info] [main] Log level: Info
2025-05-30 03:10:31.523 [info] [main] Validating found git in: "git"
2025-05-30 03:10:31.523 [info] [main] Using git "2.34.1" from "git"
2025-05-30 03:10:31.523 [info] [Model][doInitialScan] Initial repository scan started
2025-05-30 03:10:31.523 [info] > git rev-parse --show-toplevel [2ms]
2025-05-30 03:10:31.523 [info] > git rev-parse --git-dir --git-common-dir [1ms]
2025-05-30 03:10:31.523 [info] [Model][openRepository] Opened repository (path): /home/ubuntu
2025-05-30 03:10:31.523 [info] [Model][openRepository] Opened repository (real path): /home/ubuntu
2025-05-30 03:10:31.523 [info] > git config --get commit.template [3ms]
2025-05-30 03:10:31.523 [info] > git rev-parse --show-toplevel [2ms]
2025-05-30 03:10:31.523 [info] > git for-each-ref --format=%(refname)%00%(upstream:short)%00%(objectname)%00%(upstream:track)%00%(upstream:remotename)%00%(upstream:remoteref) refs/heads/main refs/remotes/main [2ms]
2025-05-30 03:10:31.523 [info] > git rev-parse --show-toplevel [7ms]
2025-05-30 03:10:31.523 [info] > git for-each-ref --sort -committerdate --format %(refname)%00%(objectname)%00%(*objectname) [5ms]
2025-05-30 03:10:31.523 [info] > git rev-parse --show-toplevel [2ms]
2025-05-30 03:10:31.523 [info] > git rev-parse --show-toplevel [1ms]
2025-05-30 03:10:31.523 [info] > git rev-parse --show-toplevel [1ms]
2025-05-30 03:10:31.523 [info] > git rev-parse --show-toplevel [1ms]
2025-05-30 03:10:31.523 [info] > git rev-parse --show-toplevel [1ms]
2025-05-30 03:10:31.523 [info] > git rev-parse --show-toplevel [1ms]
2025-05-30 03:10:31.523 [info] > git rev-parse --show-toplevel [1ms]
2025-05-30 03:10:31.523 [info] > git rev-parse --show-toplevel [1ms]
2025-05-30 03:10:31.523 [info] > git rev-parse --show-toplevel [0ms]
2025-05-30 03:10:31.523 [info] > git rev-parse --show-toplevel [0ms]
2025-05-30 03:10:31.523 [info] > git status -z -uall [39ms]
2025-05-30 03:10:31.523 [info] > git rev-parse --show-toplevel [1ms]
2025-05-30 03:10:31.523 [info] > git for-each-ref --format=%(refname)%00%(upstream:short)%00%(objectname)%00%(upstream:track)%00%(upstream:remotename)%00%(upstream:remoteref) refs/heads/main refs/remotes/main [6ms]
2025-05-30 03:10:31.523 [info] > git config --get commit.template [3ms]
2025-05-30 03:10:31.523 [info] > git rev-parse --show-toplevel [6ms]
2025-05-30 03:10:31.523 [info] > git config --get --local branch.main.vscode-merge-base [1ms]
2025-05-30 03:10:31.523 [warning] [Git][config] git config failed: Failed to execute git
2025-05-30 03:10:31.523 [info] > git for-each-ref --format=%(refname)%00%(upstream:short)%00%(objectname)%00%(upstream:track)%00%(upstream:remotename)%00%(upstream:remoteref) refs/heads/main refs/remotes/main [37ms]
2025-05-30 03:10:31.523 [info] > git rev-parse --show-toplevel [38ms]
2025-05-30 03:10:31.523 [info] > git reflog main --grep-reflog=branch: Created from *. [40ms]
2025-05-30 03:10:31.523 [info] > git symbolic-ref --short refs/remotes/origin/HEAD [3ms]
2025-05-30 03:10:31.523 [info] fatal: ref refs/remotes/origin/HEAD is not a symbolic ref
2025-05-30 03:10:31.523 [warning] [Repository][getDefaultBranch] Failed to get default branch details: Failed to execute git.
2025-05-30 03:10:31.523 [info] > git rev-parse --show-toplevel [4ms]
2025-05-30 03:10:31.523 [info] [Model][doInitialScan] Initial repository scan completed - repositories (1), closed repositories (0), parent repositories (0), unsafe repositories (0)
2025-05-30 03:10:31.523 [info] > git merge-base refs/heads/main refs/remotes/origin/main [9ms]
2025-05-30 03:10:31.523 [info] > git for-each-ref --sort -committerdate --format %(refname)%00%(objectname)%00%(*objectname) [5ms]
2025-05-30 03:10:31.523 [info] > git diff --name-status -z --diff-filter=ADMR 0c00ee7206f1a219b9613102d1b3f152799669e0...refs/remotes/origin/main [1ms]
2025-05-30 03:10:31.523 [info] > git status -z -uall [39ms]
2025-05-30 03:10:32.105 [info] > git check-ignore -v -z --stdin [5ms]
2025-05-30 03:10:32.414 [info] > git show --textconv :bank_report_ocr_backend/src/main.py [4ms]
2025-05-30 03:10:32.416 [info] > git ls-files --stage -- bank_report_ocr_backend/src/main.py [3ms]
2025-05-30 03:10:32.419 [info] > git cat-file -s 6fc181635da2ac22cd6058481eaf4a24b28f9218 [1ms]
2025-05-30 03:10:33.223 [info] > git blame --root --incremental 0c00ee7206f1a219b9613102d1b3f152799669e0 -- bank_report_ocr_backend/src/main.py [2ms]
2025-05-30 03:12:11.075 [info] > git fetch [143ms]
2025-05-30 03:12:11.084 [info] > git config --get commit.template [3ms]
2025-05-30 03:12:11.084 [info] > git for-each-ref --format=%(refname)%00%(upstream:short)%00%(objectname)%00%(upstream:track)%00%(upstream:remotename)%00%(upstream:remoteref) refs/heads/main refs/remotes/main [1ms]
2025-05-30 03:12:11.092 [info] > git for-each-ref --sort -committerdate --format %(refname)%00%(objectname)%00%(*objectname) [2ms]
2025-05-30 03:12:11.124 [info] > git status -z -uall [37ms]
2025-05-30 03:12:12.836 [info] > git check-ignore -v -z --stdin [8ms]
2025-05-30 03:12:13.788 [info] > git log --format=%H%n%aN%n%aE%n%at%n%ct%n%P%n%D%n%B -z --shortstat --diff-merges=first-parent -n50 --skip=0 --topo-order --decorate=full --stdin [1478ms]
2025-05-30 03:12:24.134 [info] > git push origin main:main [1451ms]
2025-05-30 03:12:24.134 [info] Everything up-to-date
2025-05-30 03:12:24.142 [info] > git config --get commit.template [4ms]
2025-05-30 03:12:24.143 [info] > git for-each-ref --format=%(refname)%00%(upstream:short)%00%(objectname)%00%(upstream:track)%00%(upstream:remotename)%00%(upstream:remoteref) refs/heads/main refs/remotes/main [1ms]
2025-05-30 03:12:24.149 [info] > git for-each-ref --sort -committerdate --format %(refname)%00%(objectname)%00%(*objectname) [1ms]
2025-05-30 03:12:24.184 [info] > git status -z -uall [39ms]
2025-05-30 03:12:24.197 [info] > git config --get commit.template [4ms]
2025-05-30 03:12:24.197 [info] > git for-each-ref --format=%(refname)%00%(upstream:short)%00%(objectname)%00%(upstream:track)%00%(upstream:remotename)%00%(upstream:remoteref) refs/heads/main refs/remotes/main [1ms]
2025-05-30 03:12:24.203 [info] > git for-each-ref --sort -committerdate --format %(refname)%00%(objectname)%00%(*objectname) [1ms]
2025-05-30 03:12:24.237 [info] > git status -z -uall [37ms]
2025-05-30 03:12:28.663 [info] > git ls-files --stage -- bank_report_ocr_backend/src/main.py [3ms]
2025-05-30 03:12:28.667 [info] > git cat-file -s 6fc181635da2ac22cd6058481eaf4a24b28f9218 [1ms]
2025-05-30 03:12:29.048 [info] > git show --textconv :bank_report_ocr_backend/src/main.py [4ms]
2025-05-30 03:12:41.491 [info] > git add -A -- . [1015ms]
2025-05-30 03:12:43.408 [info] > git show --textconv :.git/COMMIT_EDITMSG [3ms]
2025-05-30 03:12:43.411 [info] > git ls-files --stage -- .git/COMMIT_EDITMSG [3ms]
2025-05-30 03:12:43.413 [info] > git hash-object -t tree /dev/null [3ms]
2025-05-30 03:12:43.414 [warning] [GitFileSystemProvider][readFile] File not found - git:/home/ubuntu/.git/COMMIT_EDITMSG.git?%7B%22path%22%3A%22%2Fhome%2Fubuntu%2F.git%2FCOMMIT_EDITMSG%22%2C%22ref%22%3A%22%22%7D
2025-05-30 03:12:43.416 [info] > git hash-object -t tree /dev/null [3ms]
2025-05-30 03:12:43.416 [warning] [GitFileSystemProvider][stat] File not found - git:/home/ubuntu/.git/COMMIT_EDITMSG.git?%7B%22path%22%3A%22%2Fhome%2Fubuntu%2F.git%2FCOMMIT_EDITMSG%22%2C%22ref%22%3A%22%22%7D
2025-05-30 03:12:43.445 [info] > git check-ignore -v -z --stdin [3ms]
2025-05-30 03:12:46.554 [info] > git blame --root --incremental 0c00ee7206f1a219b9613102d1b3f152799669e0 -- .git/COMMIT_EDITMSG [1ms]
2025-05-30 03:12:46.554 [info] fatal: no such path .git/COMMIT_EDITMSG in 0c00ee7206f1a219b9613102d1b3f152799669e0
2025-05-30 03:12:58.079 [info] > git -c user.useConfigOnly=true commit --quiet [16584ms]
2025-05-30 03:12:58.079 [info] Aborting commit due to empty commit message.
2025-05-30 03:12:58.086 [info] > git config --get commit.template [3ms]
2025-05-30 03:12:58.087 [info] > git for-each-ref --format=%(refname)%00%(upstream:short)%00%(objectname)%00%(upstream:track)%00%(upstream:remotename)%00%(upstream:remoteref) refs/heads/main refs/remotes/main [1ms]
2025-05-30 03:12:58.093 [info] > git for-each-ref --sort -committerdate --format %(refname)%00%(objectname)%00%(*objectname) [1ms]
2025-05-30 03:12:58.117 [info] > git status -z -uall [27ms]
2025-05-30 03:12:58.133 [info] > git config --get commit.template [3ms]
2025-05-30 03:12:58.133 [info] > git for-each-ref --format=%(refname)%00%(upstream:short)%00%(objectname)%00%(upstream:track)%00%(upstream:remotename)%00%(upstream:remoteref) refs/heads/main refs/remotes/main [1ms]
2025-05-30 03:12:58.140 [info] > git for-each-ref --sort -committerdate --format %(refname)%00%(objectname)%00%(*objectname) [2ms]
2025-05-30 03:12:58.161 [info] > git status -z -uall [25ms]
2025-05-30 03:12:58.660 [info] > git show --textconv :bank_report_ocr_backend/src/main.py [8ms]
2025-05-30 03:12:58.660 [info] > git show --textconv HEAD:bank_report_ocr_backend/src/main.py [6ms]
2025-05-30 03:12:58.660 [info] > git ls-files --stage -- bank_report_ocr_backend/src/main.py [4ms]
2025-05-30 03:12:58.663 [info] > git ls-tree -l HEAD -- bank_report_ocr_backend/src/main.py [4ms]
2025-05-30 03:12:58.664 [info] > git cat-file -s bd5de51f73f909917694ddf4592ada5dbe2cc7c5 [2ms]
2025-05-30 03:13:07.852 [info] > git show --textconv :.git/COMMIT_EDITMSG [3ms]
2025-05-30 03:13:07.852 [warning] [GitFileSystemProvider][readFile] File not found - git:/home/ubuntu/.git/COMMIT_EDITMSG.git?%7B%22path%22%3A%22%2Fhome%2Fubuntu%2F.git%2FCOMMIT_EDITMSG%22%2C%22ref%22%3A%22%22%7D
2025-05-30 03:13:07.854 [info] > git ls-files --stage -- .git/COMMIT_EDITMSG [3ms]
2025-05-30 03:13:07.854 [warning] [GitFileSystemProvider][stat] File not found - git:/home/ubuntu/.git/COMMIT_EDITMSG.git?%7B%22path%22%3A%22%2Fhome%2Fubuntu%2F.git%2FCOMMIT_EDITMSG%22%2C%22ref%22%3A%22%22%7D
2025-05-30 03:13:20.847 [info] > git -c user.useConfigOnly=true commit --quiet [14063ms]
2025-05-30 03:13:20.847 [info] Aborting commit due to empty commit message.
2025-05-30 03:13:20.854 [info] > git config --get commit.template [3ms]
2025-05-30 03:13:20.855 [info] > git for-each-ref --format=%(refname)%00%(upstream:short)%00%(objectname)%00%(upstream:track)%00%(upstream:remotename)%00%(upstream:remoteref) refs/heads/main refs/remotes/main [1ms]
2025-05-30 03:13:20.861 [info] > git for-each-ref --sort -committerdate --format %(refname)%00%(objectname)%00%(*objectname) [1ms]
2025-05-30 03:13:20.885 [info] > git status -z -uall [28ms]
2025-05-30 03:13:20.898 [info] > git config --get commit.template [3ms]
2025-05-30 03:13:20.899 [info] > git for-each-ref --format=%(refname)%00%(upstream:short)%00%(objectname)%00%(upstream:track)%00%(upstream:remotename)%00%(upstream:remoteref) refs/heads/main refs/remotes/main [1ms]
2025-05-30 03:13:20.905 [info] > git for-each-ref --sort -committerdate --format %(refname)%00%(objectname)%00%(*objectname) [1ms]
2025-05-30 03:13:20.927 [info] > git status -z -uall [26ms]
2025-05-30 03:13:21.424 [info] > git show --textconv :bank_report_ocr_backend/src/main.py [9ms]
2025-05-30 03:13:21.424 [info] > git show --textconv HEAD:bank_report_ocr_backend/src/main.py [6ms]
2025-05-30 03:13:21.424 [info] > git ls-files --stage -- bank_report_ocr_backend/src/main.py [3ms]
2025-05-30 03:13:21.427 [info] > git ls-tree -l HEAD -- bank_report_ocr_backend/src/main.py [4ms]
2025-05-30 03:13:21.427 [info] > git cat-file -s bd5de51f73f909917694ddf4592ada5dbe2cc7c5 [1ms]
2025-05-30 03:13:26.197 [info] > git push origin main:main [1431ms]
2025-05-30 03:13:26.197 [info] Everything up-to-date
2025-05-30 03:13:26.205 [info] > git config --get commit.template [3ms]
2025-05-30 03:13:26.205 [info] > git for-each-ref --format=%(refname)%00%(upstream:short)%00%(objectname)%00%(upstream:track)%00%(upstream:remotename)%00%(upstream:remoteref) refs/heads/main refs/remotes/main [1ms]
2025-05-30 03:13:26.212 [info] > git for-each-ref --sort -committerdate --format %(refname)%00%(objectname)%00%(*objectname) [1ms]
2025-05-30 03:13:26.234 [info] > git status -z -uall [26ms]
2025-05-30 03:13:26.245 [info] > git config --get commit.template [3ms]
2025-05-30 03:13:26.245 [info] > git for-each-ref --format=%(refname)%00%(upstream:short)%00%(objectname)%00%(upstream:track)%00%(upstream:remotename)%00%(upstream:remoteref) refs/heads/main refs/remotes/main [1ms]
2025-05-30 03:13:26.252 [info] > git for-each-ref --sort -committerdate --format %(refname)%00%(objectname)%00%(*objectname) [1ms]
2025-05-30 03:13:26.275 [info] > git status -z -uall [26ms]
2025-05-30 03:13:43.622 [info] > git add -A -- .browser_data_dir/Default/Network Persistent State .local/share/code-server/logs/20250527T080023/exthost25/vscode.git/Git.log .local/share/code-server/logs/20250527T080023/exthost25/vscode.github-authentication/GitHub Authentication.log [13ms]
2025-05-30 03:13:43.628 [info] > git config --get commit.template [3ms]
2025-05-30 03:13:43.629 [info] > git for-each-ref --format=%(refname)%00%(upstream:short)%00%(objectname)%00%(upstream:track)%00%(upstream:remotename)%00%(upstream:remoteref) refs/heads/main refs/remotes/main [1ms]
2025-05-30 03:13:43.636 [info] > git for-each-ref --sort -committerdate --format %(refname)%00%(objectname)%00%(*objectname) [2ms]
2025-05-30 03:13:43.670 [info] > git status -z -uall [38ms]
2025-05-30 03:13:50.180 [info] > git add -A -- . [32ms]
2025-05-30 03:13:51.243 [info] > git show --textconv :.git/COMMIT_EDITMSG [4ms]
2025-05-30 03:13:51.243 [warning] [GitFileSystemProvider][readFile] File not found - git:/home/ubuntu/.git/COMMIT_EDITMSG.git?%7B%22path%22%3A%22%2Fhome%2Fubuntu%2F.git%2FCOMMIT_EDITMSG%22%2C%22ref%22%3A%22%22%7D
2025-05-30 03:13:51.245 [info] > git ls-files --stage -- .git/COMMIT_EDITMSG [3ms]
2025-05-30 03:13:51.245 [warning] [GitFileSystemProvider][stat] File not found - git:/home/ubuntu/.git/COMMIT_EDITMSG.git?%7B%22path%22%3A%22%2Fhome%2Fubuntu%2F.git%2FCOMMIT_EDITMSG%22%2C%22ref%22%3A%22%22%7D
2025-05-30 03:13:54.894 [info] > git -c user.useConfigOnly=true commit --quiet [4711ms]
2025-05-30 03:13:54.894 [info] Aborting commit due to empty commit message.
2025-05-30 03:13:54.901 [info] > git config --get commit.template [3ms]
2025-05-30 03:13:54.902 [info] > git for-each-ref --format=%(refname)%00%(upstream:short)%00%(objectname)%00%(upstream:track)%00%(upstream:remotename)%00%(upstream:remoteref) refs/heads/main refs/remotes/main [1ms]
2025-05-30 03:13:54.910 [info] > git for-each-ref --sort -committerdate --format %(refname)%00%(objectname)%00%(*objectname) [2ms]
2025-05-30 03:13:54.933 [info] > git status -z -uall [28ms]
2025-05-30 03:13:54.946 [info] > git config --get commit.template [4ms]
2025-05-30 03:13:54.946 [info] > git for-each-ref --format=%(refname)%00%(upstream:short)%00%(objectname)%00%(upstream:track)%00%(upstream:remotename)%00%(upstream:remoteref) refs/heads/main refs/remotes/main [1ms]
2025-05-30 03:13:54.954 [info] > git for-each-ref --sort -committerdate --format %(refname)%00%(objectname)%00%(*objectname) [2ms]
2025-05-30 03:13:54.978 [info] > git status -z -uall [29ms]
2025-05-30 03:13:55.466 [info] > git show --textconv :bank_report_ocr_backend/src/main.py [8ms]
2025-05-30 03:13:55.466 [info] > git show --textconv HEAD:bank_report_ocr_backend/src/main.py [6ms]
2025-05-30 03:13:55.466 [info] > git ls-files --stage -- bank_report_ocr_backend/src/main.py [3ms]
2025-05-30 03:13:55.470 [info] > git cat-file -s bd5de51f73f909917694ddf4592ada5dbe2cc7c5 [1ms]
2025-05-30 03:13:55.470 [info] > git ls-tree -l HEAD -- bank_report_ocr_backend/src/main.py [5ms]
2025-05-30 03:14:07.417 [info] > git push origin main:main [1390ms]
2025-05-30 03:14:07.417 [info] Everything up-to-date
2025-05-30 03:14:07.425 [info] > git config --get commit.template [4ms]
2025-05-30 03:14:07.426 [info] > git for-each-ref --format=%(refname)%00%(upstream:short)%00%(objectname)%00%(upstream:track)%00%(upstream:remotename)%00%(upstream:remoteref) refs/heads/main refs/remotes/main [1ms]
2025-05-30 03:14:07.433 [info] > git for-each-ref --sort -committerdate --format %(refname)%00%(objectname)%00%(*objectname) [2ms]
2025-05-30 03:14:07.455 [info] > git status -z -uall [27ms]
2025-05-30 03:14:07.465 [info] > git config --get commit.template [3ms]
2025-05-30 03:14:07.466 [info] > git for-each-ref --format=%(refname)%00%(upstream:short)%00%(objectname)%00%(upstream:track)%00%(upstream:remotename)%00%(upstream:remoteref) refs/heads/main refs/remotes/main [1ms]
2025-05-30 03:14:07.473 [info] > git for-each-ref --sort -committerdate --format %(refname)%00%(objectname)%00%(*objectname) [1ms]
2025-05-30 03:14:07.494 [info] > git status -z -uall [25ms]
2025-05-30 03:14:27.808 [info] > git config --get commit.template [3ms]
2025-05-30 03:14:27.808 [info] > git for-each-ref --format=%(refname)%00%(upstream:short)%00%(objectname)%00%(upstream:track)%00%(upstream:remotename)%00%(upstream:remoteref) refs/heads/main refs/remotes/main [1ms]
2025-05-30 03:14:27.815 [info] > git for-each-ref --sort -committerdate --format %(refname)%00%(objectname)%00%(*objectname) [2ms]
2025-05-30 03:14:27.845 [info] > git status -z -uall [34ms]
2025-05-30 03:14:31.188 [info] > git check-ignore -v -z --stdin [4ms]
2025-05-30 03:14:32.858 [info] > git config --get commit.template [3ms]
2025-05-30 03:14:32.859 [info] > git for-each-ref --format=%(refname)%00%(upstream:short)%00%(objectname)%00%(upstream:track)%00%(upstream:remotename)%00%(upstream:remoteref) refs/heads/main refs/remotes/main [1ms]
2025-05-30 03:14:32.866 [info] > git for-each-ref --sort -committerdate --format %(refname)%00%(objectname)%00%(*objectname) [2ms]
2025-05-30 03:14:32.888 [info] > git status -z -uall [26ms]
2025-05-30 03:14:39.820 [info] > git branch [2ms]
2025-05-30 03:14:39.864 [info] > git reset -q HEAD -- . [42ms]
2025-05-30 03:14:39.872 [info] > git config --get commit.template [3ms]
2025-05-30 03:14:39.873 [info] > git for-each-ref --format=%(refname)%00%(upstream:short)%00%(objectname)%00%(upstream:track)%00%(upstream:remotename)%00%(upstream:remoteref) refs/heads/main refs/remotes/main [1ms]
2025-05-30 03:14:39.880 [info] > git for-each-ref --sort -committerdate --format %(refname)%00%(objectname)%00%(*objectname) [1ms]
2025-05-30 03:14:39.928 [info] > git status -z -uall [52ms]
