2025-05-27 04:39:47.811 [info] [main] Log level: Info
2025-05-27 04:39:47.811 [info] [main] Validating found git in: "git"
2025-05-27 04:39:47.811 [info] [main] Using git "2.34.1" from "git"
2025-05-27 04:39:47.811 [info] [Model][doInitialScan] Initial repository scan started
2025-05-27 04:39:47.811 [info] > git rev-parse --show-toplevel [2ms]
2025-05-27 04:39:47.811 [info] > git rev-parse --git-dir --git-common-dir [1ms]
2025-05-27 04:39:47.811 [info] [Model][openRepository] Opened repository (path): /home/ubuntu
2025-05-27 04:39:47.811 [info] [Model][openRepository] Opened repository (real path): /home/ubuntu
2025-05-27 04:39:47.811 [info] > git config --get commit.template [5ms]
2025-05-27 04:39:47.811 [info] > git for-each-ref --format=%(refname)%00%(upstream:short)%00%(objectname)%00%(upstream:track)%00%(upstream:remotename)%00%(upstream:remoteref) refs/heads/main refs/remotes/main [3ms]
2025-05-27 04:39:47.811 [info] > git rev-parse --show-toplevel [8ms]
2025-05-27 04:39:47.811 [info] > git for-each-ref --sort -committerdate --format %(refname)%00%(objectname)%00%(*objectname) [1ms]
2025-05-27 04:39:47.811 [info] > git rev-parse --show-toplevel [0ms]
2025-05-27 04:39:47.811 [info] > git rev-parse --show-toplevel [0ms]
2025-05-27 04:39:47.811 [info] > git rev-parse --show-toplevel [0ms]
2025-05-27 04:39:47.811 [info] > git rev-parse --show-toplevel [1ms]
2025-05-27 04:39:47.811 [info] > git rev-parse --show-toplevel [1ms]
2025-05-27 04:39:47.811 [info] > git rev-parse --git-dir --git-common-dir [1ms]
2025-05-27 04:39:47.811 [info] [Model][openRepository] Opened repository (path): /home/ubuntu/.nvm
2025-05-27 04:39:47.811 [info] [Model][openRepository] Opened repository (real path): /home/ubuntu/.nvm
2025-05-27 04:39:47.811 [info] > git config --get commit.template [3ms]
2025-05-27 04:39:47.811 [info] > git status -z -uall [34ms]
2025-05-27 04:39:47.811 [info] > git rev-parse --show-toplevel [2ms]
2025-05-27 04:39:47.811 [info] > git for-each-ref --format=%(refname)%00%(upstream:short)%00%(objectname)%00%(upstream:track)%00%(upstream:remotename)%00%(upstream:remoteref) refs/heads/main refs/remotes/main [9ms]
2025-05-27 04:39:47.811 [info] > git config --get commit.template [4ms]
2025-05-27 04:39:47.811 [info] > git rev-parse --show-toplevel [5ms]
2025-05-27 04:39:47.811 [info] > git for-each-ref --format %(refname)%00%(objectname)%00%(*objectname) refs/tags [8ms]
2025-05-27 04:39:47.811 [info] > git config --get --local branch.main.vscode-merge-base [7ms]
2025-05-27 04:39:47.811 [warning] [Git][config] git config failed: Failed to execute git
2025-05-27 04:39:47.811 [info] > git status -z -uall [9ms]
2025-05-27 04:39:47.811 [info] > git rev-parse --show-toplevel [5ms]
2025-05-27 04:39:47.811 [info] > git for-each-ref --sort -committerdate --format %(refname)%00%(objectname)%00%(*objectname) [7ms]
2025-05-27 04:39:47.811 [info] > git for-each-ref --format=%(refname)%00%(upstream:short)%00%(objectname)%00%(upstream:track)%00%(upstream:remotename)%00%(upstream:remoteref) refs/heads/main refs/remotes/main [15ms]
2025-05-27 04:39:47.811 [info] > git reflog main --grep-reflog=branch: Created from *. [17ms]
2025-05-27 04:39:47.811 [info] > git config --get commit.template [3ms]
2025-05-27 04:39:47.811 [info] > git rev-parse --show-toplevel [6ms]
2025-05-27 04:39:47.811 [info] > git symbolic-ref --short refs/remotes/origin/HEAD [1ms]
2025-05-27 04:39:47.811 [info] fatal: ref refs/remotes/origin/HEAD is not a symbolic ref
2025-05-27 04:39:47.811 [warning] [Repository][getDefaultBranch] Failed to get default branch details: Failed to execute git.
2025-05-27 04:39:47.811 [info] > git rev-parse --show-toplevel [6ms]
2025-05-27 04:39:47.811 [info] > git merge-base refs/heads/main refs/remotes/origin/main [8ms]
2025-05-27 04:39:47.811 [info] > git for-each-ref --sort -committerdate --format %(refname)%00%(objectname)%00%(*objectname) [5ms]
2025-05-27 04:39:47.811 [info] > git for-each-ref --format %(refname)%00%(objectname)%00%(*objectname) refs/tags [9ms]
2025-05-27 04:39:47.811 [info] > git status -z -uall [3ms]
2025-05-27 04:39:47.811 [info] > git rev-parse --show-toplevel [6ms]
2025-05-27 04:39:47.811 [info] > git diff --name-status -z --diff-filter=ADMR 53f46d9143991efe88f93681fd6b239a9dcc1e4e...refs/remotes/origin/main [7ms]
2025-05-27 04:39:47.811 [info] > git for-each-ref --sort -committerdate --format %(refname)%00%(objectname)%00%(*objectname) [4ms]
2025-05-27 04:39:47.811 [info] > git rev-parse --git-dir --git-common-dir [4ms]
2025-05-27 04:39:47.811 [info] [Model][openRepository] Opened repository (path): /home/ubuntu/bank_report_web_app
2025-05-27 04:39:47.811 [info] [Model][openRepository] Opened repository (real path): /home/ubuntu/bank_report_web_app
2025-05-27 04:39:47.811 [info] > git config --get commit.template [2ms]
2025-05-27 04:39:47.811 [info] > git rev-parse --show-toplevel [3ms]
2025-05-27 04:39:47.811 [info] > git status -z -uall [30ms]
2025-05-27 04:39:47.811 [info] > git for-each-ref --format=%(refname)%00%(upstream:short)%00%(objectname)%00%(upstream:track)%00%(upstream:remotename)%00%(upstream:remoteref) refs/heads/master refs/remotes/master [5ms]
2025-05-27 04:39:47.811 [info] > git rev-parse --show-toplevel [3ms]
2025-05-27 04:39:47.811 [info] [Model][doInitialScan] Initial repository scan completed - repositories (3), closed repositories (0), parent repositories (0), unsafe repositories (0)
2025-05-27 04:39:47.811 [info] > git for-each-ref --sort -committerdate --format %(refname)%00%(objectname)%00%(*objectname) [1ms]
2025-05-27 04:39:47.811 [info] > git status -z -uall [9ms]
2025-05-27 04:39:47.811 [info] > git for-each-ref --format=%(refname)%00%(upstream:short)%00%(objectname)%00%(upstream:track)%00%(upstream:remotename)%00%(upstream:remoteref) refs/heads/master refs/remotes/master [3ms]
2025-05-27 04:39:47.811 [info] > git config --get commit.template [3ms]
2025-05-27 04:39:47.811 [info] > git config --get --local branch.master.vscode-merge-base [3ms]
2025-05-27 04:39:47.811 [warning] [Git][config] git config failed: Failed to execute git
2025-05-27 04:39:47.811 [info] > git for-each-ref --format=%(refname)%00%(upstream:short)%00%(objectname)%00%(upstream:track)%00%(upstream:remotename)%00%(upstream:remoteref) refs/heads/master refs/remotes/master [2ms]
2025-05-27 04:39:47.811 [info] > git reflog master --grep-reflog=branch: Created from *. [5ms]
2025-05-27 04:39:47.811 [info] > git for-each-ref --sort -committerdate --format %(refname)%00%(objectname)%00%(*objectname) [2ms]
2025-05-27 04:39:47.811 [info] > git symbolic-ref --short refs/remotes/origin/HEAD [1ms]
2025-05-27 04:39:47.811 [info] fatal: ref refs/remotes/origin/HEAD is not a symbolic ref
2025-05-27 04:39:47.811 [warning] [Repository][getDefaultBranch] Failed to get default branch details: Failed to execute git.
2025-05-27 04:39:47.811 [info] > git status -z -uall [9ms]
2025-05-27 04:39:47.811 [info] > git merge-base refs/heads/master refs/remotes/origin/master [5ms]
2025-05-27 04:39:47.811 [info] > git merge-base refs/heads/master refs/remotes/origin/master [3ms]
2025-05-27 04:39:47.811 [info] > git diff --name-status -z --diff-filter=ADMR 1bd37a3740f6509dcb27daf4292456a4c0dd6f20...refs/remotes/origin/master [2ms]
2025-05-27 04:39:47.811 [info] > git diff --name-status -z --diff-filter=ADMR 1bd37a3740f6509dcb27daf4292456a4c0dd6f20...refs/remotes/origin/master [1ms]
2025-05-27 04:39:48.242 [info] > git rev-parse --show-toplevel [2ms]
2025-05-27 04:39:48.703 [info] > git log --format=%H%n%aN%n%aE%n%at%n%ct%n%P%n%D%n%B -z --shortstat --diff-merges=first-parent -n50 --skip=0 --topo-order --decorate=full --stdin [414ms]
2025-05-27 04:39:48.791 [info] > git check-ignore -v -z --stdin [2ms]
2025-05-27 04:39:58.222 [info] > git check-ignore -v -z --stdin [2ms]
2025-05-27 04:39:59.582 [info] > git check-ignore -v -z --stdin [2ms]
2025-05-27 04:40:11.234 [info] > git config --get commit.template [3ms]
2025-05-27 04:40:11.234 [info] > git for-each-ref --format=%(refname)%00%(upstream:short)%00%(objectname)%00%(upstream:track)%00%(upstream:remotename)%00%(upstream:remoteref) refs/heads/main refs/remotes/main [1ms]
2025-05-27 04:40:11.240 [info] > git for-each-ref --sort -committerdate --format %(refname)%00%(objectname)%00%(*objectname) [1ms]
2025-05-27 04:40:11.266 [info] > git status -z -uall [28ms]
2025-05-27 04:40:12.219 [info] > git check-ignore -v -z --stdin [1ms]
2025-05-27 04:40:22.085 [info] > git check-ignore -v -z --stdin [1ms]
2025-05-27 04:41:02.315 [info] > git config --get commit.template [4ms]
2025-05-27 04:41:02.316 [info] > git for-each-ref --format=%(refname)%00%(upstream:short)%00%(objectname)%00%(upstream:track)%00%(upstream:remotename)%00%(upstream:remoteref) refs/heads/main refs/remotes/main [2ms]
2025-05-27 04:41:02.324 [info] > git for-each-ref --sort -committerdate --format %(refname)%00%(objectname)%00%(*objectname) [1ms]
2025-05-27 04:41:02.345 [info] > git status -z -uall [25ms]
2025-05-27 04:41:22.619 [info] > git config --get commit.template [4ms]
2025-05-27 04:41:22.620 [info] > git for-each-ref --format=%(refname)%00%(upstream:short)%00%(objectname)%00%(upstream:track)%00%(upstream:remotename)%00%(upstream:remoteref) refs/heads/main refs/remotes/main [2ms]
2025-05-27 04:41:22.631 [info] > git for-each-ref --sort -committerdate --format %(refname)%00%(objectname)%00%(*objectname) [2ms]
2025-05-27 04:41:22.649 [info] > git status -z -uall [25ms]
2025-05-27 04:41:27.661 [info] > git config --get commit.template [5ms]
2025-05-27 04:41:27.662 [info] > git for-each-ref --format=%(refname)%00%(upstream:short)%00%(objectname)%00%(upstream:track)%00%(upstream:remotename)%00%(upstream:remoteref) refs/heads/main refs/remotes/main [1ms]
2025-05-27 04:41:27.671 [info] > git for-each-ref --sort -committerdate --format %(refname)%00%(objectname)%00%(*objectname) [1ms]
2025-05-27 04:41:27.690 [info] > git status -z -uall [24ms]
2025-05-27 04:41:49.039 [info] > git config --get commit.template [3ms]
2025-05-27 04:41:49.039 [info] > git for-each-ref --format=%(refname)%00%(upstream:short)%00%(objectname)%00%(upstream:track)%00%(upstream:remotename)%00%(upstream:remoteref) refs/heads/main refs/remotes/main [1ms]
2025-05-27 04:41:49.046 [info] > git for-each-ref --sort -committerdate --format %(refname)%00%(objectname)%00%(*objectname) [1ms]
2025-05-27 04:41:49.065 [info] > git status -z -uall [23ms]
2025-05-27 04:41:49.074 [info] > git merge-base refs/heads/main refs/remotes/origin/main [2ms]
2025-05-27 04:41:49.077 [info] > git diff --name-status -z --diff-filter=ADMR 53f46d9143991efe88f93681fd6b239a9dcc1e4e...refs/remotes/origin/main [1ms]
2025-05-27 04:41:49.549 [info] > git log --format=%H%n%aN%n%aE%n%at%n%ct%n%P%n%D%n%B -z --shortstat --diff-merges=first-parent -n50 --skip=0 --topo-order --decorate=full --stdin [166ms]
2025-05-27 04:41:56.735 [info] > git config --get commit.template [3ms]
2025-05-27 04:41:56.735 [info] > git for-each-ref --format=%(refname)%00%(upstream:short)%00%(objectname)%00%(upstream:track)%00%(upstream:remotename)%00%(upstream:remoteref) refs/heads/main refs/remotes/main [1ms]
2025-05-27 04:41:56.742 [info] > git for-each-ref --sort -committerdate --format %(refname)%00%(objectname)%00%(*objectname) [2ms]
2025-05-27 04:41:56.760 [info] > git status -z -uall [22ms]
2025-05-27 04:41:56.765 [info] > git merge-base refs/heads/main refs/remotes/origin/main [1ms]
2025-05-27 04:41:56.768 [info] > git diff --name-status -z --diff-filter=ADMR ddef3aac0944912602c114f5f99c032ececcb10e...refs/remotes/origin/main [1ms]
2025-05-27 04:41:57.222 [info] > git log --format=%H%n%aN%n%aE%n%at%n%ct%n%P%n%D%n%B -z --shortstat --diff-merges=first-parent -n50 --skip=0 --topo-order --decorate=full --stdin [160ms]
2025-05-27 04:42:14.429 [info] > git config --get commit.template [5ms]
2025-05-27 04:42:14.429 [info] > git for-each-ref --format=%(refname)%00%(upstream:short)%00%(objectname)%00%(upstream:track)%00%(upstream:remotename)%00%(upstream:remoteref) refs/heads/main refs/remotes/main [1ms]
2025-05-27 04:42:14.438 [info] > git for-each-ref --sort -committerdate --format %(refname)%00%(objectname)%00%(*objectname) [1ms]
2025-05-27 04:42:14.457 [info] > git status -z -uall [24ms]
2025-05-27 04:42:19.468 [info] > git config --get commit.template [3ms]
2025-05-27 04:42:19.469 [info] > git for-each-ref --format=%(refname)%00%(upstream:short)%00%(objectname)%00%(upstream:track)%00%(upstream:remotename)%00%(upstream:remoteref) refs/heads/main refs/remotes/main [1ms]
2025-05-27 04:42:19.476 [info] > git for-each-ref --sort -committerdate --format %(refname)%00%(objectname)%00%(*objectname) [1ms]
2025-05-27 04:42:19.495 [info] > git status -z -uall [23ms]
2025-05-27 04:42:38.818 [info] > git check-ignore -v -z --stdin [6ms]
2025-05-27 04:42:38.819 [info] > git check-ignore -v -z --stdin [4ms]
2025-05-27 04:42:38.819 [info] > git check-ignore -v -z --stdin [2ms]
2025-05-27 04:44:15.655 [info] > git config --get commit.template [16ms]
2025-05-27 04:44:15.661 [info] > git for-each-ref --format=%(refname)%00%(upstream:short)%00%(objectname)%00%(upstream:track)%00%(upstream:remotename)%00%(upstream:remoteref) refs/heads/main refs/remotes/main [1ms]
2025-05-27 04:44:15.680 [info] > git for-each-ref --sort -committerdate --format %(refname)%00%(objectname)%00%(*objectname) [10ms]
2025-05-27 04:44:15.695 [info] > git status -z -uall [28ms]
2025-05-27 04:44:19.428 [info] > git check-ignore -v -z --stdin [2ms]
2025-05-27 04:44:20.705 [info] > git config --get commit.template [3ms]
2025-05-27 04:44:20.706 [info] > git for-each-ref --format=%(refname)%00%(upstream:short)%00%(objectname)%00%(upstream:track)%00%(upstream:remotename)%00%(upstream:remoteref) refs/heads/main refs/remotes/main [2ms]
2025-05-27 04:44:20.712 [info] > git for-each-ref --sort -committerdate --format %(refname)%00%(objectname)%00%(*objectname) [1ms]
2025-05-27 04:44:20.734 [info] > git status -z -uall [26ms]
2025-05-27 04:44:24.027 [info] > git log --format=%H%n%aN%n%aE%n%at%n%ct%n%P%n%D%n%B -z --shortstat --diff-merges=first-parent -n50 --skip=0 --topo-order --decorate=full --stdin [161ms]
2025-05-27 04:46:11.398 [info] > git config --get commit.template [4ms]
2025-05-27 04:46:11.399 [info] > git for-each-ref --format=%(refname)%00%(upstream:short)%00%(objectname)%00%(upstream:track)%00%(upstream:remotename)%00%(upstream:remoteref) refs/heads/main refs/remotes/main [1ms]
2025-05-27 04:46:11.408 [info] > git for-each-ref --sort -committerdate --format %(refname)%00%(objectname)%00%(*objectname) [2ms]
2025-05-27 04:46:11.431 [info] > git status -z -uall [28ms]
2025-05-27 04:46:16.445 [info] > git config --get commit.template [5ms]
2025-05-27 04:46:16.445 [info] > git for-each-ref --format=%(refname)%00%(upstream:short)%00%(objectname)%00%(upstream:track)%00%(upstream:remotename)%00%(upstream:remoteref) refs/heads/main refs/remotes/main [1ms]
2025-05-27 04:46:16.453 [info] > git for-each-ref --sort -committerdate --format %(refname)%00%(objectname)%00%(*objectname) [1ms]
2025-05-27 04:46:16.476 [info] > git status -z -uall [27ms]
2025-05-27 04:46:43.079 [info] > git check-ignore -v -z --stdin [1ms]
2025-05-27 04:46:59.314 [info] > git show --textconv :.gitconfig [5ms]
2025-05-27 04:46:59.314 [info] > git ls-files --stage -- .gitconfig [1ms]
2025-05-27 04:46:59.319 [info] > git cat-file -s 75f8bbd981c98400c23ed1d74702794e8b696ee8 [1ms]
