2025-05-29 12:53:09.836 [info] [main] Log level: Info
2025-05-29 12:53:09.836 [info] [main] Validating found git in: "git"
2025-05-29 12:53:09.836 [info] [main] Using git "2.34.1" from "git"
2025-05-29 12:53:09.836 [info] [Model][doInitialScan] Initial repository scan started
2025-05-29 12:53:09.836 [info] > git rev-parse --show-toplevel [24ms]
2025-05-29 12:53:09.836 [info] > git rev-parse --git-dir --git-common-dir [3ms]
2025-05-29 12:53:09.836 [info] [Model][openRepository] Opened repository (path): /home/ubuntu
2025-05-29 12:53:09.836 [info] [Model][openRepository] Opened repository (real path): /home/ubuntu
2025-05-29 12:53:09.836 [info] > git config --get commit.template [18ms]
2025-05-29 12:53:09.836 [info] > git rev-parse --show-toplevel [36ms]
2025-05-29 12:53:09.836 [info] > git for-each-ref --format=%(refname)%00%(upstream:short)%00%(objectname)%00%(upstream:track)%00%(upstream:remotename)%00%(upstream:remoteref) refs/heads/main refs/remotes/main [20ms]
2025-05-29 12:53:09.836 [info] > git rev-parse --show-toplevel [4ms]
2025-05-29 12:53:09.836 [info] > git rev-parse --show-toplevel [4ms]
2025-05-29 12:53:09.836 [info] > git for-each-ref --sort -committerdate --format %(refname)%00%(objectname)%00%(*objectname) [12ms]
2025-05-29 12:53:09.836 [info] > git rev-parse --show-toplevel [5ms]
2025-05-29 12:53:09.836 [info] > git rev-parse --show-toplevel [6ms]
2025-05-29 12:53:09.836 [info] > git rev-parse --show-toplevel [2ms]
2025-05-29 12:53:09.836 [info] > git rev-parse --show-toplevel [2ms]
2025-05-29 12:53:09.836 [info] > git status -z -uall [79ms]
2025-05-29 12:53:09.836 [info] > git for-each-ref --format=%(refname)%00%(upstream:short)%00%(objectname)%00%(upstream:track)%00%(upstream:remotename)%00%(upstream:remoteref) refs/heads/main refs/remotes/main [13ms]
2025-05-29 12:53:09.836 [info] > git rev-parse --show-toplevel [72ms]
2025-05-29 12:53:09.836 [info] > git config --get commit.template [15ms]
2025-05-29 12:53:09.836 [info] > git rev-parse --show-toplevel [4ms]
2025-05-29 12:53:09.836 [info] > git config --get --local branch.main.vscode-merge-base [12ms]
2025-05-29 12:53:09.836 [warning] [Git][config] git config failed: Failed to execute git
2025-05-29 12:53:09.836 [info] > git for-each-ref --format=%(refname)%00%(upstream:short)%00%(objectname)%00%(upstream:track)%00%(upstream:remotename)%00%(upstream:remoteref) refs/heads/main refs/remotes/main [7ms]
2025-05-29 12:53:09.836 [info] > git reflog main --grep-reflog=branch: Created from *. [13ms]
2025-05-29 12:53:09.836 [info] > git symbolic-ref --short refs/remotes/origin/HEAD [31ms]
2025-05-29 12:53:09.836 [info] fatal: ref refs/remotes/origin/HEAD is not a symbolic ref
2025-05-29 12:53:09.836 [warning] [Repository][getDefaultBranch] Failed to get default branch details: Failed to execute git.
2025-05-29 12:53:09.836 [info] > git rev-parse --show-toplevel [43ms]
2025-05-29 12:53:09.836 [info] > git merge-base refs/heads/main refs/remotes/origin/main [4ms]
2025-05-29 12:53:09.836 [info] > git rev-parse --show-toplevel [18ms]
2025-05-29 12:53:09.836 [info] > git for-each-ref --sort -committerdate --format %(refname)%00%(objectname)%00%(*objectname) [13ms]
2025-05-29 12:53:09.836 [info] > git diff --name-status -z --diff-filter=ADMR 0c00ee7206f1a219b9613102d1b3f152799669e0...refs/remotes/origin/main [18ms]
2025-05-29 12:53:09.836 [info] > git rev-parse --show-toplevel [4ms]
2025-05-29 12:53:09.836 [info] > git status -z -uall [48ms]
2025-05-29 12:53:09.840 [info] > git rev-parse --show-toplevel [30ms]
2025-05-29 12:53:09.851 [info] > git rev-parse --show-toplevel [5ms]
2025-05-29 12:53:09.855 [info] > git rev-parse --show-toplevel [1ms]
2025-05-29 12:53:09.859 [info] > git rev-parse --show-toplevel [1ms]
2025-05-29 12:53:09.862 [info] [Model][doInitialScan] Initial repository scan completed - repositories (1), closed repositories (0), parent repositories (0), unsafe repositories (0)
2025-05-29 12:53:10.357 [info] > git check-ignore -v -z --stdin [5ms]
2025-05-29 12:53:10.615 [info] > git ls-files --stage -- bank_report_ocr_backend/src/main.py [3ms]
2025-05-29 12:53:10.618 [info] > git cat-file -s 6fc181635da2ac22cd6058481eaf4a24b28f9218 [1ms]
2025-05-29 12:53:10.626 [info] > git show --textconv :bank_report_ocr_backend/src/main.py [15ms]
2025-05-29 13:03:20.910 [info] > git config --get commit.template [2ms]
2025-05-29 13:03:20.913 [info] > git for-each-ref --format=%(refname)%00%(upstream:short)%00%(objectname)%00%(upstream:track)%00%(upstream:remotename)%00%(upstream:remoteref) refs/heads/main refs/remotes/main [1ms]
2025-05-29 13:03:20.920 [info] > git for-each-ref --sort -committerdate --format %(refname)%00%(objectname)%00%(*objectname) [1ms]
2025-05-29 13:03:20.955 [info] > git status -z -uall [39ms]
2025-05-29 13:03:21.032 [info] > git fetch [130ms]
2025-05-29 13:03:21.039 [info] > git config --get commit.template [3ms]
2025-05-29 13:03:21.040 [info] > git for-each-ref --format=%(refname)%00%(upstream:short)%00%(objectname)%00%(upstream:track)%00%(upstream:remotename)%00%(upstream:remoteref) refs/heads/main refs/remotes/main [1ms]
2025-05-29 13:03:21.046 [info] > git for-each-ref --sort -committerdate --format %(refname)%00%(objectname)%00%(*objectname) [1ms]
2025-05-29 13:03:21.079 [info] > git status -z -uall [37ms]
2025-05-29 13:03:21.257 [info] > git ls-files --stage -- bank_report_ocr_backend/src/main.py [7ms]
2025-05-29 13:03:21.260 [info] > git blame --root --incremental 0c00ee7206f1a219b9613102d1b3f152799669e0 -- bank_report_ocr_backend/src/main.py [4ms]
2025-05-29 13:03:21.274 [info] > git cat-file -s 6fc181635da2ac22cd6058481eaf4a24b28f9218 [14ms]
2025-05-29 13:03:21.612 [info] > git show --textconv :bank_report_ocr_backend/src/main.py [3ms]
2025-05-29 13:03:22.903 [info] > git ls-files --stage -- bank_report_ocr_backend/src/main.py [3ms]
2025-05-29 13:03:22.907 [info] > git cat-file -s 6fc181635da2ac22cd6058481eaf4a24b28f9218 [1ms]
2025-05-29 13:03:23.248 [info] > git show --textconv :bank_report_ocr_backend/src/main.py [4ms]
2025-05-29 13:03:25.969 [info] > git config --get commit.template [4ms]
2025-05-29 13:03:25.970 [info] > git for-each-ref --format=%(refname)%00%(upstream:short)%00%(objectname)%00%(upstream:track)%00%(upstream:remotename)%00%(upstream:remoteref) refs/heads/main refs/remotes/main [1ms]
2025-05-29 13:03:25.978 [info] > git for-each-ref --sort -committerdate --format %(refname)%00%(objectname)%00%(*objectname) [2ms]
2025-05-29 13:03:26.012 [info] > git status -z -uall [38ms]
2025-05-29 13:06:11.867 [info] > git ls-files --stage -- bank_report_ocr_backend/src/main.py [3ms]
2025-05-29 13:06:11.871 [info] > git cat-file -s 6fc181635da2ac22cd6058481eaf4a24b28f9218 [1ms]
2025-05-29 13:06:12.218 [info] > git show --textconv :bank_report_ocr_backend/src/main.py [4ms]
2025-05-29 13:06:21.277 [info] > git fetch [191ms]
2025-05-29 13:06:21.286 [info] > git config --get commit.template [4ms]
2025-05-29 13:06:21.286 [info] > git for-each-ref --format=%(refname)%00%(upstream:short)%00%(objectname)%00%(upstream:track)%00%(upstream:remotename)%00%(upstream:remoteref) refs/heads/main refs/remotes/main [1ms]
2025-05-29 13:06:21.294 [info] > git for-each-ref --sort -committerdate --format %(refname)%00%(objectname)%00%(*objectname) [0ms]
2025-05-29 13:06:21.329 [info] > git status -z -uall [39ms]
2025-05-29 13:06:23.155 [info] > git ls-files --stage -- bank_report_ocr_backend/src/main.py [3ms]
2025-05-29 13:06:23.159 [info] > git cat-file -s 6fc181635da2ac22cd6058481eaf4a24b28f9218 [1ms]
2025-05-29 13:06:23.510 [info] > git show --textconv :bank_report_ocr_backend/src/main.py [6ms]
