2025-05-27 04:00:39.626 [info] Extension host with pid 7221 started
2025-05-27 04:00:39.636 [info] Lock '/home/ubuntu/.local/share/code-server/User/workspaceStorage/55104b82/vscode.lock': Lock acquired.
2025-05-27 04:00:40.027 [info] ExtensionService#_doActivateExtension vscode.git-base, startup: true, activationEvent: '*', root cause: vscode.git
2025-05-27 04:00:40.332 [info] ExtensionService#_doActivateExtension vscode.git, startup: true, activationEvent: '*'
2025-05-27 04:00:40.333 [info] ExtensionService#_doActivateExtension vscode.github, startup: true, activationEvent: '*'
2025-05-27 04:00:40.782 [info] Eager extensions activated
2025-05-27 04:00:40.782 [info] ExtensionService#_doActivateExtension vscode.debug-auto-launch, startup: false, activationEvent: 'onStartupFinished'
2025-05-27 04:00:40.782 [info] ExtensionService#_doActivateExtension vscode.merge-conflict, startup: false, activationEvent: 'onStartupFinished'
2025-05-27 04:00:40.995 [warning] [Decorations] CAPPING events from decorations provider vscode.git 2669
2025-05-27 04:00:41.487 [warning] [Decorations] CAPPING events from decorations provider vscode.git 2669
2025-05-27 04:00:41.496 [info] ExtensionService#_doActivateExtension vscode.emmet, startup: false, activationEvent: 'onLanguage'
2025-05-27 04:00:41.942 [info] ExtensionService#_doActivateExtension vscode.github-authentication, startup: false, activationEvent: 'onAuthenticationRequest:github'
2025-05-27 04:00:51.473 [info] ExtensionService#_doActivateExtension vscode.html-language-features, startup: false, activationEvent: 'onLanguage:html'
2025-05-27 04:09:15.438 [info] ExtensionService#_doActivateExtension vscode.extension-editing, startup: false, activationEvent: 'onLanguage:markdown'
2025-05-27 04:09:15.438 [info] ExtensionService#_doActivateExtension vscode.markdown-language-features, startup: false, activationEvent: 'onLanguage:markdown'
2025-05-27 04:09:16.382 [info] ExtensionService#_doActivateExtension vscode.markdown-math, startup: false, activationEvent: 'api', root cause: vscode.markdown-language-features
2025-05-27 04:10:13.880 [info] ExtensionService#_doActivateExtension vscode.media-preview, startup: false, activationEvent: 'onCustomEditor:imagePreview.previewEditor'
2025-05-27 04:11:13.051 [info] ExtensionService#_doActivateExtension vscode.npm, startup: false, activationEvent: 'onTerminalQuickFixRequest:ms-vscode.npm-command'
2025-05-27 04:11:20.209 [info] ExtensionService#_doActivateExtension vscode.configuration-editing, startup: false, activationEvent: 'onLanguage:json'
2025-05-27 04:11:20.209 [info] ExtensionService#_doActivateExtension vscode.json-language-features, startup: false, activationEvent: 'onLanguage:json'
2025-05-27 04:12:59.888 [warning] [Decorations] CAPPING events from decorations provider vscode.git 2669
2025-05-27 04:13:01.440 [warning] [Decorations] CAPPING events from decorations provider vscode.git 2669
2025-05-27 04:13:17.727 [warning] [Decorations] CAPPING events from decorations provider vscode.git 2669
2025-05-27 04:13:18.288 [warning] [Decorations] CAPPING events from decorations provider vscode.git 2669
2025-05-27 04:13:19.368 [warning] [Decorations] CAPPING events from decorations provider vscode.git 2669
2025-05-27 04:13:51.950 [warning] [Decorations] CAPPING events from decorations provider vscode.git 2669
2025-05-27 04:14:44.618 [warning] [Decorations] CAPPING events from decorations provider vscode.git 2669
2025-05-27 04:33:20.183 [error] Error: read ETIMEDOUT
	at TCP.onStreamRead (node:internal/stream_base_commons:218:20)
2025-05-27 04:44:39.936 [info] Extension host terminating: renderer disconnected for too long (2)
2025-05-27 04:44:39.937 [info] Lock '/home/ubuntu/.local/share/code-server/User/workspaceStorage/55104b82/vscode.lock': Marking the lockfile as scheduled to be released in 6000 ms.
2025-05-27 04:44:39.990 [error] ProxyResolver#resolveProxy undefined Canceled: Canceled
	at al (file:///usr/lib/code-server/lib/vscode/out/vs/workbench/api/node/extensionHostProcess.js:7:1218)
	at file:///usr/lib/code-server/lib/vscode/out/vs/workbench/api/node/extensionHostProcess.js:29:117068
	at Array.forEach (<anonymous>)
	at f5.dispose (file:///usr/lib/code-server/lib/vscode/out/vs/workbench/api/node/extensionHostProcess.js:29:117008)
	at TJ.terminate (file:///usr/lib/code-server/lib/vscode/out/vs/workbench/api/node/extensionHostProcess.js:123:10082)
	at v2.terminate (file:///usr/lib/code-server/lib/vscode/out/vs/workbench/api/node/extensionHostProcess.js:124:1434)
	at hs (file:///usr/lib/code-server/lib/vscode/out/vs/workbench/api/node/extensionHostProcess.js:225:5703)
	at mx.a (file:///usr/lib/code-server/lib/vscode/out/vs/workbench/api/node/extensionHostProcess.js:225:2614)
	at mx.h (file:///usr/lib/code-server/lib/vscode/out/vs/workbench/api/node/extensionHostProcess.js:28:75572)
	at listOnTimeout (node:internal/timers:581:17)
	at process.processTimers (node:internal/timers:519:7) 
2025-05-27 04:44:40.066 [info] Extension host with pid 7221 exiting with code 0
