2025-05-29 11:43:24.110 [info] Extension host with pid 103266 started
2025-05-29 11:43:24.112 [info] Lock '/home/ubuntu/.local/share/code-server/User/workspaceStorage/55104b82/vscode.lock': Lock acquired.
2025-05-29 11:43:24.534 [info] ExtensionService#_doActivateExtension vscode.simple-browser, startup: false, activationEvent: 'onWebviewPanel:simpleBrowser.view'
2025-05-29 11:43:24.535 [info] ExtensionService#_doActivateExtension vscode.emmet, startup: false, activationEvent: 'onLanguage'
2025-05-29 11:43:24.873 [info] ExtensionService#_doActivateExtension vscode.git-base, startup: true, activationEvent: '*', root cause: vscode.git
2025-05-29 11:43:25.169 [info] ExtensionService#_doActivateExtension vscode.git, startup: true, activationEvent: '*'
2025-05-29 11:43:25.169 [info] ExtensionService#_doActivateExtension vscode.github, startup: true, activationEvent: '*'
2025-05-29 11:43:25.635 [info] Eager extensions activated
2025-05-29 11:43:25.635 [info] ExtensionService#_doActivateExtension vscode.debug-auto-launch, startup: false, activationEvent: 'onStartupFinished'
2025-05-29 11:43:25.636 [info] ExtensionService#_doActivateExtension vscode.merge-conflict, startup: false, activationEvent: 'onStartupFinished'
2025-05-29 11:43:26.224 [info] ExtensionService#_doActivateExtension vscode.github-authentication, startup: false, activationEvent: 'onAuthenticationRequest:github'
2025-05-29 11:43:42.299 [info] ExtensionService#_doActivateExtension vscode.configuration-editing, startup: false, activationEvent: 'onLanguage:jsonc'
2025-05-29 11:43:42.300 [info] ExtensionService#_doActivateExtension vscode.json-language-features, startup: false, activationEvent: 'onLanguage:jsonc'
2025-05-29 11:43:42.300 [info] ExtensionService#_doActivateExtension vscode.typescript-language-features, startup: false, activationEvent: 'onLanguage:jsonc'
2025-05-29 11:43:42.979 [info] ExtensionService#_doActivateExtension vscode.tunnel-forwarding, startup: false, activationEvent: 'onTunnel'
2025-05-29 11:44:05.384 [info] ExtensionService#_doActivateExtension vscode.html-language-features, startup: false, activationEvent: 'onLanguage:html'
2025-05-29 13:09:10.800 [error] Error: read ETIMEDOUT
	at TCP.onStreamRead (node:internal/stream_base_commons:218:20)
2025-05-29 13:29:34.178 [info] Extension host terminating: renderer disconnected for too long (2)
2025-05-29 13:29:34.181 [info] Lock '/home/ubuntu/.local/share/code-server/User/workspaceStorage/55104b82/vscode.lock': Marking the lockfile as scheduled to be released in 6000 ms.
2025-05-29 13:29:34.239 [error] ProxyResolver#resolveProxy undefined Canceled: Canceled
	at al (file:///usr/lib/code-server/lib/vscode/out/vs/workbench/api/node/extensionHostProcess.js:7:1218)
	at file:///usr/lib/code-server/lib/vscode/out/vs/workbench/api/node/extensionHostProcess.js:29:117068
	at Array.forEach (<anonymous>)
	at f5.dispose (file:///usr/lib/code-server/lib/vscode/out/vs/workbench/api/node/extensionHostProcess.js:29:117008)
	at TJ.terminate (file:///usr/lib/code-server/lib/vscode/out/vs/workbench/api/node/extensionHostProcess.js:123:10082)
	at v2.terminate (file:///usr/lib/code-server/lib/vscode/out/vs/workbench/api/node/extensionHostProcess.js:124:1434)
	at hs (file:///usr/lib/code-server/lib/vscode/out/vs/workbench/api/node/extensionHostProcess.js:225:5703)
	at mx.a (file:///usr/lib/code-server/lib/vscode/out/vs/workbench/api/node/extensionHostProcess.js:225:2614)
	at mx.h (file:///usr/lib/code-server/lib/vscode/out/vs/workbench/api/node/extensionHostProcess.js:28:75572)
	at listOnTimeout (node:internal/timers:581:17)
	at process.processTimers (node:internal/timers:519:7) 
2025-05-29 13:29:34.239 [error] ProxyResolver#resolveProxy undefined Canceled: Canceled
	at al (file:///usr/lib/code-server/lib/vscode/out/vs/workbench/api/node/extensionHostProcess.js:7:1218)
	at file:///usr/lib/code-server/lib/vscode/out/vs/workbench/api/node/extensionHostProcess.js:29:117068
	at Array.forEach (<anonymous>)
	at f5.dispose (file:///usr/lib/code-server/lib/vscode/out/vs/workbench/api/node/extensionHostProcess.js:29:117008)
	at TJ.terminate (file:///usr/lib/code-server/lib/vscode/out/vs/workbench/api/node/extensionHostProcess.js:123:10082)
	at v2.terminate (file:///usr/lib/code-server/lib/vscode/out/vs/workbench/api/node/extensionHostProcess.js:124:1434)
	at hs (file:///usr/lib/code-server/lib/vscode/out/vs/workbench/api/node/extensionHostProcess.js:225:5703)
	at mx.a (file:///usr/lib/code-server/lib/vscode/out/vs/workbench/api/node/extensionHostProcess.js:225:2614)
	at mx.h (file:///usr/lib/code-server/lib/vscode/out/vs/workbench/api/node/extensionHostProcess.js:28:75572)
	at listOnTimeout (node:internal/timers:581:17)
	at process.processTimers (node:internal/timers:519:7) 
2025-05-29 13:29:34.388 [info] Extension host with pid 103266 exiting with code 0
