2025-05-29 11:43:25.946 [info] [main] Log level: Info
2025-05-29 11:43:25.946 [info] [main] Validating found git in: "git"
2025-05-29 11:43:25.946 [info] [main] Using git "2.34.1" from "git"
2025-05-29 11:43:25.946 [info] [Model][doInitialScan] Initial repository scan started
2025-05-29 11:43:25.946 [info] > git rev-parse --show-toplevel [1ms]
2025-05-29 11:43:25.946 [info] > git rev-parse --git-dir --git-common-dir [1ms]
2025-05-29 11:43:25.946 [info] [Model][openRepository] Opened repository (path): /home/ubuntu
2025-05-29 11:43:25.946 [info] [Model][openRepository] Opened repository (real path): /home/ubuntu
2025-05-29 11:43:25.946 [info] > git config --get commit.template [3ms]
2025-05-29 11:43:25.946 [info] > git rev-parse --show-toplevel [3ms]
2025-05-29 11:43:25.946 [info] > git for-each-ref --format=%(refname)%00%(upstream:short)%00%(objectname)%00%(upstream:track)%00%(upstream:remotename)%00%(upstream:remoteref) refs/heads/main refs/remotes/main [3ms]
2025-05-29 11:43:25.946 [info] > git rev-parse --show-toplevel [1ms]
2025-05-29 11:43:25.946 [info] > git rev-parse --show-toplevel [6ms]
2025-05-29 11:43:25.946 [info] > git for-each-ref --sort -committerdate --format %(refname)%00%(objectname)%00%(*objectname) [4ms]
2025-05-29 11:43:25.946 [info] > git rev-parse --show-toplevel [2ms]
2025-05-29 11:43:25.946 [info] > git rev-parse --show-toplevel [1ms]
2025-05-29 11:43:25.946 [info] > git rev-parse --show-toplevel [1ms]
2025-05-29 11:43:25.946 [info] > git rev-parse --show-toplevel [1ms]
2025-05-29 11:43:25.946 [info] > git rev-parse --show-toplevel [1ms]
2025-05-29 11:43:25.946 [info] > git rev-parse --show-toplevel [1ms]
2025-05-29 11:43:25.946 [info] > git rev-parse --show-toplevel [1ms]
2025-05-29 11:43:25.946 [info] > git rev-parse --show-toplevel [1ms]
2025-05-29 11:43:25.946 [info] > git rev-parse --show-toplevel [1ms]
2025-05-29 11:43:25.946 [info] > git rev-parse --show-toplevel [1ms]
2025-05-29 11:43:25.946 [info] > git rev-parse --show-toplevel [1ms]
2025-05-29 11:43:25.946 [info] > git status -z -uall [40ms]
2025-05-29 11:43:25.946 [info] > git for-each-ref --format=%(refname)%00%(upstream:short)%00%(objectname)%00%(upstream:track)%00%(upstream:remotename)%00%(upstream:remoteref) refs/heads/main refs/remotes/main [6ms]
2025-05-29 11:43:25.946 [info] > git rev-parse --show-toplevel [30ms]
2025-05-29 11:43:25.946 [info] > git config --get commit.template [6ms]
2025-05-29 11:43:25.946 [info] > git rev-parse --show-toplevel [18ms]
2025-05-29 11:43:25.946 [info] [Model][doInitialScan] Initial repository scan completed - repositories (1), closed repositories (0), parent repositories (0), unsafe repositories (0)
2025-05-29 11:43:25.946 [info] > git config --get --local branch.main.vscode-merge-base [23ms]
2025-05-29 11:43:25.946 [warning] [Git][config] git config failed: Failed to execute git
2025-05-29 11:43:25.946 [info] > git reflog main --grep-reflog=branch: Created from *. [3ms]
2025-05-29 11:43:25.946 [info] > git for-each-ref --format=%(refname)%00%(upstream:short)%00%(objectname)%00%(upstream:track)%00%(upstream:remotename)%00%(upstream:remoteref) refs/heads/main refs/remotes/main [3ms]
2025-05-29 11:43:25.946 [info] > git symbolic-ref --short refs/remotes/origin/HEAD [6ms]
2025-05-29 11:43:25.946 [info] fatal: ref refs/remotes/origin/HEAD is not a symbolic ref
2025-05-29 11:43:25.946 [warning] [Repository][getDefaultBranch] Failed to get default branch details: Failed to execute git.
2025-05-29 11:43:25.946 [info] > git for-each-ref --sort -committerdate --format %(refname)%00%(objectname)%00%(*objectname) [5ms]
2025-05-29 11:43:25.946 [info] > git merge-base refs/heads/main refs/remotes/origin/main [3ms]
2025-05-29 11:43:25.946 [info] > git diff --name-status -z --diff-filter=ADMR 0c00ee7206f1a219b9613102d1b3f152799669e0...refs/remotes/origin/main [1ms]
2025-05-29 11:43:25.946 [info] > git status -z -uall [39ms]
2025-05-29 11:43:26.516 [info] > git check-ignore -v -z --stdin [6ms]
2025-05-29 11:43:27.536 [info] > git show --textconv :bank_report_ocr_backend/src/main.py [3ms]
2025-05-29 11:43:27.538 [info] > git ls-files --stage -- bank_report_ocr_backend/src/main.py [2ms]
2025-05-29 11:43:27.542 [info] > git cat-file -s 6fc181635da2ac22cd6058481eaf4a24b28f9218 [1ms]
2025-05-29 11:43:28.191 [info] > git blame --root --incremental 0c00ee7206f1a219b9613102d1b3f152799669e0 -- bank_report_ocr_backend/src/main.py [2ms]
2025-05-29 11:43:56.496 [info] > git config --get commit.template [4ms]
2025-05-29 11:43:56.497 [info] > git for-each-ref --format=%(refname)%00%(upstream:short)%00%(objectname)%00%(upstream:track)%00%(upstream:remotename)%00%(upstream:remoteref) refs/heads/main refs/remotes/main [2ms]
2025-05-29 11:43:56.503 [info] > git for-each-ref --sort -committerdate --format %(refname)%00%(objectname)%00%(*objectname) [1ms]
2025-05-29 11:43:56.538 [info] > git status -z -uall [39ms]
2025-05-29 11:43:56.620 [info] > git fetch [131ms]
2025-05-29 11:43:56.627 [info] > git config --get commit.template [3ms]
2025-05-29 11:43:56.628 [info] > git for-each-ref --format=%(refname)%00%(upstream:short)%00%(objectname)%00%(upstream:track)%00%(upstream:remotename)%00%(upstream:remoteref) refs/heads/main refs/remotes/main [1ms]
2025-05-29 11:43:56.634 [info] > git for-each-ref --sort -committerdate --format %(refname)%00%(objectname)%00%(*objectname) [1ms]
2025-05-29 11:43:56.668 [info] > git status -z -uall [38ms]
2025-05-29 11:43:58.464 [info] > git ls-files --stage -- bank_report_ocr_backend/src/main.py [3ms]
2025-05-29 11:43:58.467 [info] > git cat-file -s 6fc181635da2ac22cd6058481eaf4a24b28f9218 [1ms]
2025-05-29 11:43:58.778 [info] > git show --textconv :bank_report_ocr_backend/src/main.py [4ms]
2025-05-29 11:44:01.552 [info] > git config --get commit.template [4ms]
2025-05-29 11:44:01.553 [info] > git for-each-ref --format=%(refname)%00%(upstream:short)%00%(objectname)%00%(upstream:track)%00%(upstream:remotename)%00%(upstream:remoteref) refs/heads/main refs/remotes/main [2ms]
2025-05-29 11:44:01.563 [info] > git for-each-ref --sort -committerdate --format %(refname)%00%(objectname)%00%(*objectname) [3ms]
2025-05-29 11:44:01.599 [info] > git status -z -uall [43ms]
2025-05-29 11:44:04.186 [info] > git check-ignore -v -z --stdin [3ms]
2025-05-29 11:44:06.063 [info] > git show --textconv :bank_report_ocr_backend/src/templates/index.html [4ms]
2025-05-29 11:44:06.065 [info] > git ls-files --stage -- bank_report_ocr_backend/src/templates/index.html [3ms]
2025-05-29 11:44:06.069 [info] > git cat-file -s 6f81e6df2fef919f4de2fbacb7828b165fbabb40 [0ms]
2025-05-29 11:44:06.380 [info] > git blame --root --incremental 0c00ee7206f1a219b9613102d1b3f152799669e0 -- bank_report_ocr_backend/src/templates/index.html [3ms]
2025-05-29 11:44:06.618 [info] > git config --get commit.template [4ms]
2025-05-29 11:44:06.618 [info] > git for-each-ref --format=%(refname)%00%(upstream:short)%00%(objectname)%00%(upstream:track)%00%(upstream:remotename)%00%(upstream:remoteref) refs/heads/main refs/remotes/main [1ms]
2025-05-29 11:44:06.625 [info] > git for-each-ref --sort -committerdate --format %(refname)%00%(objectname)%00%(*objectname) [2ms]
2025-05-29 11:44:06.670 [info] > git status -z -uall [49ms]
2025-05-29 11:44:26.747 [info] > git check-ignore -v -z --stdin [3ms]
2025-05-29 11:44:27.578 [info] > git config --get commit.template [1ms]
2025-05-29 11:44:27.581 [info] > git for-each-ref --format=%(refname)%00%(upstream:short)%00%(objectname)%00%(upstream:track)%00%(upstream:remotename)%00%(upstream:remoteref) refs/heads/main refs/remotes/main [1ms]
2025-05-29 11:44:27.589 [info] > git for-each-ref --sort -committerdate --format %(refname)%00%(objectname)%00%(*objectname) [2ms]
2025-05-29 11:44:27.622 [info] > git status -z -uall [38ms]
2025-05-29 11:45:12.612 [info] > git config --get commit.template [5ms]
2025-05-29 11:45:12.612 [info] > git for-each-ref --format=%(refname)%00%(upstream:short)%00%(objectname)%00%(upstream:track)%00%(upstream:remotename)%00%(upstream:remoteref) refs/heads/main refs/remotes/main [2ms]
2025-05-29 11:45:12.620 [info] > git for-each-ref --sort -committerdate --format %(refname)%00%(objectname)%00%(*objectname) [1ms]
2025-05-29 11:45:12.659 [info] > git status -z -uall [42ms]
2025-05-29 11:45:36.000 [info] > git ls-files --stage -- bank_report_ocr_backend/src/templates/index.html [3ms]
2025-05-29 11:45:36.004 [info] > git cat-file -s 6f81e6df2fef919f4de2fbacb7828b165fbabb40 [1ms]
2025-05-29 11:45:36.318 [info] > git show --textconv :bank_report_ocr_backend/src/templates/index.html [3ms]
2025-05-29 11:45:36.608 [info] > git config --get commit.template [5ms]
2025-05-29 11:45:36.609 [info] > git for-each-ref --format=%(refname)%00%(upstream:short)%00%(objectname)%00%(upstream:track)%00%(upstream:remotename)%00%(upstream:remoteref) refs/heads/main refs/remotes/main [2ms]
2025-05-29 11:45:36.619 [info] > git for-each-ref --sort -committerdate --format %(refname)%00%(objectname)%00%(*objectname) [2ms]
2025-05-29 11:45:36.653 [info] > git status -z -uall [38ms]
2025-05-29 11:46:54.312 [info] > git show --textconv :bank_report_ocr_backend/src/main.py [4ms]
2025-05-29 11:46:54.314 [info] > git ls-files --stage -- bank_report_ocr_backend/src/main.py [3ms]
2025-05-29 11:46:54.317 [info] > git cat-file -s 6fc181635da2ac22cd6058481eaf4a24b28f9218 [1ms]
2025-05-29 11:46:56.826 [info] > git fetch [152ms]
2025-05-29 11:46:56.834 [info] > git config --get commit.template [3ms]
2025-05-29 11:46:56.835 [info] > git for-each-ref --format=%(refname)%00%(upstream:short)%00%(objectname)%00%(upstream:track)%00%(upstream:remotename)%00%(upstream:remoteref) refs/heads/main refs/remotes/main [2ms]
2025-05-29 11:46:56.843 [info] > git for-each-ref --sort -committerdate --format %(refname)%00%(objectname)%00%(*objectname) [1ms]
2025-05-29 11:46:56.880 [info] > git status -z -uall [42ms]
2025-05-29 11:46:58.706 [info] > git ls-files --stage -- bank_report_ocr_backend/src/main.py [3ms]
2025-05-29 11:46:58.709 [info] > git cat-file -s 6fc181635da2ac22cd6058481eaf4a24b28f9218 [1ms]
2025-05-29 11:46:58.995 [info] > git show --textconv :bank_report_ocr_backend/src/main.py [3ms]
2025-05-29 11:47:30.657 [info] > git config --get commit.template [4ms]
2025-05-29 11:47:30.657 [info] > git for-each-ref --format=%(refname)%00%(upstream:short)%00%(objectname)%00%(upstream:track)%00%(upstream:remotename)%00%(upstream:remoteref) refs/heads/main refs/remotes/main [1ms]
2025-05-29 11:47:30.664 [info] > git for-each-ref --sort -committerdate --format %(refname)%00%(objectname)%00%(*objectname) [2ms]
2025-05-29 11:47:30.698 [info] > git status -z -uall [38ms]
2025-05-29 11:47:40.653 [info] > git config --get commit.template [2ms]
2025-05-29 11:47:40.670 [info] > git for-each-ref --format=%(refname)%00%(upstream:short)%00%(objectname)%00%(upstream:track)%00%(upstream:remotename)%00%(upstream:remoteref) refs/heads/main refs/remotes/main [1ms]
2025-05-29 11:47:40.691 [info] > git for-each-ref --sort -committerdate --format %(refname)%00%(objectname)%00%(*objectname) [2ms]
2025-05-29 11:47:40.724 [info] > git status -z -uall [40ms]
2025-05-29 11:48:36.182 [info] > git ls-files --stage -- bank_report_ocr_backend/src/main.py [2ms]
2025-05-29 11:48:36.187 [info] > git cat-file -s 6fc181635da2ac22cd6058481eaf4a24b28f9218 [1ms]
2025-05-29 11:48:36.480 [info] > git show --textconv :bank_report_ocr_backend/src/main.py [4ms]
2025-05-29 11:48:36.669 [info] > git config --get commit.template [5ms]
2025-05-29 11:48:36.669 [info] > git for-each-ref --format=%(refname)%00%(upstream:short)%00%(objectname)%00%(upstream:track)%00%(upstream:remotename)%00%(upstream:remoteref) refs/heads/main refs/remotes/main [1ms]
2025-05-29 11:48:36.677 [info] > git for-each-ref --sort -committerdate --format %(refname)%00%(objectname)%00%(*objectname) [1ms]
2025-05-29 11:48:36.714 [info] > git status -z -uall [41ms]
2025-05-29 11:49:15.680 [info] > git config --get commit.template [3ms]
2025-05-29 11:49:15.681 [info] > git for-each-ref --format=%(refname)%00%(upstream:short)%00%(objectname)%00%(upstream:track)%00%(upstream:remotename)%00%(upstream:remoteref) refs/heads/main refs/remotes/main [2ms]
2025-05-29 11:49:15.690 [info] > git for-each-ref --sort -committerdate --format %(refname)%00%(objectname)%00%(*objectname) [1ms]
2025-05-29 11:49:15.724 [info] > git status -z -uall [38ms]
2025-05-29 11:49:37.973 [info] > git config --get commit.template [4ms]
2025-05-29 11:49:37.974 [info] > git for-each-ref --format=%(refname)%00%(upstream:short)%00%(objectname)%00%(upstream:track)%00%(upstream:remotename)%00%(upstream:remoteref) refs/heads/main refs/remotes/main [1ms]
2025-05-29 11:49:37.980 [info] > git for-each-ref --sort -committerdate --format %(refname)%00%(objectname)%00%(*objectname) [1ms]
2025-05-29 11:49:38.016 [info] > git status -z -uall [39ms]
