2025-05-29 00:12:49.597 [info] [main] Log level: Info
2025-05-29 00:12:49.597 [info] [main] Validating found git in: "git"
2025-05-29 00:12:49.597 [info] [main] Using git "2.34.1" from "git"
2025-05-29 00:12:49.597 [info] [Model][doInitialScan] Initial repository scan started
2025-05-29 00:12:49.597 [info] > git rev-parse --show-toplevel [2ms]
2025-05-29 00:12:49.597 [info] > git rev-parse --git-dir --git-common-dir [1ms]
2025-05-29 00:12:49.597 [info] [Model][openRepository] Opened repository (path): /home/ubuntu
2025-05-29 00:12:49.597 [info] [Model][openRepository] Opened repository (real path): /home/ubuntu
2025-05-29 00:12:49.597 [info] > git config --get commit.template [4ms]
2025-05-29 00:12:49.597 [info] > git rev-parse --show-toplevel [1ms]
2025-05-29 00:12:49.597 [info] > git rev-parse --show-toplevel [1ms]
2025-05-29 00:12:49.597 [info] > git rev-parse --show-toplevel [1ms]
2025-05-29 00:12:49.597 [info] > git for-each-ref --format=%(refname)%00%(upstream:short)%00%(objectname)%00%(upstream:track)%00%(upstream:remotename)%00%(upstream:remoteref) refs/heads/main refs/remotes/main [13ms]
2025-05-29 00:12:49.597 [info] > git rev-parse --show-toplevel [1ms]
2025-05-29 00:12:49.597 [info] > git rev-parse --show-toplevel [6ms]
2025-05-29 00:12:49.597 [info] > git for-each-ref --sort -committerdate --format %(refname)%00%(objectname)%00%(*objectname) [6ms]
2025-05-29 00:12:49.597 [info] > git rev-parse --show-toplevel [2ms]
2025-05-29 00:12:49.597 [info] > git rev-parse --show-toplevel [1ms]
2025-05-29 00:12:49.597 [info] > git rev-parse --show-toplevel [1ms]
2025-05-29 00:12:49.597 [info] > git rev-parse --show-toplevel [0ms]
2025-05-29 00:12:49.597 [info] > git rev-parse --show-toplevel [1ms]
2025-05-29 00:12:49.597 [info] > git rev-parse --show-toplevel [1ms]
2025-05-29 00:12:49.597 [info] > git rev-parse --show-toplevel [1ms]
2025-05-29 00:12:49.597 [info] > git rev-parse --show-toplevel [1ms]
2025-05-29 00:12:49.597 [info] > git status -z -uall [33ms]
2025-05-29 00:12:49.597 [info] > git for-each-ref --format=%(refname)%00%(upstream:short)%00%(objectname)%00%(upstream:track)%00%(upstream:remotename)%00%(upstream:remoteref) refs/heads/main refs/remotes/main [4ms]
2025-05-29 00:12:49.597 [info] > git rev-parse --show-toplevel [27ms]
2025-05-29 00:12:49.597 [info] > git config --get commit.template [5ms]
2025-05-29 00:12:49.597 [info] > git config --get --local branch.main.vscode-merge-base [3ms]
2025-05-29 00:12:49.597 [warning] [Git][config] git config failed: Failed to execute git
2025-05-29 00:12:49.597 [info] > git rev-parse --show-toplevel [5ms]
2025-05-29 00:12:49.597 [info] > git for-each-ref --format=%(refname)%00%(upstream:short)%00%(objectname)%00%(upstream:track)%00%(upstream:remotename)%00%(upstream:remoteref) refs/heads/main refs/remotes/main [9ms]
2025-05-29 00:12:49.597 [info] > git reflog main --grep-reflog=branch: Created from *. [11ms]
2025-05-29 00:12:49.597 [info] > git rev-parse --show-toplevel [2ms]
2025-05-29 00:12:49.597 [info] > git symbolic-ref --short refs/remotes/origin/HEAD [3ms]
2025-05-29 00:12:49.597 [info] fatal: ref refs/remotes/origin/HEAD is not a symbolic ref
2025-05-29 00:12:49.597 [warning] [Repository][getDefaultBranch] Failed to get default branch details: Failed to execute git.
2025-05-29 00:12:49.597 [info] > git rev-parse --show-toplevel [9ms]
2025-05-29 00:12:49.597 [info] [Model][doInitialScan] Initial repository scan completed - repositories (1), closed repositories (0), parent repositories (0), unsafe repositories (0)
2025-05-29 00:12:49.597 [info] > git for-each-ref --sort -committerdate --format %(refname)%00%(objectname)%00%(*objectname) [6ms]
2025-05-29 00:12:49.597 [info] > git merge-base refs/heads/main refs/remotes/origin/main [10ms]
2025-05-29 00:12:49.597 [info] > git diff --name-status -z --diff-filter=ADMR f20da0ed595e2edfa1ab356316800b323202030e...refs/remotes/origin/main [1ms]
2025-05-29 00:12:49.597 [info] > git status -z -uall [34ms]
2025-05-29 00:12:50.502 [info] > git check-ignore -v -z --stdin [4ms]
2025-05-29 00:12:51.449 [info] > git log --format=%H%n%aN%n%aE%n%at%n%ct%n%P%n%D%n%B -z --shortstat --diff-merges=first-parent -n50 --skip=0 --topo-order --decorate=full --stdin [1450ms]
2025-05-29 00:12:51.783 [info] > git check-ignore -v -z --stdin [6ms]
