2025-05-27 05:23:20.234 [info] [main] Log level: Info
2025-05-27 05:23:20.234 [info] [main] Validating found git in: "git"
2025-05-27 05:23:20.234 [info] [main] Using git "2.34.1" from "git"
2025-05-27 05:23:20.234 [info] [Model][doInitialScan] Initial repository scan started
2025-05-27 05:23:20.234 [info] > git rev-parse --show-toplevel [2ms]
2025-05-27 05:23:20.234 [info] > git rev-parse --git-dir --git-common-dir [1ms]
2025-05-27 05:23:20.234 [info] [Model][openRepository] Opened repository (path): /home/ubuntu
2025-05-27 05:23:20.234 [info] [Model][openRepository] Opened repository (real path): /home/ubuntu
2025-05-27 05:23:20.234 [info] > git config --get commit.template [6ms]
2025-05-27 05:23:20.234 [info] > git for-each-ref --format=%(refname)%00%(upstream:short)%00%(objectname)%00%(upstream:track)%00%(upstream:remotename)%00%(upstream:remoteref) refs/heads/main refs/remotes/main [2ms]
2025-05-27 05:23:20.234 [info] > git for-each-ref --sort -committerdate --format %(refname)%00%(objectname)%00%(*objectname) [4ms]
2025-05-27 05:23:20.234 [info] > git rev-parse --show-toplevel [2ms]
2025-05-27 05:23:20.234 [info] > git rev-parse --show-toplevel [1ms]
2025-05-27 05:23:20.234 [info] > git rev-parse --show-toplevel [1ms]
2025-05-27 05:23:20.234 [info] > git rev-parse --show-toplevel [1ms]
2025-05-27 05:23:20.234 [info] > git status -z -uall [26ms]
2025-05-27 05:23:20.234 [info] > git for-each-ref --format=%(refname)%00%(upstream:short)%00%(objectname)%00%(upstream:track)%00%(upstream:remotename)%00%(upstream:remoteref) refs/heads/main refs/remotes/main [6ms]
2025-05-27 05:23:20.234 [info] > git rev-parse --show-toplevel [19ms]
2025-05-27 05:23:20.234 [info] > git config --get commit.template [7ms]
2025-05-27 05:23:20.234 [info] > git rev-parse --show-toplevel [2ms]
2025-05-27 05:23:20.234 [info] > git config --get --local branch.main.vscode-merge-base [4ms]
2025-05-27 05:23:20.234 [warning] [Git][config] git config failed: Failed to execute git
2025-05-27 05:23:20.234 [info] > git for-each-ref --format=%(refname)%00%(upstream:short)%00%(objectname)%00%(upstream:track)%00%(upstream:remotename)%00%(upstream:remoteref) refs/heads/main refs/remotes/main [4ms]
2025-05-27 05:23:20.234 [info] > git reflog main --grep-reflog=branch: Created from *. [13ms]
2025-05-27 05:23:20.234 [info] > git for-each-ref --sort -committerdate --format %(refname)%00%(objectname)%00%(*objectname) [6ms]
2025-05-27 05:23:20.234 [info] > git rev-parse --show-toplevel [12ms]
2025-05-27 05:23:20.234 [info] > git symbolic-ref --short refs/remotes/origin/HEAD [6ms]
2025-05-27 05:23:20.234 [info] fatal: ref refs/remotes/origin/HEAD is not a symbolic ref
2025-05-27 05:23:20.234 [warning] [Repository][getDefaultBranch] Failed to get default branch details: Failed to execute git.
2025-05-27 05:23:20.234 [info] > git rev-parse --show-toplevel [2ms]
2025-05-27 05:23:20.234 [info] > git status -z -uall [35ms]
2025-05-27 05:23:20.234 [info] > git rev-parse --show-toplevel [18ms]
2025-05-27 05:23:20.234 [info] > git rev-parse --show-toplevel [1ms]
2025-05-27 05:23:20.234 [info] > git rev-parse --show-toplevel [1ms]
2025-05-27 05:23:20.234 [info] > git rev-parse --show-toplevel [1ms]
2025-05-27 05:23:20.234 [info] > git rev-parse --show-toplevel [1ms]
2025-05-27 05:23:20.234 [info] > git rev-parse --show-toplevel [1ms]
2025-05-27 05:23:20.234 [info] > git rev-parse --show-toplevel [1ms]
2025-05-27 05:23:20.234 [info] [Model][doInitialScan] Initial repository scan completed - repositories (1), closed repositories (0), parent repositories (0), unsafe repositories (0)
2025-05-27 05:23:20.783 [info] > git check-ignore -v -z --stdin [4ms]
2025-05-27 05:23:22.192 [info] > git check-ignore -v -z --stdin [3ms]
2025-05-27 05:23:22.589 [info] > git log --format=%H%n%aN%n%aE%n%at%n%ct%n%P%n%D%n%B -z --shortstat --diff-merges=first-parent -n50 --skip=0 --topo-order --decorate=full --stdin [947ms]
2025-05-27 05:24:08.193 [info] > git show --textconv :.gitconfig [4ms]
2025-05-27 05:24:08.197 [info] > git ls-files --stage -- .gitconfig [4ms]
2025-05-27 05:24:08.197 [info] fatal: not a git repository (or any of the parent directories): .git
2025-05-27 05:24:08.202 [info] > git hash-object -t tree /dev/null [6ms]
2025-05-27 05:24:08.202 [warning] [GitFileSystemProvider][readFile] File not found - git:/home/ubuntu/.gitconfig.git?%7B%22path%22%3A%22%2Fhome%2Fubuntu%2F.gitconfig%22%2C%22ref%22%3A%22%22%7D
2025-05-27 05:24:08.204 [info] > git hash-object -t tree /dev/null [3ms]
2025-05-27 05:24:08.204 [warning] [GitFileSystemProvider][stat] File not found - git:/home/ubuntu/.gitconfig.git?%7B%22path%22%3A%22%2Fhome%2Fubuntu%2F.gitconfig%22%2C%22ref%22%3A%22%22%7D
