2025-05-29 23:53:31.435 [info] [main] Log level: Info
2025-05-29 23:53:31.436 [info] [main] Validating found git in: "git"
2025-05-29 23:53:31.436 [info] [main] Using git "2.34.1" from "git"
2025-05-29 23:53:31.436 [info] [Model][doInitialScan] Initial repository scan started
2025-05-29 23:53:31.436 [info] > git rev-parse --show-toplevel [3ms]
2025-05-29 23:53:31.436 [info] > git rev-parse --git-dir --git-common-dir [3ms]
2025-05-29 23:53:31.436 [info] [Model][openRepository] Opened repository (path): /home/ubuntu
2025-05-29 23:53:31.436 [info] [Model][openRepository] Opened repository (real path): /home/ubuntu
2025-05-29 23:53:31.436 [info] > git config --get commit.template [8ms]
2025-05-29 23:53:31.436 [info] > git for-each-ref --format=%(refname)%00%(upstream:short)%00%(objectname)%00%(upstream:track)%00%(upstream:remotename)%00%(upstream:remoteref) refs/heads/main refs/remotes/main [1ms]
2025-05-29 23:53:31.436 [info] > git rev-parse --show-toplevel [9ms]
2025-05-29 23:53:31.436 [info] > git rev-parse --show-toplevel [12ms]
2025-05-29 23:53:31.436 [info] > git for-each-ref --sort -committerdate --format %(refname)%00%(objectname)%00%(*objectname) [4ms]
2025-05-29 23:53:31.436 [info] > git rev-parse --show-toplevel [1ms]
2025-05-29 23:53:31.437 [info] > git rev-parse --show-toplevel [2ms]
2025-05-29 23:53:31.437 [info] > git rev-parse --show-toplevel [1ms]
2025-05-29 23:53:31.437 [info] > git rev-parse --show-toplevel [3ms]
2025-05-29 23:53:31.437 [info] > git status -z -uall [60ms]
2025-05-29 23:53:31.437 [info] > git rev-parse --show-toplevel [45ms]
2025-05-29 23:53:31.437 [info] > git for-each-ref --format=%(refname)%00%(upstream:short)%00%(objectname)%00%(upstream:track)%00%(upstream:remotename)%00%(upstream:remoteref) refs/heads/main refs/remotes/main [16ms]
2025-05-29 23:53:31.437 [info] > git rev-parse --show-toplevel [6ms]
2025-05-29 23:53:31.437 [info] > git config --get commit.template [10ms]
2025-05-29 23:53:31.437 [info] > git fetch [150ms]
2025-05-29 23:53:31.437 [info] > git rev-parse --show-toplevel [6ms]
2025-05-29 23:53:31.437 [info] > git config --get --local branch.main.vscode-merge-base [14ms]
2025-05-29 23:53:31.437 [warning] [Git][config] git config failed: Failed to execute git
2025-05-29 23:53:31.437 [info] > git for-each-ref --format=%(refname)%00%(upstream:short)%00%(objectname)%00%(upstream:track)%00%(upstream:remotename)%00%(upstream:remoteref) refs/heads/main refs/remotes/main [9ms]
2025-05-29 23:53:31.437 [info] > git config --get commit.template [12ms]
2025-05-29 23:53:31.438 [info] > git reflog main --grep-reflog=branch: Created from *. [9ms]
2025-05-29 23:53:31.438 [info] > git for-each-ref --format=%(refname)%00%(upstream:short)%00%(objectname)%00%(upstream:track)%00%(upstream:remotename)%00%(upstream:remoteref) refs/heads/main refs/remotes/main [10ms]
2025-05-29 23:53:31.438 [info] > git rev-parse --show-toplevel [16ms]
2025-05-29 23:53:31.438 [info] > git symbolic-ref --short refs/remotes/origin/HEAD [9ms]
2025-05-29 23:53:31.438 [info] fatal: ref refs/remotes/origin/HEAD is not a symbolic ref
2025-05-29 23:53:31.438 [warning] [Repository][getDefaultBranch] Failed to get default branch details: Failed to execute git.
2025-05-29 23:53:31.438 [info] > git rev-parse --show-toplevel [4ms]
2025-05-29 23:53:31.438 [info] > git merge-base refs/heads/main refs/remotes/origin/main [9ms]
2025-05-29 23:53:31.438 [info] > git rev-parse --show-toplevel [21ms]
2025-05-29 23:53:31.438 [info] > git merge-base refs/heads/main refs/remotes/origin/main [25ms]
2025-05-29 23:53:31.438 [info] > git diff --name-status -z --diff-filter=ADMR 0c00ee7206f1a219b9613102d1b3f152799669e0...refs/remotes/origin/main [24ms]
2025-05-29 23:53:31.438 [info] > git for-each-ref --sort -committerdate --format %(refname)%00%(objectname)%00%(*objectname) [29ms]
2025-05-29 23:53:31.438 [info] > git diff --name-status -z --diff-filter=ADMR 0c00ee7206f1a219b9613102d1b3f152799669e0...refs/remotes/origin/main [47ms]
2025-05-29 23:53:31.438 [info] > git rev-parse --show-toplevel [4ms]
2025-05-29 23:53:31.438 [info] > git status -z -uall [50ms]
2025-05-29 23:53:31.439 [info] > git rev-parse --show-toplevel [11ms]
2025-05-29 23:53:31.439 [info] > git rev-parse --show-toplevel [5ms]
2025-05-29 23:53:31.439 [info] > git rev-parse --show-toplevel [2ms]
2025-05-29 23:53:31.439 [info] [Model][doInitialScan] Initial repository scan completed - repositories (1), closed repositories (0), parent repositories (0), unsafe repositories (0)
2025-05-29 23:53:31.951 [info] > git check-ignore -v -z --stdin [7ms]
2025-05-29 23:53:32.407 [info] > git show --textconv :bank_report_ocr_backend/src/templates/index.html [4ms]
2025-05-29 23:53:32.409 [info] > git ls-files --stage -- bank_report_ocr_backend/src/templates/index.html [3ms]
2025-05-29 23:53:32.413 [info] > git cat-file -s 6f81e6df2fef919f4de2fbacb7828b165fbabb40 [2ms]
2025-05-29 23:53:41.031 [info] > git ls-files --stage -- bank_report_ocr_backend/src/templates/index.html [3ms]
2025-05-29 23:53:41.035 [info] > git cat-file -s 6f81e6df2fef919f4de2fbacb7828b165fbabb40 [1ms]
2025-05-29 23:53:41.410 [info] > git show --textconv :bank_report_ocr_backend/src/templates/index.html [3ms]
2025-05-29 23:54:34.772 [info] > git config --get commit.template [3ms]
2025-05-29 23:54:34.772 [info] > git for-each-ref --format=%(refname)%00%(upstream:short)%00%(objectname)%00%(upstream:track)%00%(upstream:remotename)%00%(upstream:remoteref) refs/heads/main refs/remotes/main [1ms]
2025-05-29 23:54:34.781 [info] > git for-each-ref --sort -committerdate --format %(refname)%00%(objectname)%00%(*objectname) [2ms]
2025-05-29 23:54:34.814 [info] > git status -z -uall [39ms]
2025-05-29 23:54:35.323 [info] > git check-ignore -v -z --stdin [4ms]
2025-05-29 23:54:39.829 [info] > git config --get commit.template [3ms]
2025-05-29 23:54:39.829 [info] > git for-each-ref --format=%(refname)%00%(upstream:short)%00%(objectname)%00%(upstream:track)%00%(upstream:remotename)%00%(upstream:remoteref) refs/heads/main refs/remotes/main [1ms]
2025-05-29 23:54:39.836 [info] > git for-each-ref --sort -committerdate --format %(refname)%00%(objectname)%00%(*objectname) [2ms]
2025-05-29 23:54:39.869 [info] > git status -z -uall [37ms]
