2025-05-28 04:50:40.086 [info] [main] Log level: Info
2025-05-28 04:50:40.086 [info] [main] Validating found git in: "git"
2025-05-28 04:50:40.086 [info] [main] Using git "2.34.1" from "git"
2025-05-28 04:50:40.086 [info] [Model][doInitialScan] Initial repository scan started
2025-05-28 04:50:40.086 [info] > git rev-parse --show-toplevel [1ms]
2025-05-28 04:50:40.086 [info] > git rev-parse --git-dir --git-common-dir [1ms]
2025-05-28 04:50:40.086 [info] [Model][openRepository] Opened repository (path): /home/ubuntu
2025-05-28 04:50:40.086 [info] [Model][openRepository] Opened repository (real path): /home/ubuntu
2025-05-28 04:50:40.086 [info] > git config --get commit.template [4ms]
2025-05-28 04:50:40.086 [info] > git for-each-ref --format=%(refname)%00%(upstream:short)%00%(objectname)%00%(upstream:track)%00%(upstream:remotename)%00%(upstream:remoteref) refs/heads/main refs/remotes/main [2ms]
2025-05-28 04:50:40.086 [info] > git for-each-ref --sort -committerdate --format %(refname)%00%(objectname)%00%(*objectname) [4ms]
2025-05-28 04:50:40.086 [info] > git rev-parse --show-toplevel [2ms]
2025-05-28 04:50:40.086 [info] > git rev-parse --show-toplevel [1ms]
2025-05-28 04:50:40.086 [info] > git rev-parse --show-toplevel [1ms]
2025-05-28 04:50:40.086 [info] > git rev-parse --show-toplevel [1ms]
2025-05-28 04:50:40.086 [info] > git rev-parse --show-toplevel [1ms]
2025-05-28 04:50:40.086 [info] > git rev-parse --show-toplevel [1ms]
2025-05-28 04:50:40.086 [info] > git status -z -uall [29ms]
2025-05-28 04:50:40.086 [info] > git rev-parse --show-toplevel [1ms]
2025-05-28 04:50:40.086 [info] > git for-each-ref --format=%(refname)%00%(upstream:short)%00%(objectname)%00%(upstream:track)%00%(upstream:remotename)%00%(upstream:remoteref) refs/heads/main refs/remotes/main [7ms]
2025-05-28 04:50:40.086 [info] > git config --get commit.template [4ms]
2025-05-28 04:50:40.086 [info] > git rev-parse --show-toplevel [6ms]
2025-05-28 04:50:40.086 [info] > git config --get --local branch.main.vscode-merge-base [2ms]
2025-05-28 04:50:40.086 [warning] [Git][config] git config failed: Failed to execute git
2025-05-28 04:50:40.086 [info] > git rev-parse --show-toplevel [3ms]
2025-05-28 04:50:40.086 [info] > git reflog main --grep-reflog=branch: Created from *. [6ms]
2025-05-28 04:50:40.086 [info] > git for-each-ref --format=%(refname)%00%(upstream:short)%00%(objectname)%00%(upstream:track)%00%(upstream:remotename)%00%(upstream:remoteref) refs/heads/main refs/remotes/main [6ms]
2025-05-28 04:50:40.086 [info] > git symbolic-ref --short refs/remotes/origin/HEAD [3ms]
2025-05-28 04:50:40.086 [info] fatal: ref refs/remotes/origin/HEAD is not a symbolic ref
2025-05-28 04:50:40.086 [warning] [Repository][getDefaultBranch] Failed to get default branch details: Failed to execute git.
2025-05-28 04:50:40.086 [info] > git rev-parse --show-toplevel [5ms]
2025-05-28 04:50:40.086 [info] > git merge-base refs/heads/main refs/remotes/origin/main [7ms]
2025-05-28 04:50:40.086 [info] > git diff --name-status -z --diff-filter=ADMR b1a7a5c23fb44b0e546bef13dd4f0af6343346e5...refs/remotes/origin/main [20ms]
2025-05-28 04:50:40.086 [info] > git for-each-ref --sort -committerdate --format %(refname)%00%(objectname)%00%(*objectname) [24ms]
2025-05-28 04:50:40.086 [info] > git rev-parse --show-toplevel [29ms]
2025-05-28 04:50:40.086 [info] > git status -z -uall [30ms]
2025-05-28 04:50:40.086 [info] > git rev-parse --show-toplevel [4ms]
2025-05-28 04:50:40.086 [info] > git rev-parse --git-dir --git-common-dir [1ms]
2025-05-28 04:50:40.086 [info] [Model][openRepository] Opened repository (path): /home/ubuntu/bank_report_ocr_backend
2025-05-28 04:50:40.086 [info] [Model][openRepository] Opened repository (real path): /home/ubuntu/bank_report_ocr_backend
2025-05-28 04:50:40.086 [info] > git config --get commit.template [3ms]
2025-05-28 04:50:40.086 [info] > git rev-parse --show-toplevel [1ms]
2025-05-28 04:50:40.086 [info] [Git][getRemotes] No remotes found in the git config file
2025-05-28 04:50:40.087 [info] > git for-each-ref --format=%(refname)%00%(upstream:short)%00%(objectname)%00%(upstream:track)%00%(upstream:remotename)%00%(upstream:remoteref) refs/heads/master refs/remotes/master [3ms]
2025-05-28 04:50:40.087 [warning] [Git][getBranch] No such branch: master
2025-05-28 04:50:40.087 [info] > git rev-parse --show-toplevel [6ms]
2025-05-28 04:50:40.087 [info] > git for-each-ref --sort -committerdate --format %(refname)%00%(objectname)%00%(*objectname) [3ms]
2025-05-28 04:50:40.087 [info] > git rev-parse --show-toplevel [1ms]
2025-05-28 04:50:40.087 [info] > git status -z -uall [10ms]
2025-05-28 04:50:40.087 [info] > git rev-parse --show-toplevel [2ms]
2025-05-28 04:50:40.087 [info] > git for-each-ref --format=%(refname)%00%(upstream:short)%00%(objectname)%00%(upstream:track)%00%(upstream:remotename)%00%(upstream:remoteref) refs/heads/master refs/remotes/master [11ms]
2025-05-28 04:50:40.087 [warning] [Git][getBranch] No such branch: master
2025-05-28 04:50:40.087 [error] [GitHistoryProvider][resolveHEADMergeBase] Failed to resolve merge base for master: Error: No such branch: master.
2025-05-28 04:50:40.087 [info] > git config --get commit.template [1ms]
2025-05-28 04:50:40.087 [info] > git rev-parse --show-toplevel [3ms]
2025-05-28 04:50:40.087 [info] [Model][doInitialScan] Initial repository scan completed - repositories (2), closed repositories (0), parent repositories (0), unsafe repositories (0)
2025-05-28 04:50:40.087 [info] [Git][getRemotes] No remotes found in the git config file
2025-05-28 04:50:40.087 [info] > git for-each-ref --format=%(refname)%00%(upstream:short)%00%(objectname)%00%(upstream:track)%00%(upstream:remotename)%00%(upstream:remoteref) refs/heads/master refs/remotes/master [2ms]
2025-05-28 04:50:40.087 [warning] [Git][getBranch] No such branch: master
2025-05-28 04:50:40.087 [info] > git for-each-ref --sort -committerdate --format %(refname)%00%(objectname)%00%(*objectname) [2ms]
2025-05-28 04:50:40.087 [info] > git status -z -uall [399ms]
2025-05-28 04:50:41.040 [info] > git check-ignore -v -z --stdin [2ms]
2025-05-28 04:50:41.455 [info] > git log --format=%H%n%aN%n%aE%n%at%n%ct%n%P%n%D%n%B -z --shortstat --diff-merges=first-parent -n50 --skip=0 --topo-order --decorate=full --stdin [923ms]
2025-05-28 04:50:46.464 [info] > git check-ignore -v -z --stdin [7ms]
2025-05-28 04:50:47.831 [info] > git check-ignore -v -z --stdin [3ms]
2025-05-28 04:50:47.832 [info] > git check-ignore -v -z --stdin [2ms]
2025-05-28 04:50:53.375 [info] > git check-ignore -v -z --stdin [6ms]
2025-05-28 04:50:53.375 [info] > git check-ignore -v -z --stdin [4ms]
2025-05-28 04:50:55.425 [info] > git config --get commit.template [4ms]
2025-05-28 04:50:55.425 [info] > git for-each-ref --format=%(refname)%00%(upstream:short)%00%(objectname)%00%(upstream:track)%00%(upstream:remotename)%00%(upstream:remoteref) refs/heads/main refs/remotes/main [1ms]
2025-05-28 04:50:55.432 [info] > git for-each-ref --sort -committerdate --format %(refname)%00%(objectname)%00%(*objectname) [2ms]
2025-05-28 04:50:55.455 [info] > git status -z -uall [27ms]
2025-05-28 04:51:00.466 [info] > git config --get commit.template [4ms]
2025-05-28 04:51:00.466 [info] > git for-each-ref --format=%(refname)%00%(upstream:short)%00%(objectname)%00%(upstream:track)%00%(upstream:remotename)%00%(upstream:remoteref) refs/heads/main refs/remotes/main [1ms]
2025-05-28 04:51:00.473 [info] > git for-each-ref --sort -committerdate --format %(refname)%00%(objectname)%00%(*objectname) [2ms]
2025-05-28 04:51:00.495 [info] > git status -z -uall [26ms]
2025-05-28 04:51:05.505 [info] > git config --get commit.template [3ms]
2025-05-28 04:51:05.506 [info] > git for-each-ref --format=%(refname)%00%(upstream:short)%00%(objectname)%00%(upstream:track)%00%(upstream:remotename)%00%(upstream:remoteref) refs/heads/main refs/remotes/main [1ms]
2025-05-28 04:51:05.512 [info] > git for-each-ref --sort -committerdate --format %(refname)%00%(objectname)%00%(*objectname) [1ms]
2025-05-28 04:51:05.535 [info] > git status -z -uall [27ms]
2025-05-28 04:51:06.668 [info] > git check-ignore -v -z --stdin [2ms]
2025-05-28 04:51:09.605 [info] > git check-ignore -v -z --stdin [2ms]
2025-05-28 04:51:10.545 [info] > git config --get commit.template [3ms]
2025-05-28 04:51:10.545 [info] > git for-each-ref --format=%(refname)%00%(upstream:short)%00%(objectname)%00%(upstream:track)%00%(upstream:remotename)%00%(upstream:remoteref) refs/heads/main refs/remotes/main [1ms]
2025-05-28 04:51:10.552 [info] > git for-each-ref --sort -committerdate --format %(refname)%00%(objectname)%00%(*objectname) [2ms]
2025-05-28 04:51:10.574 [info] > git status -z -uall [26ms]
2025-05-28 04:51:15.585 [info] > git config --get commit.template [3ms]
2025-05-28 04:51:15.585 [info] > git for-each-ref --format=%(refname)%00%(upstream:short)%00%(objectname)%00%(upstream:track)%00%(upstream:remotename)%00%(upstream:remoteref) refs/heads/main refs/remotes/main [1ms]
2025-05-28 04:51:15.591 [info] > git for-each-ref --sort -committerdate --format %(refname)%00%(objectname)%00%(*objectname) [1ms]
2025-05-28 04:51:15.615 [info] > git status -z -uall [27ms]
2025-05-28 04:51:15.894 [info] > git log --format=%H%n%aN%n%aE%n%at%n%ct%n%P%n%D%n%B -z --shortstat --diff-merges=first-parent -n50 --skip=0 --topo-order --decorate=full --stdin [908ms]
2025-05-28 04:51:20.625 [info] > git config --get commit.template [3ms]
2025-05-28 04:51:20.625 [info] > git for-each-ref --format=%(refname)%00%(upstream:short)%00%(objectname)%00%(upstream:track)%00%(upstream:remotename)%00%(upstream:remoteref) refs/heads/main refs/remotes/main [1ms]
2025-05-28 04:51:20.631 [info] > git for-each-ref --sort -committerdate --format %(refname)%00%(objectname)%00%(*objectname) [1ms]
2025-05-28 04:51:20.654 [info] > git status -z -uall [26ms]
2025-05-28 04:51:39.125 [info] > git config --get commit.template [4ms]
2025-05-28 04:51:39.125 [info] > git for-each-ref --format=%(refname)%00%(upstream:short)%00%(objectname)%00%(upstream:track)%00%(upstream:remotename)%00%(upstream:remoteref) refs/heads/main refs/remotes/main [1ms]
2025-05-28 04:51:39.132 [info] > git for-each-ref --sort -committerdate --format %(refname)%00%(objectname)%00%(*objectname) [1ms]
2025-05-28 04:51:39.155 [info] > git status -z -uall [27ms]
2025-05-28 04:51:44.167 [info] > git config --get commit.template [4ms]
2025-05-28 04:51:44.168 [info] > git for-each-ref --format=%(refname)%00%(upstream:short)%00%(objectname)%00%(upstream:track)%00%(upstream:remotename)%00%(upstream:remoteref) refs/heads/main refs/remotes/main [2ms]
2025-05-28 04:51:44.176 [info] > git for-each-ref --sort -committerdate --format %(refname)%00%(objectname)%00%(*objectname) [2ms]
2025-05-28 04:51:44.205 [info] > git status -z -uall [34ms]
2025-05-28 04:51:45.809 [info] > git add -A -- . [125ms]
2025-05-28 04:51:45.809 [info] error: 'bank_report_ocr_backend/' does not have a commit checked out
fatal: adding files failed
2025-05-28 04:51:45.815 [info] > git config --get commit.template [3ms]
2025-05-28 04:51:45.816 [info] > git for-each-ref --format=%(refname)%00%(upstream:short)%00%(objectname)%00%(upstream:track)%00%(upstream:remotename)%00%(upstream:remoteref) refs/heads/main refs/remotes/main [1ms]
2025-05-28 04:51:45.822 [info] > git for-each-ref --sort -committerdate --format %(refname)%00%(objectname)%00%(*objectname) [1ms]
2025-05-28 04:51:45.845 [info] > git status -z -uall [27ms]
2025-05-28 04:53:15.507 [info] > git config --get commit.template [4ms]
2025-05-28 04:53:15.507 [info] > git for-each-ref --format=%(refname)%00%(upstream:short)%00%(objectname)%00%(upstream:track)%00%(upstream:remotename)%00%(upstream:remoteref) refs/heads/main refs/remotes/main [1ms]
2025-05-28 04:53:15.514 [info] > git for-each-ref --sort -committerdate --format %(refname)%00%(objectname)%00%(*objectname) [2ms]
2025-05-28 04:53:15.537 [info] > git status -z -uall [27ms]
2025-05-28 04:53:16.824 [info] > git add -A -- . [48ms]
2025-05-28 04:53:16.824 [info] error: 'bank_report_ocr_backend/' does not have a commit checked out
fatal: adding files failed
2025-05-28 04:53:16.830 [info] > git config --get commit.template [3ms]
2025-05-28 04:53:16.831 [info] > git for-each-ref --format=%(refname)%00%(upstream:short)%00%(objectname)%00%(upstream:track)%00%(upstream:remotename)%00%(upstream:remoteref) refs/heads/main refs/remotes/main [1ms]
2025-05-28 04:53:16.837 [info] > git for-each-ref --sort -committerdate --format %(refname)%00%(objectname)%00%(*objectname) [2ms]
2025-05-28 04:53:16.860 [info] > git status -z -uall [27ms]
2025-05-28 04:54:29.898 [info] > git config --get commit.template [4ms]
2025-05-28 04:54:29.901 [info] > git for-each-ref --format=%(refname)%00%(upstream:short)%00%(objectname)%00%(upstream:track)%00%(upstream:remotename)%00%(upstream:remoteref) refs/heads/main refs/remotes/main [5ms]
2025-05-28 04:54:29.907 [info] > git for-each-ref --sort -committerdate --format %(refname)%00%(objectname)%00%(*objectname) [1ms]
2025-05-28 04:54:29.957 [info] > git status -z -uall [54ms]
