2025-05-29 13:08:49.487 [info] Extension host with pid 118482 started
2025-05-29 13:08:49.487 [error] Error: EEXIST: file already exists, open '/home/ubuntu/.local/share/code-server/User/workspaceStorage/55104b82/vscode.lock'
2025-05-29 13:08:49.487 [info] Lock '/home/ubuntu/.local/share/code-server/User/workspaceStorage/55104b82/vscode.lock': Could not acquire lock, checking if the file is stale.
2025-05-29 13:08:49.490 [info] Lock '/home/ubuntu/.local/share/code-server/User/workspaceStorage/55104b82/vscode.lock': The lock does not look stale, elapsed: 910 ms, giving up.
2025-05-29 13:08:49.496 [error] Error: EEXIST: file already exists, open '/home/ubuntu/.local/share/code-server/User/workspaceStorage/55104b82-1/vscode.lock'
2025-05-29 13:08:49.497 [info] Lock '/home/ubuntu/.local/share/code-server/User/workspaceStorage/55104b82-1/vscode.lock': Could not acquire lock, checking if the file is stale.
2025-05-29 13:08:49.497 [info] Lock '/home/ubuntu/.local/share/code-server/User/workspaceStorage/55104b82-1/vscode.lock': The lock does not look stale, elapsed: 863 ms, giving up.
2025-05-29 13:08:49.498 [error] Error: EEXIST: file already exists, open '/home/ubuntu/.local/share/code-server/User/workspaceStorage/55104b82-2/vscode.lock'
2025-05-29 13:08:49.498 [info] Lock '/home/ubuntu/.local/share/code-server/User/workspaceStorage/55104b82-2/vscode.lock': Could not acquire lock, checking if the file is stale.
2025-05-29 13:08:49.498 [info] Lock '/home/ubuntu/.local/share/code-server/User/workspaceStorage/55104b82-2/vscode.lock': The lock does not look stale, elapsed: 466 ms, giving up.
2025-05-29 13:08:49.501 [info] Lock '/home/ubuntu/.local/share/code-server/User/workspaceStorage/55104b82-3/vscode.lock': Lock acquired.
2025-05-29 13:08:50.567 [info] ExtensionService#_doActivateExtension vscode.simple-browser, startup: false, activationEvent: 'onWebviewPanel:simpleBrowser.view'
2025-05-29 13:08:50.568 [info] ExtensionService#_doActivateExtension vscode.emmet, startup: false, activationEvent: 'onLanguage'
2025-05-29 13:08:50.568 [info] ExtensionService#_doActivateExtension vscode.configuration-editing, startup: false, activationEvent: 'onLanguage:jsonc'
2025-05-29 13:08:50.569 [info] ExtensionService#_doActivateExtension vscode.json-language-features, startup: false, activationEvent: 'onLanguage:jsonc'
2025-05-29 13:08:50.569 [info] ExtensionService#_doActivateExtension vscode.typescript-language-features, startup: false, activationEvent: 'onLanguage:jsonc'
2025-05-29 13:08:51.419 [info] ExtensionService#_doActivateExtension vscode.tunnel-forwarding, startup: false, activationEvent: 'onTunnel'
2025-05-29 13:08:51.570 [info] ExtensionService#_doActivateExtension vscode.git-base, startup: true, activationEvent: '*', root cause: vscode.git
2025-05-29 13:08:51.914 [info] ExtensionService#_doActivateExtension vscode.git, startup: true, activationEvent: '*'
2025-05-29 13:08:51.915 [info] ExtensionService#_doActivateExtension vscode.github, startup: true, activationEvent: '*'
2025-05-29 13:08:52.936 [info] Eager extensions activated
2025-05-29 13:08:52.936 [info] ExtensionService#_doActivateExtension vscode.debug-auto-launch, startup: false, activationEvent: 'onStartupFinished'
2025-05-29 13:08:52.937 [info] ExtensionService#_doActivateExtension vscode.merge-conflict, startup: false, activationEvent: 'onStartupFinished'
2025-05-29 13:08:53.483 [info] ExtensionService#_doActivateExtension vscode.github-authentication, startup: false, activationEvent: 'onAuthenticationRequest:github'
2025-05-29 13:11:15.202 [info] ExtensionService#_doActivateExtension vscode.html-language-features, startup: false, activationEvent: 'onLanguage:html'
2025-05-29 13:17:05.708 [info] ExtensionService#_doActivateExtension vscode.extension-editing, startup: false, activationEvent: 'onLanguage:markdown'
2025-05-29 13:17:05.708 [info] ExtensionService#_doActivateExtension vscode.markdown-language-features, startup: false, activationEvent: 'onLanguage:markdown'
2025-05-29 13:17:07.320 [info] ExtensionService#_doActivateExtension vscode.markdown-math, startup: false, activationEvent: 'api', root cause: vscode.markdown-language-features
2025-05-29 13:20:19.400 [info] ExtensionService#_doActivateExtension vscode.media-preview, startup: false, activationEvent: 'onCustomEditor:imagePreview.previewEditor'
2025-05-29 13:22:36.333 [info] ExtensionService#_doActivateExtension vscode.npm, startup: false, activationEvent: 'onTerminalQuickFixRequest:ms-vscode.npm-command'
2025-05-29 23:42:35.571 [error] Error: read ETIMEDOUT
	at TCP.onStreamRead (node:internal/stream_base_commons:218:20)
2025-05-30 00:09:23.162 [info] Extension host terminating: renderer disconnected for too long (2)
2025-05-30 00:09:23.165 [info] Lock '/home/ubuntu/.local/share/code-server/User/workspaceStorage/55104b82-3/vscode.lock': Marking the lockfile as scheduled to be released in 6000 ms.
2025-05-30 00:09:23.219 [error] ProxyResolver#resolveProxy undefined Canceled: Canceled
	at al (file:///usr/lib/code-server/lib/vscode/out/vs/workbench/api/node/extensionHostProcess.js:7:1218)
	at file:///usr/lib/code-server/lib/vscode/out/vs/workbench/api/node/extensionHostProcess.js:29:117068
	at Array.forEach (<anonymous>)
	at f5.dispose (file:///usr/lib/code-server/lib/vscode/out/vs/workbench/api/node/extensionHostProcess.js:29:117008)
	at TJ.terminate (file:///usr/lib/code-server/lib/vscode/out/vs/workbench/api/node/extensionHostProcess.js:123:10082)
	at v2.terminate (file:///usr/lib/code-server/lib/vscode/out/vs/workbench/api/node/extensionHostProcess.js:124:1434)
	at hs (file:///usr/lib/code-server/lib/vscode/out/vs/workbench/api/node/extensionHostProcess.js:225:5703)
	at mx.a (file:///usr/lib/code-server/lib/vscode/out/vs/workbench/api/node/extensionHostProcess.js:225:2614)
	at mx.h (file:///usr/lib/code-server/lib/vscode/out/vs/workbench/api/node/extensionHostProcess.js:28:75572)
	at listOnTimeout (node:internal/timers:581:17)
	at process.processTimers (node:internal/timers:519:7) 
2025-05-30 00:09:23.219 [error] ProxyResolver#resolveProxy undefined Canceled: Canceled
	at al (file:///usr/lib/code-server/lib/vscode/out/vs/workbench/api/node/extensionHostProcess.js:7:1218)
	at file:///usr/lib/code-server/lib/vscode/out/vs/workbench/api/node/extensionHostProcess.js:29:117068
	at Array.forEach (<anonymous>)
	at f5.dispose (file:///usr/lib/code-server/lib/vscode/out/vs/workbench/api/node/extensionHostProcess.js:29:117008)
	at TJ.terminate (file:///usr/lib/code-server/lib/vscode/out/vs/workbench/api/node/extensionHostProcess.js:123:10082)
	at v2.terminate (file:///usr/lib/code-server/lib/vscode/out/vs/workbench/api/node/extensionHostProcess.js:124:1434)
	at hs (file:///usr/lib/code-server/lib/vscode/out/vs/workbench/api/node/extensionHostProcess.js:225:5703)
	at mx.a (file:///usr/lib/code-server/lib/vscode/out/vs/workbench/api/node/extensionHostProcess.js:225:2614)
	at mx.h (file:///usr/lib/code-server/lib/vscode/out/vs/workbench/api/node/extensionHostProcess.js:28:75572)
	at listOnTimeout (node:internal/timers:581:17)
	at process.processTimers (node:internal/timers:519:7) 
2025-05-30 00:09:23.366 [info] Extension host with pid 118482 exiting with code 0
