2025-05-27 05:27:39.015 [info] [main] Log level: Info
2025-05-27 05:27:39.015 [info] [main] Validating found git in: "git"
2025-05-27 05:27:39.015 [info] [main] Using git "2.34.1" from "git"
2025-05-27 05:27:39.015 [info] [Model][doInitialScan] Initial repository scan started
2025-05-27 05:27:39.015 [info] > git rev-parse --show-toplevel [1ms]
2025-05-27 05:27:39.015 [info] > git rev-parse --git-dir --git-common-dir [1ms]
2025-05-27 05:27:39.015 [info] [Model][openRepository] Opened repository (path): /home/ubuntu
2025-05-27 05:27:39.015 [info] [Model][openRepository] Opened repository (real path): /home/ubuntu
2025-05-27 05:27:39.015 [info] > git config --get commit.template [7ms]
2025-05-27 05:27:39.015 [info] > git for-each-ref --format=%(refname)%00%(upstream:short)%00%(objectname)%00%(upstream:track)%00%(upstream:remotename)%00%(upstream:remoteref) refs/heads/main refs/remotes/main [2ms]
2025-05-27 05:27:39.015 [info] > git rev-parse --show-toplevel [5ms]
2025-05-27 05:27:39.015 [info] > git rev-parse --show-toplevel [8ms]
2025-05-27 05:27:39.015 [info] > git for-each-ref --sort -committerdate --format %(refname)%00%(objectname)%00%(*objectname) [3ms]
2025-05-27 05:27:39.015 [info] > git rev-parse --show-toplevel [3ms]
2025-05-27 05:27:39.015 [info] > git rev-parse --show-toplevel [1ms]
2025-05-27 05:27:39.015 [info] > git rev-parse --show-toplevel [1ms]
2025-05-27 05:27:39.015 [info] > git rev-parse --show-toplevel [1ms]
2025-05-27 05:27:39.015 [info] > git rev-parse --show-toplevel [1ms]
2025-05-27 05:27:39.015 [info] > git status -z -uall [23ms]
2025-05-27 05:27:39.015 [info] > git for-each-ref --format=%(refname)%00%(upstream:short)%00%(objectname)%00%(upstream:track)%00%(upstream:remotename)%00%(upstream:remoteref) refs/heads/main refs/remotes/main [6ms]
2025-05-27 05:27:39.015 [info] > git rev-parse --show-toplevel [32ms]
2025-05-27 05:27:39.015 [info] > git config --get commit.template [6ms]
2025-05-27 05:27:39.015 [info] > git config --get --local branch.main.vscode-merge-base [4ms]
2025-05-27 05:27:39.015 [warning] [Git][config] git config failed: Failed to execute git
2025-05-27 05:27:39.015 [info] > git rev-parse --show-toplevel [6ms]
2025-05-27 05:27:39.015 [info] > git reflog main --grep-reflog=branch: Created from *. [3ms]
2025-05-27 05:27:39.015 [info] > git for-each-ref --format=%(refname)%00%(upstream:short)%00%(objectname)%00%(upstream:track)%00%(upstream:remotename)%00%(upstream:remoteref) refs/heads/main refs/remotes/main [6ms]
2025-05-27 05:27:39.015 [info] > git symbolic-ref --short refs/remotes/origin/HEAD [3ms]
2025-05-27 05:27:39.015 [info] fatal: ref refs/remotes/origin/HEAD is not a symbolic ref
2025-05-27 05:27:39.015 [warning] [Repository][getDefaultBranch] Failed to get default branch details: Failed to execute git.
2025-05-27 05:27:39.015 [info] > git merge-base refs/heads/main refs/remotes/origin/main [11ms]
2025-05-27 05:27:39.015 [info] > git rev-parse --show-toplevel [19ms]
2025-05-27 05:27:39.015 [info] > git diff --name-status -z --diff-filter=ADMR b1a7a5c23fb44b0e546bef13dd4f0af6343346e5...refs/remotes/origin/main [4ms]
2025-05-27 05:27:39.015 [info] > git rev-parse --show-toplevel [5ms]
2025-05-27 05:27:39.015 [info] > git for-each-ref --sort -committerdate --format %(refname)%00%(objectname)%00%(*objectname) [4ms]
2025-05-27 05:27:39.015 [info] > git rev-parse --show-toplevel [1ms]
2025-05-27 05:27:39.015 [info] > git rev-parse --show-toplevel [2ms]
2025-05-27 05:27:39.015 [info] > git rev-parse --show-toplevel [0ms]
2025-05-27 05:27:39.015 [info] > git rev-parse --show-toplevel [1ms]
2025-05-27 05:27:39.015 [info] [Model][doInitialScan] Initial repository scan completed - repositories (1), closed repositories (0), parent repositories (0), unsafe repositories (0)
2025-05-27 05:27:39.015 [info] > git status -z -uall [24ms]
2025-05-27 05:27:39.800 [info] > git check-ignore -v -z --stdin [2ms]
2025-05-27 05:27:40.182 [info] > git log --format=%H%n%aN%n%aE%n%at%n%ct%n%P%n%D%n%B -z --shortstat --diff-merges=first-parent -n50 --skip=0 --topo-order --decorate=full --stdin [936ms]
2025-05-27 05:28:27.596 [info] > git config --get commit.template [4ms]
2025-05-27 05:28:27.597 [info] > git for-each-ref --format=%(refname)%00%(upstream:short)%00%(objectname)%00%(upstream:track)%00%(upstream:remotename)%00%(upstream:remoteref) refs/heads/main refs/remotes/main [2ms]
2025-05-27 05:28:27.603 [info] > git for-each-ref --sort -committerdate --format %(refname)%00%(objectname)%00%(*objectname) [1ms]
2025-05-27 05:28:27.622 [info] > git status -z -uall [22ms]
2025-05-27 05:28:36.214 [info] > git config --get commit.template [5ms]
2025-05-27 05:28:36.214 [info] > git for-each-ref --format=%(refname)%00%(upstream:short)%00%(objectname)%00%(upstream:track)%00%(upstream:remotename)%00%(upstream:remoteref) refs/heads/main refs/remotes/main [1ms]
2025-05-27 05:28:36.224 [info] > git for-each-ref --sort -committerdate --format %(refname)%00%(objectname)%00%(*objectname) [1ms]
2025-05-27 05:28:36.242 [info] > git status -z -uall [23ms]
2025-05-27 05:28:47.339 [info] > git config --get commit.template [4ms]
2025-05-27 05:28:47.340 [info] > git for-each-ref --format=%(refname)%00%(upstream:short)%00%(objectname)%00%(upstream:track)%00%(upstream:remotename)%00%(upstream:remoteref) refs/heads/main refs/remotes/main [2ms]
2025-05-27 05:28:47.348 [info] > git for-each-ref --sort -committerdate --format %(refname)%00%(objectname)%00%(*objectname) [2ms]
2025-05-27 05:28:47.366 [info] > git status -z -uall [23ms]
2025-05-27 05:28:53.290 [info] > git config --get commit.template [5ms]
2025-05-27 05:28:53.291 [info] > git for-each-ref --format=%(refname)%00%(upstream:short)%00%(objectname)%00%(upstream:track)%00%(upstream:remotename)%00%(upstream:remoteref) refs/heads/main refs/remotes/main [2ms]
2025-05-27 05:28:53.298 [info] > git for-each-ref --sort -committerdate --format %(refname)%00%(objectname)%00%(*objectname) [1ms]
2025-05-27 05:28:53.317 [info] > git status -z -uall [23ms]
2025-05-27 05:29:25.939 [info] > git config --get commit.template [3ms]
2025-05-27 05:29:25.939 [info] > git for-each-ref --format=%(refname)%00%(upstream:short)%00%(objectname)%00%(upstream:track)%00%(upstream:remotename)%00%(upstream:remoteref) refs/heads/main refs/remotes/main [1ms]
2025-05-27 05:29:25.946 [info] > git for-each-ref --sort -committerdate --format %(refname)%00%(objectname)%00%(*objectname) [1ms]
2025-05-27 05:29:25.966 [info] > git status -z -uall [24ms]
2025-05-27 05:29:30.980 [info] > git config --get commit.template [4ms]
2025-05-27 05:29:30.981 [info] > git for-each-ref --format=%(refname)%00%(upstream:short)%00%(objectname)%00%(upstream:track)%00%(upstream:remotename)%00%(upstream:remoteref) refs/heads/main refs/remotes/main [2ms]
2025-05-27 05:29:30.988 [info] > git for-each-ref --sort -committerdate --format %(refname)%00%(objectname)%00%(*objectname) [1ms]
2025-05-27 05:29:31.007 [info] > git status -z -uall [23ms]
2025-05-27 05:30:52.167 [info] > git config --get commit.template [4ms]
2025-05-27 05:30:52.167 [info] > git for-each-ref --format=%(refname)%00%(upstream:short)%00%(objectname)%00%(upstream:track)%00%(upstream:remotename)%00%(upstream:remoteref) refs/heads/main refs/remotes/main [1ms]
2025-05-27 05:30:52.175 [info] > git for-each-ref --sort -committerdate --format %(refname)%00%(objectname)%00%(*objectname) [1ms]
2025-05-27 05:30:52.198 [info] > git status -z -uall [28ms]
2025-05-27 05:30:53.287 [info] > git check-ignore -v -z --stdin [2ms]
2025-05-27 05:30:57.213 [info] > git config --get commit.template [4ms]
2025-05-27 05:30:57.213 [info] > git for-each-ref --format=%(refname)%00%(upstream:short)%00%(objectname)%00%(upstream:track)%00%(upstream:remotename)%00%(upstream:remoteref) refs/heads/main refs/remotes/main [1ms]
2025-05-27 05:30:57.221 [info] > git for-each-ref --sort -committerdate --format %(refname)%00%(objectname)%00%(*objectname) [2ms]
2025-05-27 05:30:57.244 [info] > git status -z -uall [27ms]
2025-05-27 05:32:55.986 [info] > git config --get commit.template [4ms]
2025-05-27 05:32:55.987 [info] > git for-each-ref --format=%(refname)%00%(upstream:short)%00%(objectname)%00%(upstream:track)%00%(upstream:remotename)%00%(upstream:remoteref) refs/heads/main refs/remotes/main [2ms]
2025-05-27 05:32:55.995 [info] > git for-each-ref --sort -committerdate --format %(refname)%00%(objectname)%00%(*objectname) [2ms]
2025-05-27 05:32:56.019 [info] > git status -z -uall [28ms]
2025-05-27 05:33:01.032 [info] > git config --get commit.template [3ms]
2025-05-27 05:33:01.033 [info] > git for-each-ref --format=%(refname)%00%(upstream:short)%00%(objectname)%00%(upstream:track)%00%(upstream:remotename)%00%(upstream:remoteref) refs/heads/main refs/remotes/main [1ms]
2025-05-27 05:33:01.040 [info] > git for-each-ref --sort -committerdate --format %(refname)%00%(objectname)%00%(*objectname) [2ms]
2025-05-27 05:33:01.059 [info] > git status -z -uall [23ms]
