2025-05-27 06:00:40.128 [info] [main] Log level: Info
2025-05-27 06:00:40.128 [info] [main] Validating found git in: "git"
2025-05-27 06:00:40.128 [info] [main] Using git "2.34.1" from "git"
2025-05-27 06:00:40.128 [info] [Model][doInitialScan] Initial repository scan started
2025-05-27 06:00:40.128 [info] > git rev-parse --show-toplevel [2ms]
2025-05-27 06:00:40.128 [info] > git rev-parse --git-dir --git-common-dir [1ms]
2025-05-27 06:00:40.128 [info] [Model][openRepository] Opened repository (path): /home/ubuntu
2025-05-27 06:00:40.128 [info] [Model][openRepository] Opened repository (real path): /home/ubuntu
2025-05-27 06:00:40.128 [info] > git config --get commit.template [3ms]
2025-05-27 06:00:40.128 [info] > git rev-parse --show-toplevel [5ms]
2025-05-27 06:00:40.128 [info] > git for-each-ref --format=%(refname)%00%(upstream:short)%00%(objectname)%00%(upstream:track)%00%(upstream:remotename)%00%(upstream:remoteref) refs/heads/main refs/remotes/main [1ms]
2025-05-27 06:00:40.128 [info] > git rev-parse --show-toplevel [6ms]
2025-05-27 06:00:40.128 [info] > git rev-parse --show-toplevel [1ms]
2025-05-27 06:00:40.128 [info] > git for-each-ref --sort -committerdate --format %(refname)%00%(objectname)%00%(*objectname) [6ms]
2025-05-27 06:00:40.128 [info] > git rev-parse --show-toplevel [2ms]
2025-05-27 06:00:40.128 [info] > git rev-parse --show-toplevel [1ms]
2025-05-27 06:00:40.128 [info] > git rev-parse --show-toplevel [0ms]
2025-05-27 06:00:40.128 [info] > git rev-parse --show-toplevel [1ms]
2025-05-27 06:00:40.128 [info] > git rev-parse --show-toplevel [1ms]
2025-05-27 06:00:40.128 [info] > git rev-parse --show-toplevel [0ms]
2025-05-27 06:00:40.128 [info] > git status -z -uall [26ms]
2025-05-27 06:00:40.128 [info] > git for-each-ref --format=%(refname)%00%(upstream:short)%00%(objectname)%00%(upstream:track)%00%(upstream:remotename)%00%(upstream:remoteref) refs/heads/main refs/remotes/main [5ms]
2025-05-27 06:00:40.128 [info] > git rev-parse --show-toplevel [27ms]
2025-05-27 06:00:40.128 [info] > git config --get commit.template [5ms]
2025-05-27 06:00:40.128 [info] > git config --get --local branch.main.vscode-merge-base [4ms]
2025-05-27 06:00:40.128 [warning] [Git][config] git config failed: Failed to execute git
2025-05-27 06:00:40.128 [info] > git rev-parse --show-toplevel [5ms]
2025-05-27 06:00:40.128 [info] > git reflog main --grep-reflog=branch: Created from *. [4ms]
2025-05-27 06:00:40.128 [info] > git rev-parse --show-toplevel [2ms]
2025-05-27 06:00:40.128 [info] > git for-each-ref --format=%(refname)%00%(upstream:short)%00%(objectname)%00%(upstream:track)%00%(upstream:remotename)%00%(upstream:remoteref) refs/heads/main refs/remotes/main [5ms]
2025-05-27 06:00:40.128 [info] > git symbolic-ref --short refs/remotes/origin/HEAD [3ms]
2025-05-27 06:00:40.128 [info] fatal: ref refs/remotes/origin/HEAD is not a symbolic ref
2025-05-27 06:00:40.128 [warning] [Repository][getDefaultBranch] Failed to get default branch details: Failed to execute git.
2025-05-27 06:00:40.128 [info] > git rev-parse --show-toplevel [4ms]
2025-05-27 06:00:40.128 [info] > git merge-base refs/heads/main refs/remotes/origin/main [3ms]
2025-05-27 06:00:40.128 [info] > git rev-parse --show-toplevel [7ms]
2025-05-27 06:00:40.128 [info] > git for-each-ref --sort -committerdate --format %(refname)%00%(objectname)%00%(*objectname) [11ms]
2025-05-27 06:00:40.128 [info] > git diff --name-status -z --diff-filter=ADMR b1a7a5c23fb44b0e546bef13dd4f0af6343346e5...refs/remotes/origin/main [16ms]
2025-05-27 06:00:40.128 [info] > git rev-parse --show-toplevel [2ms]
2025-05-27 06:00:40.128 [info] [Model][doInitialScan] Initial repository scan completed - repositories (1), closed repositories (0), parent repositories (0), unsafe repositories (0)
2025-05-27 06:00:40.128 [info] > git status -z -uall [25ms]
2025-05-27 06:00:40.697 [info] > git check-ignore -v -z --stdin [4ms]
2025-05-27 06:03:09.365 [info] > git config --get commit.template [4ms]
2025-05-27 06:03:09.366 [info] > git for-each-ref --format=%(refname)%00%(upstream:short)%00%(objectname)%00%(upstream:track)%00%(upstream:remotename)%00%(upstream:remoteref) refs/heads/main refs/remotes/main [2ms]
2025-05-27 06:03:09.372 [info] > git for-each-ref --sort -committerdate --format %(refname)%00%(objectname)%00%(*objectname) [1ms]
2025-05-27 06:03:09.395 [info] > git status -z -uall [26ms]
2025-05-27 06:03:14.407 [info] > git config --get commit.template [3ms]
2025-05-27 06:03:14.408 [info] > git for-each-ref --format=%(refname)%00%(upstream:short)%00%(objectname)%00%(upstream:track)%00%(upstream:remotename)%00%(upstream:remoteref) refs/heads/main refs/remotes/main [1ms]
2025-05-27 06:03:14.414 [info] > git for-each-ref --sort -committerdate --format %(refname)%00%(objectname)%00%(*objectname) [1ms]
2025-05-27 06:03:14.435 [info] > git status -z -uall [25ms]
