2025-05-28 05:06:43.830 [info] [main] Log level: Info
2025-05-28 05:06:43.830 [info] [main] Validating found git in: "git"
2025-05-28 05:06:43.830 [info] [main] Using git "2.34.1" from "git"
2025-05-28 05:06:43.830 [info] [Model][doInitialScan] Initial repository scan started
2025-05-28 05:06:43.830 [info] > git rev-parse --show-toplevel [1ms]
2025-05-28 05:06:43.830 [info] fatal: not a git repository (or any of the parent directories): .git
2025-05-28 05:06:43.830 [info] > git rev-parse --show-toplevel [1ms]
2025-05-28 05:06:43.830 [info] fatal: not a git repository (or any of the parent directories): .git
2025-05-28 05:06:43.830 [info] > git rev-parse --show-toplevel [1ms]
2025-05-28 05:06:43.830 [info] fatal: not a git repository (or any of the parent directories): .git
2025-05-28 05:06:43.830 [info] > git rev-parse --show-toplevel [1ms]
2025-05-28 05:06:43.830 [info] fatal: not a git repository (or any of the parent directories): .git
2025-05-28 05:06:43.830 [info] > git rev-parse --show-toplevel [0ms]
2025-05-28 05:06:43.830 [info] fatal: not a git repository (or any of the parent directories): .git
2025-05-28 05:06:43.830 [info] > git rev-parse --show-toplevel [1ms]
2025-05-28 05:06:43.830 [info] fatal: not a git repository (or any of the parent directories): .git
2025-05-28 05:06:43.830 [info] > git rev-parse --show-toplevel [1ms]
2025-05-28 05:06:43.830 [info] fatal: not a git repository (or any of the parent directories): .git
2025-05-28 05:06:43.830 [info] > git rev-parse --show-toplevel [1ms]
2025-05-28 05:06:43.830 [info] fatal: not a git repository (or any of the parent directories): .git
2025-05-28 05:06:43.830 [info] > git rev-parse --show-toplevel [1ms]
2025-05-28 05:06:43.830 [info] fatal: not a git repository (or any of the parent directories): .git
2025-05-28 05:06:43.830 [info] > git rev-parse --show-toplevel [1ms]
2025-05-28 05:06:43.830 [info] fatal: not a git repository (or any of the parent directories): .git
2025-05-28 05:06:43.830 [info] > git rev-parse --show-toplevel [1ms]
2025-05-28 05:06:43.830 [info] fatal: not a git repository (or any of the parent directories): .git
2025-05-28 05:06:43.830 [info] > git rev-parse --show-toplevel [1ms]
2025-05-28 05:06:43.830 [info] fatal: not a git repository (or any of the parent directories): .git
2025-05-28 05:06:43.830 [info] > git rev-parse --show-toplevel [1ms]
2025-05-28 05:06:43.830 [info] fatal: not a git repository (or any of the parent directories): .git
2025-05-28 05:06:43.830 [info] > git rev-parse --show-toplevel [1ms]
2025-05-28 05:06:43.830 [info] fatal: not a git repository (or any of the parent directories): .git
2025-05-28 05:06:43.830 [info] > git rev-parse --show-toplevel [0ms]
2025-05-28 05:06:43.830 [info] fatal: not a git repository (or any of the parent directories): .git
2025-05-28 05:06:43.830 [info] > git rev-parse --show-toplevel [1ms]
2025-05-28 05:06:43.830 [info] fatal: not a git repository (or any of the parent directories): .git
2025-05-28 05:06:43.830 [info] > git rev-parse --show-toplevel [1ms]
2025-05-28 05:06:43.830 [info] fatal: not a git repository (or any of the parent directories): .git
2025-05-28 05:06:43.830 [info] > git rev-parse --show-toplevel [0ms]
2025-05-28 05:06:43.830 [info] fatal: not a git repository (or any of the parent directories): .git
2025-05-28 05:06:43.830 [info] [Model][doInitialScan] Initial repository scan completed - repositories (0), closed repositories (0), parent repositories (0), unsafe repositories (0)
2025-05-28 05:07:10.211 [info] > git init -b main [2ms]
2025-05-28 05:07:10.214 [info] > git rev-parse --show-toplevel [1ms]
2025-05-28 05:07:10.218 [info] > git rev-parse --git-dir --git-common-dir [1ms]
2025-05-28 05:07:10.228 [info] [Model][openRepository] Opened repository (path): /home/ubuntu
2025-05-28 05:07:10.228 [info] [Model][openRepository] Opened repository (real path): /home/ubuntu
2025-05-28 05:07:10.239 [info] [Git][getRemotes] No remotes found in the git config file
2025-05-28 05:07:10.239 [info] > git config --get commit.template [4ms]
2025-05-28 05:07:10.240 [info] > git for-each-ref --format=%(refname)%00%(upstream:short)%00%(objectname)%00%(upstream:track)%00%(upstream:remotename)%00%(upstream:remoteref) refs/heads/main refs/remotes/main [2ms]
2025-05-28 05:07:10.240 [warning] [Git][getBranch] No such branch: main
2025-05-28 05:07:10.246 [info] > git for-each-ref --sort -committerdate --format %(refname)%00%(objectname)%00%(*objectname) [1ms]
2025-05-28 05:07:10.273 [info] > git status -z -uall [29ms]
2025-05-28 05:07:11.246 [info] > git for-each-ref --format=%(refname)%00%(upstream:short)%00%(objectname)%00%(upstream:track)%00%(upstream:remotename)%00%(upstream:remoteref) refs/heads/main refs/remotes/main [880ms]
2025-05-28 05:07:11.246 [warning] [Git][getBranch] No such branch: main
2025-05-28 05:07:11.246 [error] [GitHistoryProvider][resolveHEADMergeBase] Failed to resolve merge base for main: Error: No such branch: main.
2025-05-28 05:07:11.251 [info] > git config --get commit.template [9ms]
2025-05-28 05:07:11.255 [info] [Git][getRemotes] No remotes found in the git config file
2025-05-28 05:07:11.257 [info] > git for-each-ref --format=%(refname)%00%(upstream:short)%00%(objectname)%00%(upstream:track)%00%(upstream:remotename)%00%(upstream:remoteref) refs/heads/main refs/remotes/main [1ms]
2025-05-28 05:07:11.257 [warning] [Git][getBranch] No such branch: main
2025-05-28 05:07:11.341 [info] > git for-each-ref --sort -committerdate --format %(refname)%00%(objectname)%00%(*objectname) [48ms]
2025-05-28 05:07:11.346 [info] > git status -z -uall [71ms]
2025-05-28 05:07:13.663 [info] > git check-ignore -v -z --stdin [1ms]
2025-05-28 05:07:16.260 [info] > git add -A -- . [6027ms]
2025-05-28 05:07:16.465 [info] > git -c user.useConfigOnly=true commit --quiet --allow-empty-message --file - --allow-empty-message [201ms]
2025-05-28 05:07:16.472 [info] > git config --get commit.template [1ms]
2025-05-28 05:07:16.478 [info] [Git][getRemotes] No remotes found in the git config file
2025-05-28 05:07:16.481 [info] > git config --get commit.template [4ms]
2025-05-28 05:07:16.481 [info] > git for-each-ref --format=%(refname)%00%(upstream:short)%00%(objectname)%00%(upstream:track)%00%(upstream:remotename)%00%(upstream:remoteref) refs/heads/main refs/remotes/main [1ms]
2025-05-28 05:07:16.489 [info] > git for-each-ref --sort -committerdate --format %(refname)%00%(objectname)%00%(*objectname) [2ms]
2025-05-28 05:07:16.511 [info] > git status -z -uall [26ms]
2025-05-28 05:07:17.081 [info] [Git][getRemotes] No remotes found in the git config file
2025-05-28 05:07:17.082 [info] > git config --get commit.template [4ms]
2025-05-28 05:07:17.082 [info] > git for-each-ref --format=%(refname)%00%(upstream:short)%00%(objectname)%00%(upstream:track)%00%(upstream:remotename)%00%(upstream:remoteref) refs/heads/main refs/remotes/main [1ms]
2025-05-28 05:07:17.090 [info] > git for-each-ref --sort -committerdate --format %(refname)%00%(objectname)%00%(*objectname) [1ms]
2025-05-28 05:07:17.109 [info] > git status -z -uall [24ms]
2025-05-28 05:07:17.117 [info] > git remote add origin https://github.com/fanxuanxuan/ubuntu.git [2ms]
2025-05-28 05:07:17.124 [info] > git config --get commit.template [4ms]
2025-05-28 05:07:17.124 [info] > git for-each-ref --format=%(refname)%00%(upstream:short)%00%(objectname)%00%(upstream:track)%00%(upstream:remotename)%00%(upstream:remoteref) refs/heads/main refs/remotes/main [1ms]
2025-05-28 05:07:17.131 [info] > git for-each-ref --sort -committerdate --format %(refname)%00%(objectname)%00%(*objectname) [1ms]
2025-05-28 05:07:17.150 [info] > git status -z -uall [23ms]
2025-05-28 05:07:17.645 [info] > git check-ignore -v -z --stdin [2ms]
2025-05-28 05:07:29.766 [info] > git push -u origin main [12609ms]
2025-05-28 05:07:29.766 [info] To https://github.com/fanxuanxuan/ubuntu.git
 * [new branch]      main -> main
2025-05-28 05:07:29.773 [info] > git config --get commit.template [3ms]
2025-05-28 05:07:29.774 [info] > git for-each-ref --format=%(refname)%00%(upstream:short)%00%(objectname)%00%(upstream:track)%00%(upstream:remotename)%00%(upstream:remoteref) refs/heads/main refs/remotes/main [1ms]
2025-05-28 05:07:29.782 [info] > git for-each-ref --sort -committerdate --format %(refname)%00%(objectname)%00%(*objectname) [2ms]
2025-05-28 05:07:29.802 [info] > git status -z -uall [25ms]
2025-05-28 05:07:29.811 [info] > git merge-base refs/heads/main refs/remotes/origin/main [2ms]
2025-05-28 05:07:29.815 [info] > git diff --name-status -z --diff-filter=ADMR f20da0ed595e2edfa1ab356316800b323202030e...refs/remotes/origin/main [1ms]
2025-05-28 05:07:30.707 [info] > git check-ignore -v -z --stdin [3ms]
2025-05-28 05:07:41.750 [info] > git config --get commit.template [4ms]
2025-05-28 05:07:41.750 [info] > git for-each-ref --format=%(refname)%00%(upstream:short)%00%(objectname)%00%(upstream:track)%00%(upstream:remotename)%00%(upstream:remoteref) refs/heads/main refs/remotes/main [1ms]
2025-05-28 05:07:41.758 [info] > git for-each-ref --sort -committerdate --format %(refname)%00%(objectname)%00%(*objectname) [2ms]
2025-05-28 05:07:41.777 [info] > git status -z -uall [23ms]
2025-05-28 05:08:24.068 [info] > git config --get commit.template [4ms]
2025-05-28 05:08:24.069 [info] > git for-each-ref --format=%(refname)%00%(upstream:short)%00%(objectname)%00%(upstream:track)%00%(upstream:remotename)%00%(upstream:remoteref) refs/heads/main refs/remotes/main [1ms]
2025-05-28 05:08:24.075 [info] > git for-each-ref --sort -committerdate --format %(refname)%00%(objectname)%00%(*objectname) [1ms]
2025-05-28 05:08:24.096 [info] > git status -z -uall [25ms]
2025-05-28 05:08:25.016 [info] > git check-ignore -v -z --stdin [2ms]
2025-05-28 05:08:29.108 [info] > git config --get commit.template [3ms]
2025-05-28 05:08:29.109 [info] > git for-each-ref --format=%(refname)%00%(upstream:short)%00%(objectname)%00%(upstream:track)%00%(upstream:remotename)%00%(upstream:remoteref) refs/heads/main refs/remotes/main [1ms]
2025-05-28 05:08:29.115 [info] > git for-each-ref --sort -committerdate --format %(refname)%00%(objectname)%00%(*objectname) [1ms]
2025-05-28 05:08:29.136 [info] > git status -z -uall [24ms]
2025-05-28 05:08:43.999 [info] > git push -u origin main [1132ms]
2025-05-28 05:08:43.999 [info] Everything up-to-date
2025-05-28 05:08:44.007 [info] > git config --get commit.template [3ms]
2025-05-28 05:08:44.007 [info] > git for-each-ref --format=%(refname)%00%(upstream:short)%00%(objectname)%00%(upstream:track)%00%(upstream:remotename)%00%(upstream:remoteref) refs/heads/main refs/remotes/main [1ms]
2025-05-28 05:08:44.014 [info] > git for-each-ref --sort -committerdate --format %(refname)%00%(objectname)%00%(*objectname) [1ms]
2025-05-28 05:08:44.034 [info] > git status -z -uall [24ms]
2025-05-28 05:08:44.044 [info] > git config --get commit.template [3ms]
2025-05-28 05:08:44.045 [info] > git for-each-ref --format=%(refname)%00%(upstream:short)%00%(objectname)%00%(upstream:track)%00%(upstream:remotename)%00%(upstream:remoteref) refs/heads/main refs/remotes/main [1ms]
2025-05-28 05:08:44.052 [info] > git for-each-ref --sort -committerdate --format %(refname)%00%(objectname)%00%(*objectname) [2ms]
2025-05-28 05:08:44.071 [info] > git status -z -uall [23ms]
2025-05-28 05:08:57.808 [info] > git config --get commit.template [3ms]
2025-05-28 05:08:57.809 [info] > git for-each-ref --format=%(refname)%00%(upstream:short)%00%(objectname)%00%(upstream:track)%00%(upstream:remotename)%00%(upstream:remoteref) refs/heads/main refs/remotes/main [1ms]
2025-05-28 05:08:57.816 [info] > git for-each-ref --sort -committerdate --format %(refname)%00%(objectname)%00%(*objectname) [2ms]
2025-05-28 05:08:57.839 [info] > git status -z -uall [27ms]
2025-05-28 05:08:58.758 [info] > git check-ignore -v -z --stdin [3ms]
2025-05-28 05:09:03.731 [info] > git config --get commit.template [3ms]
2025-05-28 05:09:03.731 [info] > git for-each-ref --format=%(refname)%00%(upstream:short)%00%(objectname)%00%(upstream:track)%00%(upstream:remotename)%00%(upstream:remoteref) refs/heads/main refs/remotes/main [1ms]
2025-05-28 05:09:03.738 [info] > git for-each-ref --sort -committerdate --format %(refname)%00%(objectname)%00%(*objectname) [1ms]
2025-05-28 05:09:03.762 [info] > git status -z -uall [28ms]
2025-05-28 05:09:26.300 [info] > git config --get commit.template [3ms]
2025-05-28 05:09:26.300 [info] > git for-each-ref --format=%(refname)%00%(upstream:short)%00%(objectname)%00%(upstream:track)%00%(upstream:remotename)%00%(upstream:remoteref) refs/heads/main refs/remotes/main [1ms]
2025-05-28 05:09:26.310 [info] > git for-each-ref --sort -committerdate --format %(refname)%00%(objectname)%00%(*objectname) [4ms]
2025-05-28 05:09:26.343 [info] > git status -z -uall [39ms]
2025-05-28 05:09:27.277 [info] > git check-ignore -v -z --stdin [3ms]
2025-05-28 05:09:31.354 [info] > git config --get commit.template [1ms]
2025-05-28 05:09:31.374 [info] > git for-each-ref --format=%(refname)%00%(upstream:short)%00%(objectname)%00%(upstream:track)%00%(upstream:remotename)%00%(upstream:remoteref) refs/heads/main refs/remotes/main [1ms]
2025-05-28 05:09:31.393 [info] > git for-each-ref --sort -committerdate --format %(refname)%00%(objectname)%00%(*objectname) [11ms]
2025-05-28 05:09:31.408 [info] > git status -z -uall [29ms]
2025-05-28 05:09:36.418 [info] > git config --get commit.template [3ms]
2025-05-28 05:09:36.419 [info] > git for-each-ref --format=%(refname)%00%(upstream:short)%00%(objectname)%00%(upstream:track)%00%(upstream:remotename)%00%(upstream:remoteref) refs/heads/main refs/remotes/main [1ms]
2025-05-28 05:09:36.426 [info] > git for-each-ref --sort -committerdate --format %(refname)%00%(objectname)%00%(*objectname) [2ms]
2025-05-28 05:09:36.449 [info] > git status -z -uall [27ms]
2025-05-28 05:12:14.314 [info] > git config --get commit.template [3ms]
2025-05-28 05:12:14.315 [info] > git for-each-ref --format=%(refname)%00%(upstream:short)%00%(objectname)%00%(upstream:track)%00%(upstream:remotename)%00%(upstream:remoteref) refs/heads/main refs/remotes/main [1ms]
2025-05-28 05:12:14.322 [info] > git for-each-ref --sort -committerdate --format %(refname)%00%(objectname)%00%(*objectname) [1ms]
2025-05-28 05:12:14.346 [info] > git status -z -uall [28ms]
2025-05-28 05:12:15.292 [info] > git check-ignore -v -z --stdin [2ms]
2025-05-28 05:12:15.954 [info] > git check-ignore -v -z --stdin [4ms]
2025-05-28 05:12:22.107 [info] > git config --get commit.template [3ms]
2025-05-28 05:12:22.108 [info] > git for-each-ref --format=%(refname)%00%(upstream:short)%00%(objectname)%00%(upstream:track)%00%(upstream:remotename)%00%(upstream:remoteref) refs/heads/main refs/remotes/main [1ms]
2025-05-28 05:12:22.115 [info] > git for-each-ref --sort -committerdate --format %(refname)%00%(objectname)%00%(*objectname) [2ms]
2025-05-28 05:12:22.137 [info] > git status -z -uall [26ms]
2025-05-28 05:12:40.210 [info] > git config --get commit.template [4ms]
2025-05-28 05:12:40.211 [info] > git for-each-ref --format=%(refname)%00%(upstream:short)%00%(objectname)%00%(upstream:track)%00%(upstream:remotename)%00%(upstream:remoteref) refs/heads/main refs/remotes/main [1ms]
2025-05-28 05:12:40.218 [info] > git for-each-ref --sort -committerdate --format %(refname)%00%(objectname)%00%(*objectname) [1ms]
2025-05-28 05:12:40.242 [info] > git status -z -uall [28ms]
2025-05-28 05:12:45.251 [info] > git config --get commit.template [3ms]
2025-05-28 05:12:45.252 [info] > git for-each-ref --format=%(refname)%00%(upstream:short)%00%(objectname)%00%(upstream:track)%00%(upstream:remotename)%00%(upstream:remoteref) refs/heads/main refs/remotes/main [1ms]
2025-05-28 05:12:45.259 [info] > git for-each-ref --sort -committerdate --format %(refname)%00%(objectname)%00%(*objectname) [1ms]
2025-05-28 05:12:45.282 [info] > git status -z -uall [26ms]
