2025-05-29 13:08:53.294 [info] [main] Log level: Info
2025-05-29 13:08:53.294 [info] [main] Validating found git in: "git"
2025-05-29 13:08:53.294 [info] [main] Using git "2.34.1" from "git"
2025-05-29 13:08:53.294 [info] [Model][doInitialScan] Initial repository scan started
2025-05-29 13:08:53.294 [info] > git rev-parse --show-toplevel [2ms]
2025-05-29 13:08:53.294 [info] > git rev-parse --git-dir --git-common-dir [1ms]
2025-05-29 13:08:53.294 [info] [Model][openRepository] Opened repository (path): /home/ubuntu
2025-05-29 13:08:53.294 [info] [Model][openRepository] Opened repository (real path): /home/ubuntu
2025-05-29 13:08:53.294 [info] > git config --get commit.template [4ms]
2025-05-29 13:08:53.294 [info] > git rev-parse --show-toplevel [2ms]
2025-05-29 13:08:53.294 [info] > git for-each-ref --format=%(refname)%00%(upstream:short)%00%(objectname)%00%(upstream:track)%00%(upstream:remotename)%00%(upstream:remoteref) refs/heads/main refs/remotes/main [4ms]
2025-05-29 13:08:53.294 [info] > git rev-parse --show-toplevel [2ms]
2025-05-29 13:08:53.294 [info] > git rev-parse --show-toplevel [10ms]
2025-05-29 13:08:53.294 [info] > git for-each-ref --sort -committerdate --format %(refname)%00%(objectname)%00%(*objectname) [5ms]
2025-05-29 13:08:53.294 [info] > git rev-parse --show-toplevel [3ms]
2025-05-29 13:08:53.294 [info] > git rev-parse --show-toplevel [1ms]
2025-05-29 13:08:53.294 [info] > git rev-parse --show-toplevel [1ms]
2025-05-29 13:08:53.294 [info] > git rev-parse --show-toplevel [1ms]
2025-05-29 13:08:53.294 [info] > git rev-parse --show-toplevel [1ms]
2025-05-29 13:08:53.294 [info] > git rev-parse --show-toplevel [2ms]
2025-05-29 13:08:53.294 [info] > git rev-parse --show-toplevel [1ms]
2025-05-29 13:08:53.294 [info] > git status -z -uall [51ms]
2025-05-29 13:08:53.294 [info] > git for-each-ref --format=%(refname)%00%(upstream:short)%00%(objectname)%00%(upstream:track)%00%(upstream:remotename)%00%(upstream:remoteref) refs/heads/main refs/remotes/main [42ms]
2025-05-29 13:08:53.294 [info] > git fetch [157ms]
2025-05-29 13:08:53.294 [info] > git rev-parse --show-toplevel [80ms]
2025-05-29 13:08:53.294 [info] > git config --get --local branch.main.vscode-merge-base [12ms]
2025-05-29 13:08:53.294 [warning] [Git][config] git config failed: Failed to execute git
2025-05-29 13:08:53.294 [info] > git config --get commit.template [22ms]
2025-05-29 13:08:53.294 [info] > git rev-parse --show-toplevel [7ms]
2025-05-29 13:08:53.294 [info] > git config --get commit.template [13ms]
2025-05-29 13:08:53.295 [info] > git for-each-ref --format=%(refname)%00%(upstream:short)%00%(objectname)%00%(upstream:track)%00%(upstream:remotename)%00%(upstream:remoteref) refs/heads/main refs/remotes/main [7ms]
2025-05-29 13:08:53.295 [info] > git reflog main --grep-reflog=branch: Created from *. [11ms]
2025-05-29 13:08:53.295 [info] > git rev-parse --show-toplevel [6ms]
2025-05-29 13:08:53.295 [info] > git symbolic-ref --short refs/remotes/origin/HEAD [2ms]
2025-05-29 13:08:53.295 [info] fatal: ref refs/remotes/origin/HEAD is not a symbolic ref
2025-05-29 13:08:53.295 [warning] [Repository][getDefaultBranch] Failed to get default branch details: Failed to execute git.
2025-05-29 13:08:53.295 [info] > git merge-base refs/heads/main refs/remotes/origin/main [12ms]
2025-05-29 13:08:53.295 [info] > git for-each-ref --format=%(refname)%00%(upstream:short)%00%(objectname)%00%(upstream:track)%00%(upstream:remotename)%00%(upstream:remoteref) refs/heads/main refs/remotes/main [37ms]
2025-05-29 13:08:53.295 [info] > git rev-parse --show-toplevel [23ms]
2025-05-29 13:08:53.295 [info] > git merge-base refs/heads/main refs/remotes/origin/main [22ms]
2025-05-29 13:08:53.295 [info] > git diff --name-status -z --diff-filter=ADMR 0c00ee7206f1a219b9613102d1b3f152799669e0...refs/remotes/origin/main [21ms]
2025-05-29 13:08:53.295 [info] > git rev-parse --show-toplevel [6ms]
2025-05-29 13:08:53.295 [info] > git diff --name-status -z --diff-filter=ADMR 0c00ee7206f1a219b9613102d1b3f152799669e0...refs/remotes/origin/main [2ms]
2025-05-29 13:08:53.295 [info] > git rev-parse --show-toplevel [8ms]
2025-05-29 13:08:53.295 [info] [Model][doInitialScan] Initial repository scan completed - repositories (1), closed repositories (0), parent repositories (0), unsafe repositories (0)
2025-05-29 13:08:53.295 [info] > git for-each-ref --sort -committerdate --format %(refname)%00%(objectname)%00%(*objectname) [4ms]
2025-05-29 13:08:53.295 [info] > git status -z -uall [44ms]
2025-05-29 13:08:53.841 [info] > git check-ignore -v -z --stdin [6ms]
2025-05-29 13:08:54.027 [info] > git show --textconv :bank_report_ocr_backend/src/main.py [4ms]
2025-05-29 13:08:54.061 [info] > git ls-files --stage -- bank_report_ocr_backend/src/main.py [35ms]
2025-05-29 13:08:54.066 [info] > git cat-file -s 6fc181635da2ac22cd6058481eaf4a24b28f9218 [1ms]
2025-05-29 13:08:54.906 [info] > git ls-files --stage -- bank_report_ocr_backend/src/main.py [3ms]
2025-05-29 13:08:54.910 [info] > git cat-file -s 6fc181635da2ac22cd6058481eaf4a24b28f9218 [1ms]
2025-05-29 13:08:55.301 [info] > git show --textconv :bank_report_ocr_backend/src/main.py [13ms]
2025-05-29 13:09:26.045 [info] > git config --get commit.template [4ms]
2025-05-29 13:09:26.046 [info] > git for-each-ref --format=%(refname)%00%(upstream:short)%00%(objectname)%00%(upstream:track)%00%(upstream:remotename)%00%(upstream:remoteref) refs/heads/main refs/remotes/main [2ms]
2025-05-29 13:09:26.053 [info] > git for-each-ref --sort -committerdate --format %(refname)%00%(objectname)%00%(*objectname) [1ms]
2025-05-29 13:09:26.100 [info] > git status -z -uall [51ms]
2025-05-29 13:10:01.221 [info] > git config --get commit.template [9ms]
2025-05-29 13:10:01.227 [info] > git for-each-ref --format=%(refname)%00%(upstream:short)%00%(objectname)%00%(upstream:track)%00%(upstream:remotename)%00%(upstream:remoteref) refs/heads/main refs/remotes/main [8ms]
2025-05-29 13:10:01.252 [info] > git for-each-ref --sort -committerdate --format %(refname)%00%(objectname)%00%(*objectname) [15ms]
2025-05-29 13:10:01.276 [info] > git status -z -uall [43ms]
2025-05-29 13:10:06.293 [info] > git config --get commit.template [4ms]
2025-05-29 13:10:06.293 [info] > git for-each-ref --format=%(refname)%00%(upstream:short)%00%(objectname)%00%(upstream:track)%00%(upstream:remotename)%00%(upstream:remoteref) refs/heads/main refs/remotes/main [1ms]
2025-05-29 13:10:06.301 [info] > git for-each-ref --sort -committerdate --format %(refname)%00%(objectname)%00%(*objectname) [2ms]
2025-05-29 13:10:06.338 [info] > git status -z -uall [42ms]
2025-05-29 13:10:19.477 [info] > git ls-files --stage -- bank_report_ocr_backend/src/main.py [3ms]
2025-05-29 13:10:19.482 [info] > git cat-file -s 6fc181635da2ac22cd6058481eaf4a24b28f9218 [1ms]
2025-05-29 13:10:19.803 [info] > git show --textconv :bank_report_ocr_backend/src/main.py [4ms]
2025-05-29 13:11:15.804 [info] > git show --textconv :bank_report_ocr_backend/src/templates/index.html [26ms]
2025-05-29 13:11:15.805 [info] > git ls-files --stage -- bank_report_ocr_backend/src/templates/index.html [24ms]
2025-05-29 13:11:15.811 [info] > git cat-file -s 6f81e6df2fef919f4de2fbacb7828b165fbabb40 [2ms]
2025-05-29 13:11:16.578 [info] > git blame --root --incremental 0c00ee7206f1a219b9613102d1b3f152799669e0 -- bank_report_ocr_backend/src/templates/index.html [3ms]
2025-05-29 13:11:53.429 [info] > git fetch [148ms]
2025-05-29 13:11:53.439 [info] > git config --get commit.template [4ms]
2025-05-29 13:11:53.439 [info] > git for-each-ref --format=%(refname)%00%(upstream:short)%00%(objectname)%00%(upstream:track)%00%(upstream:remotename)%00%(upstream:remoteref) refs/heads/main refs/remotes/main [1ms]
2025-05-29 13:11:53.447 [info] > git for-each-ref --sort -committerdate --format %(refname)%00%(objectname)%00%(*objectname) [1ms]
2025-05-29 13:11:53.484 [info] > git status -z -uall [42ms]
2025-05-29 13:11:55.605 [info] > git ls-files --stage -- bank_report_ocr_backend/src/templates/index.html [6ms]
2025-05-29 13:11:55.610 [info] > git cat-file -s 6f81e6df2fef919f4de2fbacb7828b165fbabb40 [1ms]
2025-05-29 13:11:55.960 [info] > git show --textconv :bank_report_ocr_backend/src/templates/index.html [3ms]
2025-05-29 13:12:04.666 [info] > git config --get commit.template [10ms]
2025-05-29 13:12:04.666 [info] > git for-each-ref --format=%(refname)%00%(upstream:short)%00%(objectname)%00%(upstream:track)%00%(upstream:remotename)%00%(upstream:remoteref) refs/heads/main refs/remotes/main [3ms]
2025-05-29 13:12:04.692 [info] > git for-each-ref --sort -committerdate --format %(refname)%00%(objectname)%00%(*objectname) [1ms]
2025-05-29 13:12:04.731 [info] > git status -z -uall [48ms]
2025-05-29 13:12:24.203 [info] > git config --get commit.template [5ms]
2025-05-29 13:12:24.204 [info] > git for-each-ref --format=%(refname)%00%(upstream:short)%00%(objectname)%00%(upstream:track)%00%(upstream:remotename)%00%(upstream:remoteref) refs/heads/main refs/remotes/main [2ms]
2025-05-29 13:12:24.215 [info] > git for-each-ref --sort -committerdate --format %(refname)%00%(objectname)%00%(*objectname) [3ms]
2025-05-29 13:12:24.251 [info] > git status -z -uall [44ms]
2025-05-29 13:17:01.818 [info] > git config --get commit.template [7ms]
2025-05-29 13:17:01.829 [info] > git for-each-ref --format=%(refname)%00%(upstream:short)%00%(objectname)%00%(upstream:track)%00%(upstream:remotename)%00%(upstream:remoteref) refs/heads/main refs/remotes/main [13ms]
2025-05-29 13:17:01.863 [info] > git for-each-ref --sort -committerdate --format %(refname)%00%(objectname)%00%(*objectname) [15ms]
2025-05-29 13:17:01.887 [info] > git status -z -uall [44ms]
2025-05-29 13:17:01.951 [info] > git fetch [157ms]
2025-05-29 13:17:01.960 [info] > git config --get commit.template [4ms]
2025-05-29 13:17:01.960 [info] > git for-each-ref --format=%(refname)%00%(upstream:short)%00%(objectname)%00%(upstream:track)%00%(upstream:remotename)%00%(upstream:remoteref) refs/heads/main refs/remotes/main [1ms]
2025-05-29 13:17:01.968 [info] > git for-each-ref --sort -committerdate --format %(refname)%00%(objectname)%00%(*objectname) [1ms]
2025-05-29 13:17:02.005 [info] > git status -z -uall [42ms]
2025-05-29 13:17:02.132 [info] > git ls-files --stage -- bank_report_ocr_backend/src/templates/index.html [3ms]
2025-05-29 13:17:02.136 [info] > git cat-file -s 6f81e6df2fef919f4de2fbacb7828b165fbabb40 [1ms]
2025-05-29 13:17:02.322 [info] > git check-ignore -v -z --stdin [4ms]
2025-05-29 13:17:02.457 [info] > git show --textconv :bank_report_ocr_backend/src/templates/index.html [4ms]
2025-05-29 13:17:03.857 [info] > git ls-files --stage -- bank_report_ocr_backend/src/templates/index.html [3ms]
2025-05-29 13:17:03.862 [info] > git cat-file -s 6f81e6df2fef919f4de2fbacb7828b165fbabb40 [1ms]
2025-05-29 13:17:04.000 [info] > git check-ignore -v -z --stdin [4ms]
2025-05-29 13:17:04.229 [info] > git show --textconv :bank_report_ocr_backend/src/templates/index.html [4ms]
2025-05-29 13:17:06.669 [info] > git show --textconv :bank_report_automation/README.md [3ms]
2025-05-29 13:17:06.672 [info] > git ls-files --stage -- bank_report_automation/README.md [3ms]
2025-05-29 13:17:06.676 [info] > git cat-file -s 8ad41107e08b1c7a9e0dbf8fae8a18a243fa67a6 [1ms]
2025-05-29 13:17:06.906 [info] > git config --get commit.template [4ms]
2025-05-29 13:17:06.906 [info] > git for-each-ref --format=%(refname)%00%(upstream:short)%00%(objectname)%00%(upstream:track)%00%(upstream:remotename)%00%(upstream:remoteref) refs/heads/main refs/remotes/main [1ms]
2025-05-29 13:17:06.914 [info] > git for-each-ref --sort -committerdate --format %(refname)%00%(objectname)%00%(*objectname) [0ms]
2025-05-29 13:17:06.950 [info] > git status -z -uall [40ms]
2025-05-29 13:17:07.069 [info] > git blame --root --incremental 0c00ee7206f1a219b9613102d1b3f152799669e0 -- bank_report_automation/README.md [13ms]
2025-05-29 13:17:35.980 [info] > git show --textconv :bank_report_automation/dependency_evaluation.md [4ms]
2025-05-29 13:17:35.983 [info] > git ls-files --stage -- bank_report_automation/dependency_evaluation.md [3ms]
2025-05-29 13:17:35.987 [info] > git cat-file -s f4d68a91ee20a1cdd6a85b745b004d0710a2ffde [1ms]
2025-05-29 13:17:39.503 [info] > git config --get commit.template [5ms]
2025-05-29 13:17:39.503 [info] > git for-each-ref --format=%(refname)%00%(upstream:short)%00%(objectname)%00%(upstream:track)%00%(upstream:remotename)%00%(upstream:remoteref) refs/heads/main refs/remotes/main [1ms]
2025-05-29 13:17:39.512 [info] > git for-each-ref --sort -committerdate --format %(refname)%00%(objectname)%00%(*objectname) [1ms]
2025-05-29 13:17:39.561 [info] > git status -z -uall [53ms]
2025-05-29 13:17:44.575 [info] > git config --get commit.template [4ms]
2025-05-29 13:17:44.576 [info] > git for-each-ref --format=%(refname)%00%(upstream:short)%00%(objectname)%00%(upstream:track)%00%(upstream:remotename)%00%(upstream:remoteref) refs/heads/main refs/remotes/main [2ms]
2025-05-29 13:17:44.584 [info] > git for-each-ref --sort -committerdate --format %(refname)%00%(objectname)%00%(*objectname) [2ms]
2025-05-29 13:17:44.619 [info] > git status -z -uall [39ms]
2025-05-29 13:17:49.634 [info] > git config --get commit.template [4ms]
2025-05-29 13:17:49.634 [info] > git for-each-ref --format=%(refname)%00%(upstream:short)%00%(objectname)%00%(upstream:track)%00%(upstream:remotename)%00%(upstream:remoteref) refs/heads/main refs/remotes/main [1ms]
2025-05-29 13:17:49.642 [info] > git for-each-ref --sort -committerdate --format %(refname)%00%(objectname)%00%(*objectname) [2ms]
2025-05-29 13:17:49.678 [info] > git status -z -uall [40ms]
2025-05-29 13:18:05.430 [info] > git show --textconv :bank_report_automation/report.txt [4ms]
2025-05-29 13:18:05.431 [info] > git ls-files --stage -- bank_report_automation/report.txt [3ms]
2025-05-29 13:18:05.436 [info] > git cat-file -s dbf04a350c1df1d5806997a44e8d28f8991eed05 [1ms]
2025-05-29 13:18:17.268 [info] > git show --textconv :README.md [4ms]
2025-05-29 13:18:17.271 [info] > git ls-files --stage -- README.md [3ms]
2025-05-29 13:18:17.275 [info] > git cat-file -s 41c3f204de5d6301061012c2d699771d4efe213c [1ms]
2025-05-29 13:18:19.392 [info] > git show --textconv :sandbox.txt [4ms]
2025-05-29 13:18:19.394 [info] > git ls-files --stage -- sandbox.txt [4ms]
2025-05-29 13:18:19.398 [info] > git cat-file -s da2a94ae1010fc51694e27ea8da3fd2a083be359 [1ms]
2025-05-29 13:18:20.841 [info] > git config --get commit.template [6ms]
2025-05-29 13:18:20.843 [info] > git for-each-ref --format=%(refname)%00%(upstream:short)%00%(objectname)%00%(upstream:track)%00%(upstream:remotename)%00%(upstream:remoteref) refs/heads/main refs/remotes/main [4ms]
2025-05-29 13:18:20.884 [info] > git for-each-ref --sort -committerdate --format %(refname)%00%(objectname)%00%(*objectname) [1ms]
2025-05-29 13:18:20.915 [info] > git status -z -uall [44ms]
2025-05-29 13:18:22.306 [info] > git check-ignore -v -z --stdin [3ms]
2025-05-29 13:18:23.706 [info] > git show --textconv :bank_report_automation/todo.md [4ms]
2025-05-29 13:18:23.708 [info] > git ls-files --stage -- bank_report_automation/todo.md [3ms]
2025-05-29 13:18:23.713 [info] > git cat-file -s a6fbf5943789f325bc8390e0b574895cd445067f [1ms]
2025-05-29 13:18:24.806 [info] > git check-ignore -v -z --stdin [4ms]
2025-05-29 13:18:26.018 [info] > git show --textconv :bank_report_automation/report.txt [4ms]
2025-05-29 13:18:26.019 [info] > git ls-files --stage -- bank_report_automation/report.txt [2ms]
2025-05-29 13:18:26.024 [info] > git cat-file -s dbf04a350c1df1d5806997a44e8d28f8991eed05 [2ms]
2025-05-29 13:18:27.303 [info] > git config --get commit.template [5ms]
2025-05-29 13:18:27.304 [info] > git for-each-ref --format=%(refname)%00%(upstream:short)%00%(objectname)%00%(upstream:track)%00%(upstream:remotename)%00%(upstream:remoteref) refs/heads/main refs/remotes/main [1ms]
2025-05-29 13:18:27.313 [info] > git for-each-ref --sort -committerdate --format %(refname)%00%(objectname)%00%(*objectname) [2ms]
2025-05-29 13:18:27.354 [info] > git status -z -uall [47ms]
2025-05-29 13:18:28.703 [info] > git show --textconv :bank_report_automation/README.md [5ms]
2025-05-29 13:18:28.705 [info] > git ls-files --stage -- bank_report_automation/README.md [3ms]
2025-05-29 13:18:28.709 [info] > git cat-file -s 8ad41107e08b1c7a9e0dbf8fae8a18a243fa67a6 [1ms]
2025-05-29 13:18:36.344 [info] > git show --textconv :bank_report_automation/dependency_evaluation.md [4ms]
2025-05-29 13:18:36.346 [info] > git ls-files --stage -- bank_report_automation/dependency_evaluation.md [2ms]
2025-05-29 13:18:36.350 [info] > git cat-file -s f4d68a91ee20a1cdd6a85b745b004d0710a2ffde [1ms]
2025-05-29 13:18:45.029 [info] > git show --textconv :bank_report_ocr_backend/README.md [4ms]
2025-05-29 13:18:45.032 [info] > git ls-files --stage -- bank_report_ocr_backend/README.md [3ms]
2025-05-29 13:18:45.038 [info] > git cat-file -s bcf0cf7cec207b0fcca84b6726dedfc142b256ba [2ms]
2025-05-29 13:19:20.900 [info] > git show --textconv :bank_report_automation/bank_report_tool.py [5ms]
2025-05-29 13:19:20.902 [info] > git ls-files --stage -- bank_report_automation/bank_report_tool.py [3ms]
2025-05-29 13:19:20.907 [info] > git cat-file -s 5df114102f1d3d08ad67177ab3ce7b5b42a2eab5 [2ms]
2025-05-29 13:19:27.902 [info] > git show --textconv :bank_report_automation/README.md [4ms]
2025-05-29 13:19:27.905 [info] > git ls-files --stage -- bank_report_automation/README.md [3ms]
2025-05-29 13:19:27.909 [info] > git cat-file -s 8ad41107e08b1c7a9e0dbf8fae8a18a243fa67a6 [2ms]
2025-05-29 13:19:31.322 [info] > git show --textconv :bank_report_automation/report.txt [5ms]
2025-05-29 13:19:31.326 [info] > git ls-files --stage -- bank_report_automation/report.txt [4ms]
2025-05-29 13:19:31.330 [info] > git cat-file -s dbf04a350c1df1d5806997a44e8d28f8991eed05 [1ms]
2025-05-29 13:19:32.608 [info] > git config --get commit.template [5ms]
2025-05-29 13:19:32.608 [info] > git for-each-ref --format=%(refname)%00%(upstream:short)%00%(objectname)%00%(upstream:track)%00%(upstream:remotename)%00%(upstream:remoteref) refs/heads/main refs/remotes/main [2ms]
2025-05-29 13:19:32.617 [info] > git for-each-ref --sort -committerdate --format %(refname)%00%(objectname)%00%(*objectname) [1ms]
2025-05-29 13:19:32.654 [info] > git status -z -uall [41ms]
2025-05-29 13:19:33.397 [info] > git show --textconv :bank_report_automation/todo.md [3ms]
2025-05-29 13:19:33.400 [info] > git ls-files --stage -- bank_report_automation/todo.md [3ms]
2025-05-29 13:19:33.404 [info] > git cat-file -s a6fbf5943789f325bc8390e0b574895cd445067f [1ms]
2025-05-29 13:19:34.435 [info] > git show --textconv :bank_report_automation/extract_data.py [4ms]
2025-05-29 13:19:34.438 [info] > git ls-files --stage -- bank_report_automation/extract_data.py [3ms]
2025-05-29 13:19:34.441 [info] > git cat-file -s c441e52ed495b13535231e10eaa1cbb8363d2e68 [1ms]
2025-05-29 13:19:49.233 [info] > git show --textconv :bank_report_automation/README.md [4ms]
2025-05-29 13:19:49.236 [info] > git ls-files --stage -- bank_report_automation/README.md [4ms]
2025-05-29 13:19:49.240 [info] > git cat-file -s 8ad41107e08b1c7a9e0dbf8fae8a18a243fa67a6 [2ms]
2025-05-29 13:19:52.342 [info] > git config --get commit.template [4ms]
2025-05-29 13:19:52.342 [info] > git for-each-ref --format=%(refname)%00%(upstream:short)%00%(objectname)%00%(upstream:track)%00%(upstream:remotename)%00%(upstream:remoteref) refs/heads/main refs/remotes/main [1ms]
2025-05-29 13:19:52.357 [info] > git for-each-ref --sort -committerdate --format %(refname)%00%(objectname)%00%(*objectname) [8ms]
2025-05-29 13:19:52.407 [info] > git status -z -uall [61ms]
2025-05-29 13:20:02.162 [info] > git fetch [148ms]
2025-05-29 13:20:02.171 [info] > git config --get commit.template [4ms]
2025-05-29 13:20:02.172 [info] > git for-each-ref --format=%(refname)%00%(upstream:short)%00%(objectname)%00%(upstream:track)%00%(upstream:remotename)%00%(upstream:remoteref) refs/heads/main refs/remotes/main [2ms]
2025-05-29 13:20:02.180 [info] > git for-each-ref --sort -committerdate --format %(refname)%00%(objectname)%00%(*objectname) [2ms]
2025-05-29 13:20:02.216 [info] > git status -z -uall [40ms]
2025-05-29 13:20:02.228 [info] > git config --get commit.template [4ms]
2025-05-29 13:20:02.229 [info] > git for-each-ref --format=%(refname)%00%(upstream:short)%00%(objectname)%00%(upstream:track)%00%(upstream:remotename)%00%(upstream:remoteref) refs/heads/main refs/remotes/main [1ms]
2025-05-29 13:20:02.236 [info] > git for-each-ref --sort -committerdate --format %(refname)%00%(objectname)%00%(*objectname) [1ms]
2025-05-29 13:20:02.273 [info] > git status -z -uall [41ms]
2025-05-29 13:20:04.138 [info] > git ls-files --stage -- bank_report_automation/README.md [3ms]
2025-05-29 13:20:04.143 [info] > git cat-file -s 8ad41107e08b1c7a9e0dbf8fae8a18a243fa67a6 [2ms]
2025-05-29 13:20:04.470 [info] > git show --textconv :bank_report_automation/README.md [3ms]
2025-05-29 13:20:14.532 [info] > git check-ignore -v -z --stdin [4ms]
2025-05-29 13:20:16.587 [info] > git check-ignore -v -z --stdin [5ms]
2025-05-29 13:20:28.245 [info] > git show --textconv :bank_report_ocr_backend/uploads/fc85b22c-abb0-463e-acf8-e418a7e555d9.txt [4ms]
2025-05-29 13:20:28.248 [info] > git ls-files --stage -- bank_report_ocr_backend/uploads/fc85b22c-abb0-463e-acf8-e418a7e555d9.txt [3ms]
2025-05-29 13:20:28.252 [info] > git cat-file -s 170508834b7ff2b3cfde95a4fa3e9a52d6dc1f93 [2ms]
2025-05-29 13:21:32.168 [info] > git config --get commit.template [4ms]
2025-05-29 13:21:32.168 [info] > git for-each-ref --format=%(refname)%00%(upstream:short)%00%(objectname)%00%(upstream:track)%00%(upstream:remotename)%00%(upstream:remoteref) refs/heads/main refs/remotes/main [1ms]
2025-05-29 13:21:32.177 [info] > git for-each-ref --sort -committerdate --format %(refname)%00%(objectname)%00%(*objectname) [2ms]
2025-05-29 13:21:32.214 [info] > git status -z -uall [42ms]
2025-05-29 13:21:37.239 [info] > git config --get commit.template [5ms]
2025-05-29 13:21:37.239 [info] > git for-each-ref --format=%(refname)%00%(upstream:short)%00%(objectname)%00%(upstream:track)%00%(upstream:remotename)%00%(upstream:remoteref) refs/heads/main refs/remotes/main [1ms]
2025-05-29 13:21:37.254 [info] > git for-each-ref --sort -committerdate --format %(refname)%00%(objectname)%00%(*objectname) [5ms]
2025-05-29 13:21:37.286 [info] > git status -z -uall [43ms]
2025-05-29 13:21:38.952 [info] > git show --textconv :bank_report_ocr_backend/src/templates/index.html [4ms]
2025-05-29 13:21:38.955 [info] > git ls-files --stage -- bank_report_ocr_backend/src/templates/index.html [3ms]
2025-05-29 13:21:38.959 [info] > git cat-file -s 6f81e6df2fef919f4de2fbacb7828b165fbabb40 [1ms]
2025-05-29 13:21:44.029 [info] > git show --textconv :bank_report_automation/README.md [5ms]
2025-05-29 13:21:44.031 [info] > git ls-files --stage -- bank_report_automation/README.md [3ms]
2025-05-29 13:21:44.036 [info] > git cat-file -s 8ad41107e08b1c7a9e0dbf8fae8a18a243fa67a6 [1ms]
2025-05-29 13:21:50.758 [info] > git config --get commit.template [1ms]
2025-05-29 13:21:50.762 [info] > git for-each-ref --format=%(refname)%00%(upstream:short)%00%(objectname)%00%(upstream:track)%00%(upstream:remotename)%00%(upstream:remoteref) refs/heads/main refs/remotes/main [1ms]
2025-05-29 13:21:50.771 [info] > git for-each-ref --sort -committerdate --format %(refname)%00%(objectname)%00%(*objectname) [3ms]
2025-05-29 13:21:50.806 [info] > git status -z -uall [41ms]
2025-05-29 13:22:00.111 [info] > git config --get commit.template [3ms]
2025-05-29 13:22:00.111 [info] > git for-each-ref --format=%(refname)%00%(upstream:short)%00%(objectname)%00%(upstream:track)%00%(upstream:remotename)%00%(upstream:remoteref) refs/heads/main refs/remotes/main [1ms]
2025-05-29 13:22:00.118 [info] > git for-each-ref --sort -committerdate --format %(refname)%00%(objectname)%00%(*objectname) [1ms]
2025-05-29 13:22:00.150 [info] > git status -z -uall [36ms]
2025-05-29 13:22:05.162 [info] > git config --get commit.template [3ms]
2025-05-29 13:22:05.162 [info] > git for-each-ref --format=%(refname)%00%(upstream:short)%00%(objectname)%00%(upstream:track)%00%(upstream:remotename)%00%(upstream:remoteref) refs/heads/main refs/remotes/main [1ms]
2025-05-29 13:22:05.169 [info] > git for-each-ref --sort -committerdate --format %(refname)%00%(objectname)%00%(*objectname) [1ms]
2025-05-29 13:22:05.202 [info] > git status -z -uall [37ms]
2025-05-29 13:22:10.213 [info] > git config --get commit.template [4ms]
2025-05-29 13:22:10.213 [info] > git for-each-ref --format=%(refname)%00%(upstream:short)%00%(objectname)%00%(upstream:track)%00%(upstream:remotename)%00%(upstream:remoteref) refs/heads/main refs/remotes/main [1ms]
2025-05-29 13:22:10.220 [info] > git for-each-ref --sort -committerdate --format %(refname)%00%(objectname)%00%(*objectname) [1ms]
2025-05-29 13:22:10.253 [info] > git status -z -uall [36ms]
2025-05-29 13:22:15.265 [info] > git config --get commit.template [4ms]
2025-05-29 13:22:15.265 [info] > git for-each-ref --format=%(refname)%00%(upstream:short)%00%(objectname)%00%(upstream:track)%00%(upstream:remotename)%00%(upstream:remoteref) refs/heads/main refs/remotes/main [1ms]
2025-05-29 13:22:15.275 [info] > git for-each-ref --sort -committerdate --format %(refname)%00%(objectname)%00%(*objectname) [2ms]
2025-05-29 13:22:15.306 [info] > git status -z -uall [36ms]
2025-05-29 13:22:20.318 [info] > git for-each-ref --format=%(refname)%00%(upstream:short)%00%(objectname)%00%(upstream:track)%00%(upstream:remotename)%00%(upstream:remoteref) refs/heads/main refs/remotes/main [2ms]
2025-05-29 13:22:20.318 [info] > git config --get commit.template [5ms]
2025-05-29 13:22:20.337 [info] > git for-each-ref --sort -committerdate --format %(refname)%00%(objectname)%00%(*objectname) [1ms]
2025-05-29 13:22:20.371 [info] > git status -z -uall [43ms]
2025-05-29 13:22:27.380 [info] > git config --get commit.template [5ms]
2025-05-29 13:22:27.380 [info] > git for-each-ref --format=%(refname)%00%(upstream:short)%00%(objectname)%00%(upstream:track)%00%(upstream:remotename)%00%(upstream:remoteref) refs/heads/main refs/remotes/main [1ms]
2025-05-29 13:22:27.391 [info] > git for-each-ref --sort -committerdate --format %(refname)%00%(objectname)%00%(*objectname) [2ms]
2025-05-29 13:22:27.442 [info] > git status -z -uall [58ms]
2025-05-29 13:22:34.124 [info] > git config --get commit.template [12ms]
2025-05-29 13:22:34.151 [info] > git for-each-ref --format=%(refname)%00%(upstream:short)%00%(objectname)%00%(upstream:track)%00%(upstream:remotename)%00%(upstream:remoteref) refs/heads/main refs/remotes/main [2ms]
2025-05-29 13:22:34.168 [info] > git for-each-ref --sort -committerdate --format %(refname)%00%(objectname)%00%(*objectname) [1ms]
2025-05-29 13:22:34.206 [info] > git status -z -uall [48ms]
2025-05-29 13:22:39.220 [info] > git config --get commit.template [4ms]
2025-05-29 13:22:39.220 [info] > git for-each-ref --format=%(refname)%00%(upstream:short)%00%(objectname)%00%(upstream:track)%00%(upstream:remotename)%00%(upstream:remoteref) refs/heads/main refs/remotes/main [1ms]
2025-05-29 13:22:39.229 [info] > git for-each-ref --sort -committerdate --format %(refname)%00%(objectname)%00%(*objectname) [2ms]
2025-05-29 13:22:39.264 [info] > git status -z -uall [40ms]
2025-05-29 13:22:44.279 [info] > git config --get commit.template [5ms]
2025-05-29 13:22:44.280 [info] > git for-each-ref --format=%(refname)%00%(upstream:short)%00%(objectname)%00%(upstream:track)%00%(upstream:remotename)%00%(upstream:remoteref) refs/heads/main refs/remotes/main [2ms]
2025-05-29 13:22:44.289 [info] > git for-each-ref --sort -committerdate --format %(refname)%00%(objectname)%00%(*objectname) [2ms]
2025-05-29 13:22:44.325 [info] > git status -z -uall [42ms]
2025-05-29 13:23:02.380 [info] > git fetch [155ms]
2025-05-29 13:23:02.398 [info] > git config --get commit.template [6ms]
2025-05-29 13:23:02.399 [info] > git for-each-ref --format=%(refname)%00%(upstream:short)%00%(objectname)%00%(upstream:track)%00%(upstream:remotename)%00%(upstream:remoteref) refs/heads/main refs/remotes/main [2ms]
2025-05-29 13:23:02.425 [info] > git for-each-ref --sort -committerdate --format %(refname)%00%(objectname)%00%(*objectname) [18ms]
2025-05-29 13:23:02.446 [info] > git status -z -uall [42ms]
2025-05-29 13:23:04.397 [info] > git ls-files --stage -- bank_report_automation/README.md [3ms]
2025-05-29 13:23:04.401 [info] > git cat-file -s 8ad41107e08b1c7a9e0dbf8fae8a18a243fa67a6 [1ms]
2025-05-29 13:23:04.719 [info] > git show --textconv :bank_report_automation/README.md [3ms]
2025-05-29 13:23:14.457 [info] > git for-each-ref --format=%(refname)%00%(upstream:short)%00%(objectname)%00%(upstream:track)%00%(upstream:remotename)%00%(upstream:remoteref) refs/heads/main refs/remotes/main [19ms]
2025-05-29 13:23:14.457 [info] > git config --get commit.template [28ms]
2025-05-29 13:23:14.479 [info] > git for-each-ref --sort -committerdate --format %(refname)%00%(objectname)%00%(*objectname) [11ms]
2025-05-29 13:23:14.536 [info] > git status -z -uall [73ms]
2025-05-29 13:26:56.585 [info] > git fetch [120ms]
2025-05-29 13:26:56.595 [info] > git config --get commit.template [4ms]
2025-05-29 13:26:56.596 [info] > git for-each-ref --format=%(refname)%00%(upstream:short)%00%(objectname)%00%(upstream:track)%00%(upstream:remotename)%00%(upstream:remoteref) refs/heads/main refs/remotes/main [2ms]
2025-05-29 13:26:56.607 [info] > git for-each-ref --sort -committerdate --format %(refname)%00%(objectname)%00%(*objectname) [0ms]
2025-05-29 13:26:56.642 [info] > git status -z -uall [41ms]
2025-05-29 13:29:56.784 [info] > git fetch [132ms]
2025-05-29 13:29:56.793 [info] > git config --get commit.template [4ms]
2025-05-29 13:29:56.794 [info] > git for-each-ref --format=%(refname)%00%(upstream:short)%00%(objectname)%00%(upstream:track)%00%(upstream:remotename)%00%(upstream:remoteref) refs/heads/main refs/remotes/main [1ms]
2025-05-29 13:29:56.801 [info] > git for-each-ref --sort -committerdate --format %(refname)%00%(objectname)%00%(*objectname) [1ms]
2025-05-29 13:29:56.835 [info] > git status -z -uall [38ms]
2025-05-29 13:32:57.023 [info] > git fetch [171ms]
2025-05-29 13:32:57.031 [info] > git config --get commit.template [3ms]
2025-05-29 13:32:57.032 [info] > git for-each-ref --format=%(refname)%00%(upstream:short)%00%(objectname)%00%(upstream:track)%00%(upstream:remotename)%00%(upstream:remoteref) refs/heads/main refs/remotes/main [1ms]
2025-05-29 13:32:57.039 [info] > git for-each-ref --sort -committerdate --format %(refname)%00%(objectname)%00%(*objectname) [1ms]
2025-05-29 13:32:57.075 [info] > git status -z -uall [40ms]
2025-05-29 13:35:57.213 [info] > git fetch [129ms]
2025-05-29 13:35:57.220 [info] > git config --get commit.template [3ms]
2025-05-29 13:35:57.221 [info] > git for-each-ref --format=%(refname)%00%(upstream:short)%00%(objectname)%00%(upstream:track)%00%(upstream:remotename)%00%(upstream:remoteref) refs/heads/main refs/remotes/main [1ms]
2025-05-29 13:35:57.228 [info] > git for-each-ref --sort -committerdate --format %(refname)%00%(objectname)%00%(*objectname) [2ms]
2025-05-29 13:35:57.260 [info] > git status -z -uall [36ms]
2025-05-29 13:38:57.386 [info] > git fetch [116ms]
2025-05-29 13:38:57.396 [info] > git config --get commit.template [4ms]
2025-05-29 13:38:57.397 [info] > git for-each-ref --format=%(refname)%00%(upstream:short)%00%(objectname)%00%(upstream:track)%00%(upstream:remotename)%00%(upstream:remoteref) refs/heads/main refs/remotes/main [1ms]
2025-05-29 13:38:57.408 [info] > git for-each-ref --sort -committerdate --format %(refname)%00%(objectname)%00%(*objectname) [2ms]
2025-05-29 13:38:57.441 [info] > git status -z -uall [38ms]
2025-05-29 23:44:38.406 [info] > git fetch [147ms]
2025-05-29 23:44:38.414 [info] > git config --get commit.template [3ms]
2025-05-29 23:44:38.415 [info] > git for-each-ref --format=%(refname)%00%(upstream:short)%00%(objectname)%00%(upstream:track)%00%(upstream:remotename)%00%(upstream:remoteref) refs/heads/main refs/remotes/main [1ms]
2025-05-29 23:44:38.422 [info] > git for-each-ref --sort -committerdate --format %(refname)%00%(objectname)%00%(*objectname) [1ms]
2025-05-29 23:44:38.475 [info] > git status -z -uall [57ms]
2025-05-29 23:47:38.612 [info] > git fetch [129ms]
2025-05-29 23:47:38.621 [info] > git config --get commit.template [3ms]
2025-05-29 23:47:38.621 [info] > git for-each-ref --format=%(refname)%00%(upstream:short)%00%(objectname)%00%(upstream:track)%00%(upstream:remotename)%00%(upstream:remoteref) refs/heads/main refs/remotes/main [1ms]
2025-05-29 23:47:38.628 [info] > git for-each-ref --sort -committerdate --format %(refname)%00%(objectname)%00%(*objectname) [1ms]
2025-05-29 23:47:38.661 [info] > git status -z -uall [37ms]
2025-05-29 23:50:38.820 [info] > git fetch [149ms]
2025-05-29 23:50:38.831 [info] > git config --get commit.template [5ms]
2025-05-29 23:50:38.831 [info] > git for-each-ref --format=%(refname)%00%(upstream:short)%00%(objectname)%00%(upstream:track)%00%(upstream:remotename)%00%(upstream:remoteref) refs/heads/main refs/remotes/main [1ms]
2025-05-29 23:50:38.840 [info] > git for-each-ref --sort -committerdate --format %(refname)%00%(objectname)%00%(*objectname) [2ms]
2025-05-29 23:50:38.878 [info] > git status -z -uall [42ms]
2025-05-29 23:53:39.005 [info] > git fetch [120ms]
2025-05-29 23:53:39.011 [info] > git config --get commit.template [1ms]
2025-05-29 23:53:39.015 [info] > git for-each-ref --format=%(refname)%00%(upstream:short)%00%(objectname)%00%(upstream:track)%00%(upstream:remotename)%00%(upstream:remoteref) refs/heads/main refs/remotes/main [1ms]
2025-05-29 23:53:39.023 [info] > git for-each-ref --sort -committerdate --format %(refname)%00%(objectname)%00%(*objectname) [2ms]
2025-05-29 23:53:39.056 [info] > git status -z -uall [38ms]
2025-05-29 23:56:39.214 [info] > git fetch [150ms]
2025-05-29 23:56:39.222 [info] > git for-each-ref --format=%(refname)%00%(upstream:short)%00%(objectname)%00%(upstream:track)%00%(upstream:remotename)%00%(upstream:remoteref) refs/heads/main refs/remotes/main [1ms]
2025-05-29 23:56:39.222 [info] > git config --get commit.template [4ms]
2025-05-29 23:56:39.230 [info] > git for-each-ref --sort -committerdate --format %(refname)%00%(objectname)%00%(*objectname) [2ms]
2025-05-29 23:56:39.263 [info] > git status -z -uall [38ms]
