2025-05-27 05:24:24.470 [info] Extension host with pid 53544 started
2025-05-27 05:24:24.470 [error] Error: EEXIST: file already exists, open '/home/ubuntu/.local/share/code-server/User/workspaceStorage/55104b82/vscode.lock'
2025-05-27 05:24:24.470 [info] Lock '/home/ubuntu/.local/share/code-server/User/workspaceStorage/55104b82/vscode.lock': Could not acquire lock, checking if the file is stale.
2025-05-27 05:24:24.474 [info] Lock '/home/ubuntu/.local/share/code-server/User/workspaceStorage/55104b82/vscode.lock': The lock does not look stale, elapsed: 26 ms, giving up.
2025-05-27 05:24:24.480 [error] Error: EEXIST: file already exists, open '/home/ubuntu/.local/share/code-server/User/workspaceStorage/55104b82-1/vscode.lock'
2025-05-27 05:24:24.481 [info] Lock '/home/ubuntu/.local/share/code-server/User/workspaceStorage/55104b82-1/vscode.lock': Could not acquire lock, checking if the file is stale.
2025-05-27 05:24:24.481 [info] Lock '/home/ubuntu/.local/share/code-server/User/workspaceStorage/55104b82-1/vscode.lock': The lock does not look stale, elapsed: 837 ms, giving up.
2025-05-27 05:24:24.483 [info] Lock '/home/ubuntu/.local/share/code-server/User/workspaceStorage/55104b82-2/vscode.lock': Lock acquired.
2025-05-27 05:24:25.163 [info] ExtensionService#_doActivateExtension vscode.emmet, startup: false, activationEvent: 'onLanguage'
2025-05-27 05:24:25.551 [info] ExtensionService#_doActivateExtension vscode.git-base, startup: true, activationEvent: '*', root cause: vscode.git
2025-05-27 05:24:25.853 [info] ExtensionService#_doActivateExtension vscode.git, startup: true, activationEvent: '*'
2025-05-27 05:24:25.854 [info] ExtensionService#_doActivateExtension vscode.github, startup: true, activationEvent: '*'
2025-05-27 05:24:26.294 [info] Eager extensions activated
2025-05-27 05:24:26.294 [info] ExtensionService#_doActivateExtension vscode.debug-auto-launch, startup: false, activationEvent: 'onStartupFinished'
2025-05-27 05:24:26.295 [info] ExtensionService#_doActivateExtension vscode.merge-conflict, startup: false, activationEvent: 'onStartupFinished'
2025-05-27 05:24:38.388 [warning] [Decorations] CAPPING events from decorations provider vscode.git 3653
2025-05-27 05:24:39.039 [warning] [Decorations] CAPPING events from decorations provider vscode.git 3653
2025-05-27 05:24:51.858 [info] ExtensionService#_doActivateExtension vscode.npm, startup: false, activationEvent: 'onTerminalQuickFixRequest:ms-vscode.npm-command'
2025-05-27 05:24:59.030 [info] ExtensionService#_doActivateExtension vscode.configuration-editing, startup: false, activationEvent: 'onLanguage:json'
2025-05-27 05:24:59.031 [info] ExtensionService#_doActivateExtension vscode.extension-editing, startup: false, activationEvent: 'onLanguage:json'
2025-05-27 05:24:59.031 [info] ExtensionService#_doActivateExtension vscode.json-language-features, startup: false, activationEvent: 'onLanguage:json'
2025-05-27 05:25:05.272 [warning] [Decorations] CAPPING events from decorations provider vscode.git 3654
2025-05-27 05:25:11.133 [warning] [Decorations] CAPPING events from decorations provider vscode.git 3654
2025-05-27 05:25:24.714 [info] ExtensionService#_doActivateExtension vscode.github-authentication, startup: false, activationEvent: 'onAuthenticationRequest:github'
2025-05-27 05:26:13.660 [info] Extension host terminating: received terminate message from renderer
2025-05-27 05:26:13.660 [info] Lock '/home/ubuntu/.local/share/code-server/User/workspaceStorage/55104b82-2/vscode.lock': Marking the lockfile as scheduled to be released in 6000 ms.
2025-05-27 05:26:13.705 [info] Extension host with pid 53544 exiting with code 0
