2025-05-30 00:08:15.731 [info] [main] Log level: Info
2025-05-30 00:08:15.731 [info] [main] Validating found git in: "git"
2025-05-30 00:08:15.731 [info] [main] Using git "2.34.1" from "git"
2025-05-30 00:08:15.731 [info] [Model][doInitialScan] Initial repository scan started
2025-05-30 00:08:15.731 [info] > git rev-parse --show-toplevel [1ms]
2025-05-30 00:08:15.731 [info] > git rev-parse --git-dir --git-common-dir [2ms]
2025-05-30 00:08:15.731 [info] [Model][openRepository] Opened repository (path): /home/ubuntu
2025-05-30 00:08:15.731 [info] [Model][openRepository] Opened repository (real path): /home/ubuntu
2025-05-30 00:08:15.731 [info] > git config --get commit.template [3ms]
2025-05-30 00:08:15.731 [info] > git rev-parse --show-toplevel [1ms]
2025-05-30 00:08:15.731 [info] > git for-each-ref --format=%(refname)%00%(upstream:short)%00%(objectname)%00%(upstream:track)%00%(upstream:remotename)%00%(upstream:remoteref) refs/heads/main refs/remotes/main [4ms]
2025-05-30 00:08:15.731 [info] > git rev-parse --show-toplevel [11ms]
2025-05-30 00:08:15.731 [info] > git for-each-ref --sort -committerdate --format %(refname)%00%(objectname)%00%(*objectname) [5ms]
2025-05-30 00:08:15.731 [info] > git rev-parse --show-toplevel [2ms]
2025-05-30 00:08:15.731 [info] > git rev-parse --show-toplevel [0ms]
2025-05-30 00:08:15.731 [info] > git rev-parse --show-toplevel [0ms]
2025-05-30 00:08:15.731 [info] > git rev-parse --show-toplevel [2ms]
2025-05-30 00:08:15.732 [info] > git rev-parse --show-toplevel [1ms]
2025-05-30 00:08:15.732 [info] > git rev-parse --show-toplevel [1ms]
2025-05-30 00:08:15.732 [info] > git rev-parse --show-toplevel [1ms]
2025-05-30 00:08:15.732 [info] > git rev-parse --show-toplevel [1ms]
2025-05-30 00:08:15.732 [info] > git rev-parse --show-toplevel [0ms]
2025-05-30 00:08:15.732 [info] > git rev-parse --show-toplevel [1ms]
2025-05-30 00:08:15.732 [info] > git rev-parse --show-toplevel [3ms]
2025-05-30 00:08:15.732 [info] > git status -z -uall [51ms]
2025-05-30 00:08:15.732 [info] > git for-each-ref --format=%(refname)%00%(upstream:short)%00%(objectname)%00%(upstream:track)%00%(upstream:remotename)%00%(upstream:remoteref) refs/heads/main refs/remotes/main [44ms]
2025-05-30 00:08:15.732 [info] > git rev-parse --show-toplevel [71ms]
2025-05-30 00:08:15.732 [info] > git config --get commit.template [14ms]
2025-05-30 00:08:15.732 [info] > git rev-parse --show-toplevel [6ms]
2025-05-30 00:08:15.732 [info] > git config --get --local branch.main.vscode-merge-base [10ms]
2025-05-30 00:08:15.732 [warning] [Git][config] git config failed: Failed to execute git
2025-05-30 00:08:15.732 [info] > git for-each-ref --format=%(refname)%00%(upstream:short)%00%(objectname)%00%(upstream:track)%00%(upstream:remotename)%00%(upstream:remoteref) refs/heads/main refs/remotes/main [5ms]
2025-05-30 00:08:15.732 [info] > git reflog main --grep-reflog=branch: Created from *. [8ms]
2025-05-30 00:08:15.732 [info] > git rev-parse --show-toplevel [7ms]
2025-05-30 00:08:15.732 [info] [Model][doInitialScan] Initial repository scan completed - repositories (1), closed repositories (0), parent repositories (0), unsafe repositories (0)
2025-05-30 00:08:15.732 [info] > git symbolic-ref --short refs/remotes/origin/HEAD [8ms]
2025-05-30 00:08:15.732 [info] fatal: ref refs/remotes/origin/HEAD is not a symbolic ref
2025-05-30 00:08:15.732 [warning] [Repository][getDefaultBranch] Failed to get default branch details: Failed to execute git.
2025-05-30 00:08:15.732 [info] > git merge-base refs/heads/main refs/remotes/origin/main [5ms]
2025-05-30 00:08:15.732 [info] > git for-each-ref --sort -committerdate --format %(refname)%00%(objectname)%00%(*objectname) [5ms]
2025-05-30 00:08:15.732 [info] > git diff --name-status -z --diff-filter=ADMR 0c00ee7206f1a219b9613102d1b3f152799669e0...refs/remotes/origin/main [3ms]
2025-05-30 00:08:15.732 [info] > git status -z -uall [42ms]
2025-05-30 00:08:16.298 [info] > git check-ignore -v -z --stdin [6ms]
2025-05-30 00:08:16.604 [info] > git show --textconv :bank_report_ocr_backend/src/templates/index.html [4ms]
2025-05-30 00:08:16.606 [info] > git ls-files --stage -- bank_report_ocr_backend/src/templates/index.html [3ms]
2025-05-30 00:08:16.609 [info] > git cat-file -s 6f81e6df2fef919f4de2fbacb7828b165fbabb40 [1ms]
2025-05-30 00:08:17.040 [info] > git fetch [153ms]
2025-05-30 00:08:17.061 [info] > git for-each-ref --format=%(refname)%00%(upstream:short)%00%(objectname)%00%(upstream:track)%00%(upstream:remotename)%00%(upstream:remoteref) refs/heads/main refs/remotes/main [1ms]
2025-05-30 00:08:17.062 [info] > git config --get commit.template [8ms]
2025-05-30 00:08:17.072 [info] > git for-each-ref --sort -committerdate --format %(refname)%00%(objectname)%00%(*objectname) [1ms]
2025-05-30 00:08:17.110 [info] > git status -z -uall [42ms]
2025-05-30 00:09:08.671 [info] > git config --get commit.template [3ms]
2025-05-30 00:09:08.671 [info] > git for-each-ref --format=%(refname)%00%(upstream:short)%00%(objectname)%00%(upstream:track)%00%(upstream:remotename)%00%(upstream:remoteref) refs/heads/main refs/remotes/main [1ms]
2025-05-30 00:09:08.681 [info] > git for-each-ref --sort -committerdate --format %(refname)%00%(objectname)%00%(*objectname) [3ms]
2025-05-30 00:09:08.715 [info] > git status -z -uall [40ms]
2025-05-30 00:09:09.058 [info] > git ls-files --stage -- bank_report_ocr_backend/src/templates/index.html [3ms]
2025-05-30 00:09:09.063 [info] > git cat-file -s 6f81e6df2fef919f4de2fbacb7828b165fbabb40 [1ms]
2025-05-30 00:09:09.449 [info] > git show --textconv :bank_report_ocr_backend/src/templates/index.html [4ms]
2025-05-30 00:10:43.299 [info] > git config --get commit.template [3ms]
2025-05-30 00:10:43.299 [info] > git for-each-ref --format=%(refname)%00%(upstream:short)%00%(objectname)%00%(upstream:track)%00%(upstream:remotename)%00%(upstream:remoteref) refs/heads/main refs/remotes/main [1ms]
2025-05-30 00:10:43.306 [info] > git for-each-ref --sort -committerdate --format %(refname)%00%(objectname)%00%(*objectname) [1ms]
2025-05-30 00:10:43.340 [info] > git status -z -uall [38ms]
2025-05-30 00:10:46.969 [info] > git blame --root --incremental 0c00ee7206f1a219b9613102d1b3f152799669e0 -- bank_report_ocr_backend/src/templates/index.html [3ms]
2025-05-30 00:10:48.356 [info] > git config --get commit.template [4ms]
2025-05-30 00:10:48.356 [info] > git for-each-ref --format=%(refname)%00%(upstream:short)%00%(objectname)%00%(upstream:track)%00%(upstream:remotename)%00%(upstream:remoteref) refs/heads/main refs/remotes/main [1ms]
2025-05-30 00:10:48.365 [info] > git for-each-ref --sort -committerdate --format %(refname)%00%(objectname)%00%(*objectname) [2ms]
2025-05-30 00:10:48.397 [info] > git status -z -uall [37ms]
2025-05-30 00:10:49.209 [info] > git check-ignore -v -z --stdin [4ms]
2025-05-30 00:18:27.786 [info] > git config --get commit.template [4ms]
2025-05-30 00:18:27.787 [info] > git for-each-ref --format=%(refname)%00%(upstream:short)%00%(objectname)%00%(upstream:track)%00%(upstream:remotename)%00%(upstream:remoteref) refs/heads/main refs/remotes/main [2ms]
2025-05-30 00:18:27.795 [info] > git for-each-ref --sort -committerdate --format %(refname)%00%(objectname)%00%(*objectname) [2ms]
2025-05-30 00:18:27.844 [info] > git status -z -uall [53ms]
2025-05-30 00:18:27.936 [info] > git fetch [158ms]
2025-05-30 00:18:27.960 [info] > git for-each-ref --format=%(refname)%00%(upstream:short)%00%(objectname)%00%(upstream:track)%00%(upstream:remotename)%00%(upstream:remoteref) refs/heads/main refs/remotes/main [15ms]
2025-05-30 00:18:27.960 [info] > git config --get commit.template [19ms]
2025-05-30 00:18:27.967 [info] > git for-each-ref --sort -committerdate --format %(refname)%00%(objectname)%00%(*objectname) [1ms]
2025-05-30 00:18:28.003 [info] > git status -z -uall [40ms]
2025-05-30 00:18:30.028 [info] > git ls-files --stage -- bank_report_ocr_backend/src/templates/index.html [3ms]
2025-05-30 00:18:30.032 [info] > git cat-file -s 6f81e6df2fef919f4de2fbacb7828b165fbabb40 [1ms]
2025-05-30 00:18:30.447 [info] > git show --textconv :bank_report_ocr_backend/src/templates/index.html [4ms]
2025-05-30 00:22:13.012 [info] > git config --get commit.template [5ms]
2025-05-30 00:22:13.012 [info] > git for-each-ref --format=%(refname)%00%(upstream:short)%00%(objectname)%00%(upstream:track)%00%(upstream:remotename)%00%(upstream:remoteref) refs/heads/main refs/remotes/main [1ms]
2025-05-30 00:22:13.026 [info] > git for-each-ref --sort -committerdate --format %(refname)%00%(objectname)%00%(*objectname) [1ms]
2025-05-30 00:22:13.061 [info] > git status -z -uall [43ms]
2025-05-30 00:22:13.114 [info] > git fetch [114ms]
2025-05-30 00:22:13.123 [info] > git config --get commit.template [4ms]
2025-05-30 00:22:13.123 [info] > git for-each-ref --format=%(refname)%00%(upstream:short)%00%(objectname)%00%(upstream:track)%00%(upstream:remotename)%00%(upstream:remoteref) refs/heads/main refs/remotes/main [1ms]
2025-05-30 00:22:13.131 [info] > git for-each-ref --sort -committerdate --format %(refname)%00%(objectname)%00%(*objectname) [2ms]
2025-05-30 00:22:13.178 [info] > git status -z -uall [52ms]
2025-05-30 00:22:15.217 [info] > git ls-files --stage -- bank_report_ocr_backend/src/templates/index.html [3ms]
2025-05-30 00:22:15.220 [info] > git cat-file -s 6f81e6df2fef919f4de2fbacb7828b165fbabb40 [1ms]
2025-05-30 00:22:15.625 [info] > git show --textconv :bank_report_ocr_backend/src/templates/index.html [4ms]
2025-05-30 00:22:30.301 [info] > git config --get commit.template [5ms]
2025-05-30 00:22:30.301 [info] > git for-each-ref --format=%(refname)%00%(upstream:short)%00%(objectname)%00%(upstream:track)%00%(upstream:remotename)%00%(upstream:remoteref) refs/heads/main refs/remotes/main [1ms]
2025-05-30 00:22:30.309 [info] > git for-each-ref --sort -committerdate --format %(refname)%00%(objectname)%00%(*objectname) [1ms]
2025-05-30 00:22:30.345 [info] > git status -z -uall [39ms]
2025-05-30 00:22:35.359 [info] > git config --get commit.template [6ms]
2025-05-30 00:22:35.360 [info] > git for-each-ref --format=%(refname)%00%(upstream:short)%00%(objectname)%00%(upstream:track)%00%(upstream:remotename)%00%(upstream:remoteref) refs/heads/main refs/remotes/main [2ms]
2025-05-30 00:22:35.371 [info] > git for-each-ref --sort -committerdate --format %(refname)%00%(objectname)%00%(*objectname) [1ms]
2025-05-30 00:22:35.405 [info] > git status -z -uall [40ms]
2025-05-30 00:22:44.927 [info] > git config --get commit.template [6ms]
2025-05-30 00:22:44.928 [info] > git for-each-ref --format=%(refname)%00%(upstream:short)%00%(objectname)%00%(upstream:track)%00%(upstream:remotename)%00%(upstream:remoteref) refs/heads/main refs/remotes/main [3ms]
2025-05-30 00:22:44.942 [info] > git for-each-ref --sort -committerdate --format %(refname)%00%(objectname)%00%(*objectname) [4ms]
2025-05-30 00:22:44.988 [info] > git status -z -uall [55ms]
2025-05-30 00:26:11.865 [info] > git fetch [144ms]
2025-05-30 00:26:11.872 [info] > git config --get commit.template [1ms]
2025-05-30 00:26:11.891 [info] > git for-each-ref --format=%(refname)%00%(upstream:short)%00%(objectname)%00%(upstream:track)%00%(upstream:remotename)%00%(upstream:remoteref) refs/heads/main refs/remotes/main [1ms]
2025-05-30 00:26:11.908 [info] > git for-each-ref --sort -committerdate --format %(refname)%00%(objectname)%00%(*objectname) [4ms]
2025-05-30 00:26:11.934 [info] > git status -z -uall [35ms]
2025-05-30 00:29:12.051 [info] > git fetch [108ms]
2025-05-30 00:29:12.058 [info] > git config --get commit.template [3ms]
2025-05-30 00:29:12.058 [info] > git for-each-ref --format=%(refname)%00%(upstream:short)%00%(objectname)%00%(upstream:track)%00%(upstream:remotename)%00%(upstream:remoteref) refs/heads/main refs/remotes/main [1ms]
2025-05-30 00:29:12.065 [info] > git for-each-ref --sort -committerdate --format %(refname)%00%(objectname)%00%(*objectname) [2ms]
2025-05-30 00:29:12.096 [info] > git status -z -uall [35ms]
2025-05-30 00:32:12.213 [info] > git fetch [110ms]
2025-05-30 00:32:12.218 [info] > git config --get commit.template [1ms]
2025-05-30 00:32:12.222 [info] > git for-each-ref --format=%(refname)%00%(upstream:short)%00%(objectname)%00%(upstream:track)%00%(upstream:remotename)%00%(upstream:remoteref) refs/heads/main refs/remotes/main [2ms]
2025-05-30 00:32:12.228 [info] > git for-each-ref --sort -committerdate --format %(refname)%00%(objectname)%00%(*objectname) [1ms]
2025-05-30 00:32:12.261 [info] > git status -z -uall [37ms]
2025-05-30 00:35:12.386 [info] > git fetch [117ms]
2025-05-30 00:35:12.393 [info] > git config --get commit.template [3ms]
2025-05-30 00:35:12.394 [info] > git for-each-ref --format=%(refname)%00%(upstream:short)%00%(objectname)%00%(upstream:track)%00%(upstream:remotename)%00%(upstream:remoteref) refs/heads/main refs/remotes/main [1ms]
2025-05-30 00:35:12.401 [info] > git for-each-ref --sort -committerdate --format %(refname)%00%(objectname)%00%(*objectname) [1ms]
2025-05-30 00:35:12.434 [info] > git status -z -uall [37ms]
2025-05-30 00:38:12.591 [info] > git fetch [149ms]
2025-05-30 00:38:12.598 [info] > git config --get commit.template [3ms]
2025-05-30 00:38:12.599 [info] > git for-each-ref --format=%(refname)%00%(upstream:short)%00%(objectname)%00%(upstream:track)%00%(upstream:remotename)%00%(upstream:remoteref) refs/heads/main refs/remotes/main [1ms]
2025-05-30 00:38:12.605 [info] > git for-each-ref --sort -committerdate --format %(refname)%00%(objectname)%00%(*objectname) [1ms]
2025-05-30 00:38:12.637 [info] > git status -z -uall [36ms]
2025-05-30 02:18:13.165 [info] > git fetch [140ms]
2025-05-30 02:18:13.170 [info] > git config --get commit.template [1ms]
2025-05-30 02:18:13.174 [info] > git for-each-ref --format=%(refname)%00%(upstream:short)%00%(objectname)%00%(upstream:track)%00%(upstream:remotename)%00%(upstream:remoteref) refs/heads/main refs/remotes/main [1ms]
2025-05-30 02:18:13.181 [info] > git for-each-ref --sort -committerdate --format %(refname)%00%(objectname)%00%(*objectname) [0ms]
2025-05-30 02:18:13.215 [info] > git status -z -uall [38ms]
2025-05-30 02:21:13.349 [info] > git fetch [125ms]
2025-05-30 02:21:13.356 [info] > git config --get commit.template [3ms]
2025-05-30 02:21:13.357 [info] > git for-each-ref --format=%(refname)%00%(upstream:short)%00%(objectname)%00%(upstream:track)%00%(upstream:remotename)%00%(upstream:remoteref) refs/heads/main refs/remotes/main [1ms]
2025-05-30 02:21:13.363 [info] > git for-each-ref --sort -committerdate --format %(refname)%00%(objectname)%00%(*objectname) [1ms]
2025-05-30 02:21:13.397 [info] > git status -z -uall [38ms]
2025-05-30 02:24:13.556 [info] > git fetch [150ms]
2025-05-30 02:24:13.563 [info] > git config --get commit.template [3ms]
2025-05-30 02:24:13.564 [info] > git for-each-ref --format=%(refname)%00%(upstream:short)%00%(objectname)%00%(upstream:track)%00%(upstream:remotename)%00%(upstream:remoteref) refs/heads/main refs/remotes/main [1ms]
2025-05-30 02:24:13.572 [info] > git for-each-ref --sort -committerdate --format %(refname)%00%(objectname)%00%(*objectname) [2ms]
2025-05-30 02:24:13.604 [info] > git status -z -uall [37ms]
2025-05-30 02:27:13.760 [info] > git fetch [147ms]
2025-05-30 02:27:13.768 [info] > git config --get commit.template [3ms]
2025-05-30 02:27:13.768 [info] > git for-each-ref --format=%(refname)%00%(upstream:short)%00%(objectname)%00%(upstream:track)%00%(upstream:remotename)%00%(upstream:remoteref) refs/heads/main refs/remotes/main [1ms]
2025-05-30 02:27:13.775 [info] > git for-each-ref --sort -committerdate --format %(refname)%00%(objectname)%00%(*objectname) [1ms]
2025-05-30 02:27:13.809 [info] > git status -z -uall [38ms]
2025-05-30 02:30:13.947 [info] > git fetch [129ms]
2025-05-30 02:30:13.955 [info] > git config --get commit.template [4ms]
2025-05-30 02:30:13.955 [info] > git for-each-ref --format=%(refname)%00%(upstream:short)%00%(objectname)%00%(upstream:track)%00%(upstream:remotename)%00%(upstream:remoteref) refs/heads/main refs/remotes/main [1ms]
2025-05-30 02:30:13.962 [info] > git for-each-ref --sort -committerdate --format %(refname)%00%(objectname)%00%(*objectname) [2ms]
2025-05-30 02:30:13.997 [info] > git status -z -uall [39ms]
2025-05-30 02:56:37.750 [info] > git fetch [113ms]
2025-05-30 02:56:37.757 [info] > git config --get commit.template [3ms]
2025-05-30 02:56:37.758 [info] > git for-each-ref --format=%(refname)%00%(upstream:short)%00%(objectname)%00%(upstream:track)%00%(upstream:remotename)%00%(upstream:remoteref) refs/heads/main refs/remotes/main [1ms]
2025-05-30 02:56:37.765 [info] > git for-each-ref --sort -committerdate --format %(refname)%00%(objectname)%00%(*objectname) [2ms]
2025-05-30 02:56:37.799 [info] > git status -z -uall [38ms]
