2025-05-27 04:00:42.658 [info] Reading sessions from keychain...
2025-05-27 04:00:42.658 [info] Getting sessions for all scopes...
2025-05-27 04:00:42.658 [info] Getting sessions for all scopes...
2025-05-27 04:00:42.658 [info] Got 0 sessions for ...
2025-05-27 04:00:42.658 [info] Got 0 sessions for ...
2025-05-27 04:00:42.980 [info] Getting sessions for read:user,repo,user:email,workflow...
2025-05-27 04:00:42.980 [info] Got 0 sessions for read:user,repo,user:email,workflow...
2025-05-27 04:04:31.675 [info] Getting sessions for read:user,repo,user:email,workflow...
2025-05-27 04:04:31.675 [info] Got 0 sessions for read:user,repo,user:email,workflow...
2025-05-27 04:11:39.586 [info] Getting sessions for read:user,repo,user:email,workflow...
2025-05-27 04:11:39.586 [info] Got 0 sessions for read:user,repo,user:email,workflow...
2025-05-27 04:11:48.701 [info] Logging in with 'any' account...
2025-05-27 04:11:48.702 [info] Logging in for the following scopes: read:user repo user:email workflow
2025-05-27 04:11:49.342 [info] Trying device code flow... (read:user repo user:email workflow)
2025-05-27 04:12:28.560 [info] Getting user info...
2025-05-27 04:12:29.052 [info] Got account info!
2025-05-27 04:12:29.053 [info] Storing 1 sessions...
2025-05-27 04:12:29.351 [info] Reading sessions from keychain...
2025-05-27 04:12:29.351 [info] Stored 1 sessions!
2025-05-27 04:12:29.352 [info] Login success!
2025-05-27 04:12:29.656 [info] Got stored sessions!
2025-05-27 04:12:29.729 [info] Got 1 verified sessions.
2025-05-27 04:12:30.438 [info] Getting sessions for read:user,repo,user:email,workflow...
2025-05-27 04:12:30.439 [info] Got 1 sessions for read:user,repo,user:email,workflow...
2025-05-27 04:14:46.244 [info] Getting sessions for read:user,repo,user:email,workflow...
2025-05-27 04:14:46.244 [info] Got 1 sessions for read:user,repo,user:email,workflow...
2025-05-27 04:14:47.623 [info] Getting sessions for read:user,repo,user:email,workflow...
2025-05-27 04:14:47.623 [info] Got 1 sessions for read:user,repo,user:email,workflow...
2025-05-27 04:14:48.455 [info] Getting sessions for read:user,repo,user:email,workflow...
2025-05-27 04:14:48.455 [info] Got 1 sessions for read:user,repo,user:email,workflow...
2025-05-27 04:14:54.868 [info] Getting sessions for read:user,repo,user:email,workflow...
2025-05-27 04:14:54.868 [info] Got 1 sessions for read:user,repo,user:email,workflow...
